CRITICAL - 2020-10-28 11:33:29 --> Unable to connect to the database.
#0 C:\xampp\htdocs\mitra-nutrilo\vendor\codeigniter4\framework\system\Database\BaseConnection.php(646): CodeIgniter\Database\BaseConnection->initialize()
#1 C:\xampp\htdocs\mitra-nutrilo\vendor\codeigniter4\framework\system\Database\BaseBuilder.php(2019): CodeIgniter\Database\BaseConnection->query('SELECT *\nFROM `...', Array, false)
#2 C:\xampp\htdocs\mitra-nutrilo\vendor\codeigniter4\framework\system\Model.php(1818): CodeIgniter\Database\BaseBuilder->getWhere(Array)
#3 C:\xampp\htdocs\mitra-nutrilo\app\Models\Admin\User_model.php(18): CodeIgniter\Model->__call('getWhere', Array)
#4 C:\xampp\htdocs\mitra-nutrilo\app\Controllers\Admin\Login.php(33): App\Models\Admin\User_model->getUserByUsername('admin')
#5 C:\xampp\htdocs\mitra-nutrilo\vendor\codeigniter4\framework\system\CodeIgniter.php(918): App\Controllers\Admin\Login->login_validation()
#6 C:\xampp\htdocs\mitra-nutrilo\vendor\codeigniter4\framework\system\CodeIgniter.php(404): CodeIgniter\CodeIgniter->runController(Object(App\Controllers\Admin\Login))
#7 C:\xampp\htdocs\mitra-nutrilo\vendor\codeigniter4\framework\system\CodeIgniter.php(312): CodeIgniter\CodeIgniter->handleRequest(NULL, Object(Config\Cache), false)
#8 C:\xampp\htdocs\mitra-nutrilo\public\index.php(45): CodeIgniter\CodeIgniter->run()
#9 C:\xampp\htdocs\mitra-nutrilo\vendor\codeigniter4\framework\system\Commands\Server\rewrite.php(34): require_once('C:\\xampp\\htdocs...')
#10 {main}
CRITICAL - 2020-10-28 13:09:20 --> Call to a member function getResult() on array
#0 C:\xampp\htdocs\internal-nutrilo\vendor\codeigniter4\framework\system\CodeIgniter.php(918): App\Controllers\Admin\Menu->index()
#1 C:\xampp\htdocs\internal-nutrilo\vendor\codeigniter4\framework\system\CodeIgniter.php(404): CodeIgniter\CodeIgniter->runController(Object(App\Controllers\Admin\Menu))
#2 C:\xampp\htdocs\internal-nutrilo\vendor\codeigniter4\framework\system\CodeIgniter.php(312): CodeIgniter\CodeIgniter->handleRequest(NULL, Object(Config\Cache), false)
#3 C:\xampp\htdocs\internal-nutrilo\public\index.php(45): CodeIgniter\CodeIgniter->run()
#4 C:\xampp\htdocs\internal-nutrilo\vendor\codeigniter4\framework\system\Commands\Server\rewrite.php(34): require_once('C:\\xampp\\htdocs...')
#5 {main}
CRITICAL - 2020-10-28 13:15:23 --> syntax error, unexpected ';'
#0 C:\xampp\htdocs\internal-nutrilo\vendor\codeigniter4\framework\system\Common.php(1119): CodeIgniter\View\View->render('Admin/Menu_view', Array, true)
#1 C:\xampp\htdocs\internal-nutrilo\app\Controllers\Admin\Menu.php(34): view('Admin/Menu_view', Array)
#2 C:\xampp\htdocs\internal-nutrilo\vendor\codeigniter4\framework\system\CodeIgniter.php(918): App\Controllers\Admin\Menu->index()
#3 C:\xampp\htdocs\internal-nutrilo\vendor\codeigniter4\framework\system\CodeIgniter.php(404): CodeIgniter\CodeIgniter->runController(Object(App\Controllers\Admin\Menu))
#4 C:\xampp\htdocs\internal-nutrilo\vendor\codeigniter4\framework\system\CodeIgniter.php(312): CodeIgniter\CodeIgniter->handleRequest(NULL, Object(Config\Cache), false)
#5 C:\xampp\htdocs\internal-nutrilo\public\index.php(45): CodeIgniter\CodeIgniter->run()
#6 C:\xampp\htdocs\internal-nutrilo\vendor\codeigniter4\framework\system\Commands\Server\rewrite.php(34): require_once('C:\\xampp\\htdocs...')
#7 {main}
CRITICAL - 2020-10-28 13:17:16 --> Class 'App\Controllers\Admin\Catering_order_batch_model' not found
#0 C:\xampp\htdocs\internal-nutrilo\vendor\codeigniter4\framework\system\CodeIgniter.php(918): App\Controllers\Admin\Menu->index()
#1 C:\xampp\htdocs\internal-nutrilo\vendor\codeigniter4\framework\system\CodeIgniter.php(404): CodeIgniter\CodeIgniter->runController(Object(App\Controllers\Admin\Menu))
#2 C:\xampp\htdocs\internal-nutrilo\vendor\codeigniter4\framework\system\CodeIgniter.php(312): CodeIgniter\CodeIgniter->handleRequest(NULL, Object(Config\Cache), false)
#3 C:\xampp\htdocs\internal-nutrilo\public\index.php(45): CodeIgniter\CodeIgniter->run()
#4 C:\xampp\htdocs\internal-nutrilo\vendor\codeigniter4\framework\system\Commands\Server\rewrite.php(34): require_once('C:\\xampp\\htdocs...')
#5 {main}
CRITICAL - 2020-10-28 13:17:44 --> Declaration of App\Models\Admin\Catering_order_batch_model::updateBatch($data, $id) should be compatible with CodeIgniter\Model::updateBatch(?array $set = NULL, ?string $index = NULL, int $batchSize = 100, bool $returnSQL = false)
#0 C:\xampp\htdocs\internal-nutrilo\vendor\codeigniter4\framework\system\Autoloader\Autoloader.php(365): CodeIgniter\Debug\Exceptions->errorHandler(2, 'Declaration of ...', 'C:\\xampp\\htdocs...', 39, Array)
#1 C:\xampp\htdocs\internal-nutrilo\vendor\codeigniter4\framework\system\Autoloader\Autoloader.php(365): require_once()
#2 C:\xampp\htdocs\internal-nutrilo\vendor\codeigniter4\framework\system\Autoloader\Autoloader.php(296): CodeIgniter\Autoloader\Autoloader->requireFile('C:\\xampp\\htdocs...')
#3 C:\xampp\htdocs\internal-nutrilo\vendor\codeigniter4\framework\system\Autoloader\Autoloader.php(258): CodeIgniter\Autoloader\Autoloader->loadInNamespace('App\\Models\\Admi...')
#4 [internal function]: CodeIgniter\Autoloader\Autoloader->loadClass('App\\Models\\Admi...')
#5 C:\xampp\htdocs\internal-nutrilo\app\Controllers\Admin\Menu.php(27): spl_autoload_call('App\\Models\\Admi...')
#6 C:\xampp\htdocs\internal-nutrilo\vendor\codeigniter4\framework\system\CodeIgniter.php(918): App\Controllers\Admin\Menu->index()
#7 C:\xampp\htdocs\internal-nutrilo\vendor\codeigniter4\framework\system\CodeIgniter.php(404): CodeIgniter\CodeIgniter->runController(Object(App\Controllers\Admin\Menu))
#8 C:\xampp\htdocs\internal-nutrilo\vendor\codeigniter4\framework\system\CodeIgniter.php(312): CodeIgniter\CodeIgniter->handleRequest(NULL, Object(Config\Cache), false)
#9 C:\xampp\htdocs\internal-nutrilo\public\index.php(45): CodeIgniter\CodeIgniter->run()
#10 C:\xampp\htdocs\internal-nutrilo\vendor\codeigniter4\framework\system\Commands\Server\rewrite.php(34): require_once('C:\\xampp\\htdocs...')
#11 {main}
CRITICAL - 2020-10-28 13:18:00 --> Declaration of App\Models\Admin\Catering_order_batch_model::updateBatch($data, $id) should be compatible with CodeIgniter\Model::updateBatch(?array $set = NULL, ?string $index = NULL, int $batchSize = 100, bool $returnSQL = false)
#0 C:\xampp\htdocs\internal-nutrilo\vendor\codeigniter4\framework\system\Autoloader\Autoloader.php(365): CodeIgniter\Debug\Exceptions->errorHandler(2, 'Declaration of ...', 'C:\\xampp\\htdocs...', 39, Array)
#1 C:\xampp\htdocs\internal-nutrilo\vendor\codeigniter4\framework\system\Autoloader\Autoloader.php(365): require_once()
#2 C:\xampp\htdocs\internal-nutrilo\vendor\codeigniter4\framework\system\Autoloader\Autoloader.php(296): CodeIgniter\Autoloader\Autoloader->requireFile('C:\\xampp\\htdocs...')
#3 C:\xampp\htdocs\internal-nutrilo\vendor\codeigniter4\framework\system\Autoloader\Autoloader.php(258): CodeIgniter\Autoloader\Autoloader->loadInNamespace('App\\Models\\Admi...')
#4 [internal function]: CodeIgniter\Autoloader\Autoloader->loadClass('App\\Models\\Admi...')
#5 C:\xampp\htdocs\internal-nutrilo\app\Controllers\Admin\Menu.php(27): spl_autoload_call('App\\Models\\Admi...')
#6 C:\xampp\htdocs\internal-nutrilo\vendor\codeigniter4\framework\system\CodeIgniter.php(918): App\Controllers\Admin\Menu->index()
#7 C:\xampp\htdocs\internal-nutrilo\vendor\codeigniter4\framework\system\CodeIgniter.php(404): CodeIgniter\CodeIgniter->runController(Object(App\Controllers\Admin\Menu))
#8 C:\xampp\htdocs\internal-nutrilo\vendor\codeigniter4\framework\system\CodeIgniter.php(312): CodeIgniter\CodeIgniter->handleRequest(NULL, Object(Config\Cache), false)
#9 C:\xampp\htdocs\internal-nutrilo\public\index.php(45): CodeIgniter\CodeIgniter->run()
#10 C:\xampp\htdocs\internal-nutrilo\vendor\codeigniter4\framework\system\Commands\Server\rewrite.php(34): require_once('C:\\xampp\\htdocs...')
#11 {main}
CRITICAL - 2020-10-28 13:18:01 --> Declaration of App\Models\Admin\Catering_order_batch_model::updateBatch($data, $id) should be compatible with CodeIgniter\Model::updateBatch(?array $set = NULL, ?string $index = NULL, int $batchSize = 100, bool $returnSQL = false)
#0 C:\xampp\htdocs\internal-nutrilo\vendor\codeigniter4\framework\system\Autoloader\Autoloader.php(365): CodeIgniter\Debug\Exceptions->errorHandler(2, 'Declaration of ...', 'C:\\xampp\\htdocs...', 39, Array)
#1 C:\xampp\htdocs\internal-nutrilo\vendor\codeigniter4\framework\system\Autoloader\Autoloader.php(365): require_once()
#2 C:\xampp\htdocs\internal-nutrilo\vendor\codeigniter4\framework\system\Autoloader\Autoloader.php(296): CodeIgniter\Autoloader\Autoloader->requireFile('C:\\xampp\\htdocs...')
#3 C:\xampp\htdocs\internal-nutrilo\vendor\codeigniter4\framework\system\Autoloader\Autoloader.php(258): CodeIgniter\Autoloader\Autoloader->loadInNamespace('App\\Models\\Admi...')
#4 [internal function]: CodeIgniter\Autoloader\Autoloader->loadClass('App\\Models\\Admi...')
#5 C:\xampp\htdocs\internal-nutrilo\app\Controllers\Admin\Menu.php(27): spl_autoload_call('App\\Models\\Admi...')
#6 C:\xampp\htdocs\internal-nutrilo\vendor\codeigniter4\framework\system\CodeIgniter.php(918): App\Controllers\Admin\Menu->index()
#7 C:\xampp\htdocs\internal-nutrilo\vendor\codeigniter4\framework\system\CodeIgniter.php(404): CodeIgniter\CodeIgniter->runController(Object(App\Controllers\Admin\Menu))
#8 C:\xampp\htdocs\internal-nutrilo\vendor\codeigniter4\framework\system\CodeIgniter.php(312): CodeIgniter\CodeIgniter->handleRequest(NULL, Object(Config\Cache), false)
#9 C:\xampp\htdocs\internal-nutrilo\public\index.php(45): CodeIgniter\CodeIgniter->run()
#10 C:\xampp\htdocs\internal-nutrilo\vendor\codeigniter4\framework\system\Commands\Server\rewrite.php(34): require_once('C:\\xampp\\htdocs...')
#11 {main}
CRITICAL - 2020-10-28 13:18:55 --> Declaration of App\Models\Admin\Catering_order_batch_model::updateBatch($data, $id) should be compatible with CodeIgniter\Model::updateBatch(?array $set = NULL, ?string $index = NULL, int $batchSize = 100, bool $returnSQL = false)
#0 C:\xampp\htdocs\internal-nutrilo\vendor\codeigniter4\framework\system\Autoloader\Autoloader.php(365): CodeIgniter\Debug\Exceptions->errorHandler(2, 'Declaration of ...', 'C:\\xampp\\htdocs...', 39, Array)
#1 C:\xampp\htdocs\internal-nutrilo\vendor\codeigniter4\framework\system\Autoloader\Autoloader.php(365): require_once()
#2 C:\xampp\htdocs\internal-nutrilo\vendor\codeigniter4\framework\system\Autoloader\Autoloader.php(296): CodeIgniter\Autoloader\Autoloader->requireFile('C:\\xampp\\htdocs...')
#3 C:\xampp\htdocs\internal-nutrilo\vendor\codeigniter4\framework\system\Autoloader\Autoloader.php(258): CodeIgniter\Autoloader\Autoloader->loadInNamespace('App\\Models\\Admi...')
#4 [internal function]: CodeIgniter\Autoloader\Autoloader->loadClass('App\\Models\\Admi...')
#5 C:\xampp\htdocs\internal-nutrilo\app\Controllers\Admin\Menu.php(27): spl_autoload_call('App\\Models\\Admi...')
#6 C:\xampp\htdocs\internal-nutrilo\vendor\codeigniter4\framework\system\CodeIgniter.php(918): App\Controllers\Admin\Menu->index()
#7 C:\xampp\htdocs\internal-nutrilo\vendor\codeigniter4\framework\system\CodeIgniter.php(404): CodeIgniter\CodeIgniter->runController(Object(App\Controllers\Admin\Menu))
#8 C:\xampp\htdocs\internal-nutrilo\vendor\codeigniter4\framework\system\CodeIgniter.php(312): CodeIgniter\CodeIgniter->handleRequest(NULL, Object(Config\Cache), false)
#9 C:\xampp\htdocs\internal-nutrilo\public\index.php(45): CodeIgniter\CodeIgniter->run()
#10 C:\xampp\htdocs\internal-nutrilo\vendor\codeigniter4\framework\system\Commands\Server\rewrite.php(34): require_once('C:\\xampp\\htdocs...')
#11 {main}
CRITICAL - 2020-10-28 13:18:56 --> Declaration of App\Models\Admin\Catering_order_batch_model::updateBatch($data, $id) should be compatible with CodeIgniter\Model::updateBatch(?array $set = NULL, ?string $index = NULL, int $batchSize = 100, bool $returnSQL = false)
#0 C:\xampp\htdocs\internal-nutrilo\vendor\codeigniter4\framework\system\Autoloader\Autoloader.php(365): CodeIgniter\Debug\Exceptions->errorHandler(2, 'Declaration of ...', 'C:\\xampp\\htdocs...', 39, Array)
#1 C:\xampp\htdocs\internal-nutrilo\vendor\codeigniter4\framework\system\Autoloader\Autoloader.php(365): require_once()
#2 C:\xampp\htdocs\internal-nutrilo\vendor\codeigniter4\framework\system\Autoloader\Autoloader.php(296): CodeIgniter\Autoloader\Autoloader->requireFile('C:\\xampp\\htdocs...')
#3 C:\xampp\htdocs\internal-nutrilo\vendor\codeigniter4\framework\system\Autoloader\Autoloader.php(258): CodeIgniter\Autoloader\Autoloader->loadInNamespace('App\\Models\\Admi...')
#4 [internal function]: CodeIgniter\Autoloader\Autoloader->loadClass('App\\Models\\Admi...')
#5 C:\xampp\htdocs\internal-nutrilo\app\Controllers\Admin\Menu.php(27): spl_autoload_call('App\\Models\\Admi...')
#6 C:\xampp\htdocs\internal-nutrilo\vendor\codeigniter4\framework\system\CodeIgniter.php(918): App\Controllers\Admin\Menu->index()
#7 C:\xampp\htdocs\internal-nutrilo\vendor\codeigniter4\framework\system\CodeIgniter.php(404): CodeIgniter\CodeIgniter->runController(Object(App\Controllers\Admin\Menu))
#8 C:\xampp\htdocs\internal-nutrilo\vendor\codeigniter4\framework\system\CodeIgniter.php(312): CodeIgniter\CodeIgniter->handleRequest(NULL, Object(Config\Cache), false)
#9 C:\xampp\htdocs\internal-nutrilo\public\index.php(45): CodeIgniter\CodeIgniter->run()
#10 C:\xampp\htdocs\internal-nutrilo\vendor\codeigniter4\framework\system\Commands\Server\rewrite.php(34): require_once('C:\\xampp\\htdocs...')
#11 {main}
CRITICAL - 2020-10-28 13:20:04 --> Class '0' not found
#0 [internal function]: CodeIgniter\Debug\Exceptions->shutdownHandler()
#1 {main}
CRITICAL - 2020-10-28 13:28:42 --> Cannot use object of type CodeIgniter\Database\MySQLi\Result as array
#0 C:\xampp\htdocs\internal-nutrilo\vendor\codeigniter4\framework\system\CodeIgniter.php(918): App\Controllers\Admin\Menu->index()
#1 C:\xampp\htdocs\internal-nutrilo\vendor\codeigniter4\framework\system\CodeIgniter.php(404): CodeIgniter\CodeIgniter->runController(Object(App\Controllers\Admin\Menu))
#2 C:\xampp\htdocs\internal-nutrilo\vendor\codeigniter4\framework\system\CodeIgniter.php(312): CodeIgniter\CodeIgniter->handleRequest(NULL, Object(Config\Cache), false)
#3 C:\xampp\htdocs\internal-nutrilo\public\index.php(45): CodeIgniter\CodeIgniter->run()
#4 C:\xampp\htdocs\internal-nutrilo\vendor\codeigniter4\framework\system\Commands\Server\rewrite.php(34): require_once('C:\\xampp\\htdocs...')
#5 {main}
CRITICAL - 2020-10-28 13:36:11 --> syntax error, unexpected ';', expecting ')'
#0 C:\xampp\htdocs\internal-nutrilo\vendor\codeigniter4\framework\system\Autoloader\Autoloader.php(296): CodeIgniter\Autoloader\Autoloader->requireFile('C:\\xampp\\htdocs...')
#1 C:\xampp\htdocs\internal-nutrilo\vendor\codeigniter4\framework\system\Autoloader\Autoloader.php(258): CodeIgniter\Autoloader\Autoloader->loadInNamespace('App\\Controllers...')
#2 [internal function]: CodeIgniter\Autoloader\Autoloader->loadClass('App\\Controllers...')
#3 [internal function]: spl_autoload_call('App\\Controllers...')
#4 C:\xampp\htdocs\internal-nutrilo\vendor\codeigniter4\framework\system\CodeIgniter.php(869): class_exists('\\App\\Controller...', true)
#5 C:\xampp\htdocs\internal-nutrilo\vendor\codeigniter4\framework\system\CodeIgniter.php(394): CodeIgniter\CodeIgniter->startController()
#6 C:\xampp\htdocs\internal-nutrilo\vendor\codeigniter4\framework\system\CodeIgniter.php(312): CodeIgniter\CodeIgniter->handleRequest(NULL, Object(Config\Cache), false)
#7 C:\xampp\htdocs\internal-nutrilo\public\index.php(45): CodeIgniter\CodeIgniter->run()
#8 C:\xampp\htdocs\internal-nutrilo\vendor\codeigniter4\framework\system\Commands\Server\rewrite.php(34): require_once('C:\\xampp\\htdocs...')
#9 {main}
CRITICAL - 2020-10-28 13:36:29 --> syntax error, unexpected '?>'
#0 C:\xampp\htdocs\internal-nutrilo\vendor\codeigniter4\framework\system\Common.php(1119): CodeIgniter\View\View->render('Admin/Menu_view', Array, true)
#1 C:\xampp\htdocs\internal-nutrilo\app\Controllers\Admin\Menu.php(42): view('Admin/Menu_view', Array)
#2 C:\xampp\htdocs\internal-nutrilo\vendor\codeigniter4\framework\system\CodeIgniter.php(918): App\Controllers\Admin\Menu->index()
#3 C:\xampp\htdocs\internal-nutrilo\vendor\codeigniter4\framework\system\CodeIgniter.php(404): CodeIgniter\CodeIgniter->runController(Object(App\Controllers\Admin\Menu))
#4 C:\xampp\htdocs\internal-nutrilo\vendor\codeigniter4\framework\system\CodeIgniter.php(312): CodeIgniter\CodeIgniter->handleRequest(NULL, Object(Config\Cache), false)
#5 C:\xampp\htdocs\internal-nutrilo\public\index.php(45): CodeIgniter\CodeIgniter->run()
#6 C:\xampp\htdocs\internal-nutrilo\vendor\codeigniter4\framework\system\Commands\Server\rewrite.php(34): require_once('C:\\xampp\\htdocs...')
#7 {main}
CRITICAL - 2020-10-28 13:39:22 --> Call to a member function getResult() on array
#0 C:\xampp\htdocs\internal-nutrilo\vendor\codeigniter4\framework\system\CodeIgniter.php(918): App\Controllers\Admin\Menu->index()
#1 C:\xampp\htdocs\internal-nutrilo\vendor\codeigniter4\framework\system\CodeIgniter.php(404): CodeIgniter\CodeIgniter->runController(Object(App\Controllers\Admin\Menu))
#2 C:\xampp\htdocs\internal-nutrilo\vendor\codeigniter4\framework\system\CodeIgniter.php(312): CodeIgniter\CodeIgniter->handleRequest(NULL, Object(Config\Cache), false)
#3 C:\xampp\htdocs\internal-nutrilo\public\index.php(45): CodeIgniter\CodeIgniter->run()
#4 C:\xampp\htdocs\internal-nutrilo\vendor\codeigniter4\framework\system\Commands\Server\rewrite.php(34): require_once('C:\\xampp\\htdocs...')
#5 {main}
CRITICAL - 2020-10-28 13:40:36 --> syntax error, unexpected 'echo' (T_ECHO)
#0 C:\xampp\htdocs\internal-nutrilo\vendor\codeigniter4\framework\system\Common.php(1119): CodeIgniter\View\View->render('Admin/Menu_view', Array, true)
#1 C:\xampp\htdocs\internal-nutrilo\app\Controllers\Admin\Menu.php(42): view('Admin/Menu_view', Array)
#2 C:\xampp\htdocs\internal-nutrilo\vendor\codeigniter4\framework\system\CodeIgniter.php(918): App\Controllers\Admin\Menu->index()
#3 C:\xampp\htdocs\internal-nutrilo\vendor\codeigniter4\framework\system\CodeIgniter.php(404): CodeIgniter\CodeIgniter->runController(Object(App\Controllers\Admin\Menu))
#4 C:\xampp\htdocs\internal-nutrilo\vendor\codeigniter4\framework\system\CodeIgniter.php(312): CodeIgniter\CodeIgniter->handleRequest(NULL, Object(Config\Cache), false)
#5 C:\xampp\htdocs\internal-nutrilo\public\index.php(45): CodeIgniter\CodeIgniter->run()
#6 C:\xampp\htdocs\internal-nutrilo\vendor\codeigniter4\framework\system\Commands\Server\rewrite.php(34): require_once('C:\\xampp\\htdocs...')
#7 {main}
CRITICAL - 2020-10-28 15:26:48 --> Cannot use object of type stdClass as array
#0 C:\xampp\htdocs\internal-nutrilo\vendor\codeigniter4\framework\system\View\View.php(246): include()
#1 C:\xampp\htdocs\internal-nutrilo\vendor\codeigniter4\framework\system\Common.php(1119): CodeIgniter\View\View->render('Admin/Menu_view', Array, true)
#2 C:\xampp\htdocs\internal-nutrilo\app\Controllers\Admin\Menu.php(40): view('Admin/Menu_view', Array)
#3 C:\xampp\htdocs\internal-nutrilo\vendor\codeigniter4\framework\system\CodeIgniter.php(918): App\Controllers\Admin\Menu->index()
#4 C:\xampp\htdocs\internal-nutrilo\vendor\codeigniter4\framework\system\CodeIgniter.php(404): CodeIgniter\CodeIgniter->runController(Object(App\Controllers\Admin\Menu))
#5 C:\xampp\htdocs\internal-nutrilo\vendor\codeigniter4\framework\system\CodeIgniter.php(312): CodeIgniter\CodeIgniter->handleRequest(NULL, Object(Config\Cache), false)
#6 C:\xampp\htdocs\internal-nutrilo\public\index.php(45): CodeIgniter\CodeIgniter->run()
#7 C:\xampp\htdocs\internal-nutrilo\vendor\codeigniter4\framework\system\Commands\Server\rewrite.php(34): require_once('C:\\xampp\\htdocs...')
#8 {main}
CRITICAL - 2020-10-28 15:49:24 --> syntax error, unexpected '}'
#0 C:\xampp\htdocs\internal-nutrilo\vendor\codeigniter4\framework\system\Autoloader\Autoloader.php(296): CodeIgniter\Autoloader\Autoloader->requireFile('C:\\xampp\\htdocs...')
#1 C:\xampp\htdocs\internal-nutrilo\vendor\codeigniter4\framework\system\Autoloader\Autoloader.php(258): CodeIgniter\Autoloader\Autoloader->loadInNamespace('App\\Controllers...')
#2 [internal function]: CodeIgniter\Autoloader\Autoloader->loadClass('App\\Controllers...')
#3 [internal function]: spl_autoload_call('App\\Controllers...')
#4 C:\xampp\htdocs\internal-nutrilo\vendor\codeigniter4\framework\system\CodeIgniter.php(869): class_exists('\\App\\Controller...', true)
#5 C:\xampp\htdocs\internal-nutrilo\vendor\codeigniter4\framework\system\CodeIgniter.php(394): CodeIgniter\CodeIgniter->startController()
#6 C:\xampp\htdocs\internal-nutrilo\vendor\codeigniter4\framework\system\CodeIgniter.php(312): CodeIgniter\CodeIgniter->handleRequest(NULL, Object(Config\Cache), false)
#7 C:\xampp\htdocs\internal-nutrilo\public\index.php(45): CodeIgniter\CodeIgniter->run()
#8 C:\xampp\htdocs\internal-nutrilo\vendor\codeigniter4\framework\system\Commands\Server\rewrite.php(34): require_once('C:\\xampp\\htdocs...')
#9 {main}
CRITICAL - 2020-10-28 15:50:07 --> print_r() expects at most 2 parameters, 3 given
#0 [internal function]: CodeIgniter\Debug\Exceptions->errorHandler(2, 'print_r() expec...', 'C:\\xampp\\htdocs...', 103, Array)
#1 C:\xampp\htdocs\internal-nutrilo\app\Controllers\Admin\Menu.php(103): print_r('1', '1', '1')
#2 C:\xampp\htdocs\internal-nutrilo\vendor\codeigniter4\framework\system\CodeIgniter.php(918): App\Controllers\Admin\Menu->printOrder('1', '1', '1')
#3 C:\xampp\htdocs\internal-nutrilo\vendor\codeigniter4\framework\system\CodeIgniter.php(404): CodeIgniter\CodeIgniter->runController(Object(App\Controllers\Admin\Menu))
#4 C:\xampp\htdocs\internal-nutrilo\vendor\codeigniter4\framework\system\CodeIgniter.php(312): CodeIgniter\CodeIgniter->handleRequest(NULL, Object(Config\Cache), false)
#5 C:\xampp\htdocs\internal-nutrilo\public\index.php(45): CodeIgniter\CodeIgniter->run()
#6 C:\xampp\htdocs\internal-nutrilo\vendor\codeigniter4\framework\system\Commands\Server\rewrite.php(34): require_once('C:\\xampp\\htdocs...')
#7 {main}
CRITICAL - 2020-10-28 15:50:37 --> syntax error, unexpected end of file, expecting function (T_FUNCTION) or const (T_CONST)
#0 C:\xampp\htdocs\internal-nutrilo\vendor\codeigniter4\framework\system\Router\Router.php(195): CodeIgniter\Router\Router->autoRoute('admin/menu/prin...')
#1 C:\xampp\htdocs\internal-nutrilo\vendor\codeigniter4\framework\system\CodeIgniter.php(793): CodeIgniter\Router\Router->handle('admin/menu/prin...')
#2 C:\xampp\htdocs\internal-nutrilo\vendor\codeigniter4\framework\system\CodeIgniter.php(364): CodeIgniter\CodeIgniter->tryToRouteIt(Object(CodeIgniter\Router\RouteCollection))
#3 C:\xampp\htdocs\internal-nutrilo\vendor\codeigniter4\framework\system\CodeIgniter.php(312): CodeIgniter\CodeIgniter->handleRequest(NULL, Object(Config\Cache), false)
#4 C:\xampp\htdocs\internal-nutrilo\public\index.php(45): CodeIgniter\CodeIgniter->run()
#5 C:\xampp\htdocs\internal-nutrilo\vendor\codeigniter4\framework\system\Commands\Server\rewrite.php(34): require_once('C:\\xampp\\htdocs...')
#6 {main}
CRITICAL - 2020-10-28 15:50:38 --> syntax error, unexpected end of file, expecting function (T_FUNCTION) or const (T_CONST)
#0 C:\xampp\htdocs\internal-nutrilo\vendor\codeigniter4\framework\system\Router\Router.php(195): CodeIgniter\Router\Router->autoRoute('admin/menu/prin...')
#1 C:\xampp\htdocs\internal-nutrilo\vendor\codeigniter4\framework\system\CodeIgniter.php(793): CodeIgniter\Router\Router->handle('admin/menu/prin...')
#2 C:\xampp\htdocs\internal-nutrilo\vendor\codeigniter4\framework\system\CodeIgniter.php(364): CodeIgniter\CodeIgniter->tryToRouteIt(Object(CodeIgniter\Router\RouteCollection))
#3 C:\xampp\htdocs\internal-nutrilo\vendor\codeigniter4\framework\system\CodeIgniter.php(312): CodeIgniter\CodeIgniter->handleRequest(NULL, Object(Config\Cache), false)
#4 C:\xampp\htdocs\internal-nutrilo\public\index.php(45): CodeIgniter\CodeIgniter->run()
#5 C:\xampp\htdocs\internal-nutrilo\vendor\codeigniter4\framework\system\Commands\Server\rewrite.php(34): require_once('C:\\xampp\\htdocs...')
#6 {main}
CRITICAL - 2020-10-28 15:54:54 --> Call to a member function get() on null
#0 C:\xampp\htdocs\internal-nutrilo\vendor\codeigniter4\framework\system\CodeIgniter.php(918): App\Controllers\Admin\Menu->printOrder('batch')
#1 C:\xampp\htdocs\internal-nutrilo\vendor\codeigniter4\framework\system\CodeIgniter.php(404): CodeIgniter\CodeIgniter->runController(Object(App\Controllers\Admin\Menu))
#2 C:\xampp\htdocs\internal-nutrilo\vendor\codeigniter4\framework\system\CodeIgniter.php(312): CodeIgniter\CodeIgniter->handleRequest(NULL, Object(Config\Cache), false)
#3 C:\xampp\htdocs\internal-nutrilo\public\index.php(45): CodeIgniter\CodeIgniter->run()
#4 C:\xampp\htdocs\internal-nutrilo\vendor\codeigniter4\framework\system\Commands\Server\rewrite.php(34): require_once('C:\\xampp\\htdocs...')
#5 {main}
CRITICAL - 2020-10-28 15:55:43 --> Call to a member function get() on null
#0 C:\xampp\htdocs\internal-nutrilo\vendor\codeigniter4\framework\system\CodeIgniter.php(918): App\Controllers\Admin\Menu->printOrder()
#1 C:\xampp\htdocs\internal-nutrilo\vendor\codeigniter4\framework\system\CodeIgniter.php(404): CodeIgniter\CodeIgniter->runController(Object(App\Controllers\Admin\Menu))
#2 C:\xampp\htdocs\internal-nutrilo\vendor\codeigniter4\framework\system\CodeIgniter.php(312): CodeIgniter\CodeIgniter->handleRequest(NULL, Object(Config\Cache), false)
#3 C:\xampp\htdocs\internal-nutrilo\public\index.php(45): CodeIgniter\CodeIgniter->run()
#4 C:\xampp\htdocs\internal-nutrilo\vendor\codeigniter4\framework\system\Commands\Server\rewrite.php(34): require_once('C:\\xampp\\htdocs...')
#5 {main}
CRITICAL - 2020-10-28 15:57:18 --> Call to a member function get() on null
#0 C:\xampp\htdocs\internal-nutrilo\vendor\codeigniter4\framework\system\CodeIgniter.php(918): App\Controllers\Admin\Menu->printOrder()
#1 C:\xampp\htdocs\internal-nutrilo\vendor\codeigniter4\framework\system\CodeIgniter.php(404): CodeIgniter\CodeIgniter->runController(Object(App\Controllers\Admin\Menu))
#2 C:\xampp\htdocs\internal-nutrilo\vendor\codeigniter4\framework\system\CodeIgniter.php(312): CodeIgniter\CodeIgniter->handleRequest(NULL, Object(Config\Cache), false)
#3 C:\xampp\htdocs\internal-nutrilo\public\index.php(45): CodeIgniter\CodeIgniter->run()
#4 C:\xampp\htdocs\internal-nutrilo\vendor\codeigniter4\framework\system\Commands\Server\rewrite.php(34): require_once('C:\\xampp\\htdocs...')
#5 {main}
CRITICAL - 2020-10-28 16:02:34 --> Cannot use object of type stdClass as array
#0 C:\xampp\htdocs\internal-nutrilo\vendor\codeigniter4\framework\system\View\View.php(246): include()
#1 C:\xampp\htdocs\internal-nutrilo\vendor\codeigniter4\framework\system\Common.php(1119): CodeIgniter\View\View->render('Admin/Print_ord...', Array, true)
#2 C:\xampp\htdocs\internal-nutrilo\app\Controllers\Admin\Menu.php(119): view('Admin/Print_ord...', Array)
#3 C:\xampp\htdocs\internal-nutrilo\vendor\codeigniter4\framework\system\CodeIgniter.php(918): App\Controllers\Admin\Menu->printOrder()
#4 C:\xampp\htdocs\internal-nutrilo\vendor\codeigniter4\framework\system\CodeIgniter.php(404): CodeIgniter\CodeIgniter->runController(Object(App\Controllers\Admin\Menu))
#5 C:\xampp\htdocs\internal-nutrilo\vendor\codeigniter4\framework\system\CodeIgniter.php(312): CodeIgniter\CodeIgniter->handleRequest(NULL, Object(Config\Cache), false)
#6 C:\xampp\htdocs\internal-nutrilo\public\index.php(45): CodeIgniter\CodeIgniter->run()
#7 C:\xampp\htdocs\internal-nutrilo\vendor\codeigniter4\framework\system\Commands\Server\rewrite.php(34): require_once('C:\\xampp\\htdocs...')
#8 {main}
CRITICAL - 2020-10-28 16:03:09 --> Use of undefined constant pesanan - assumed 'pesanan' (this will throw an Error in a future version of PHP)
#0 C:\xampp\htdocs\internal-nutrilo\app\Views\Admin\Print_order.php(10): CodeIgniter\Debug\Exceptions->errorHandler(2, 'Use of undefine...', 'C:\\xampp\\htdocs...', 10, Array)
#1 C:\xampp\htdocs\internal-nutrilo\vendor\codeigniter4\framework\system\View\View.php(246): include('C:\\xampp\\htdocs...')
#2 C:\xampp\htdocs\internal-nutrilo\vendor\codeigniter4\framework\system\Common.php(1119): CodeIgniter\View\View->render('Admin/Print_ord...', Array, true)
#3 C:\xampp\htdocs\internal-nutrilo\app\Controllers\Admin\Menu.php(119): view('Admin/Print_ord...', Array)
#4 C:\xampp\htdocs\internal-nutrilo\vendor\codeigniter4\framework\system\CodeIgniter.php(918): App\Controllers\Admin\Menu->printOrder()
#5 C:\xampp\htdocs\internal-nutrilo\vendor\codeigniter4\framework\system\CodeIgniter.php(404): CodeIgniter\CodeIgniter->runController(Object(App\Controllers\Admin\Menu))
#6 C:\xampp\htdocs\internal-nutrilo\vendor\codeigniter4\framework\system\CodeIgniter.php(312): CodeIgniter\CodeIgniter->handleRequest(NULL, Object(Config\Cache), false)
#7 C:\xampp\htdocs\internal-nutrilo\public\index.php(45): CodeIgniter\CodeIgniter->run()
#8 C:\xampp\htdocs\internal-nutrilo\vendor\codeigniter4\framework\system\Commands\Server\rewrite.php(34): require_once('C:\\xampp\\htdocs...')
#9 {main}
CRITICAL - 2020-10-28 16:35:52 --> Invalid file: Admin/Menu_view.php
#0 C:\xampp\htdocs\internal-nutrilo\vendor\codeigniter4\framework\system\View\View.php(228): CodeIgniter\Exceptions\FrameworkException::forInvalidFile('Admin/Menu_view...')
#1 C:\xampp\htdocs\internal-nutrilo\vendor\codeigniter4\framework\system\Common.php(1119): CodeIgniter\View\View->render('Admin/Menu_view', Array, true)
#2 C:\xampp\htdocs\internal-nutrilo\app\Controllers\Admin\Catering_order.php(40): view('Admin/Menu_view', Array)
#3 C:\xampp\htdocs\internal-nutrilo\vendor\codeigniter4\framework\system\CodeIgniter.php(918): App\Controllers\Admin\Catering_order->index()
#4 C:\xampp\htdocs\internal-nutrilo\vendor\codeigniter4\framework\system\CodeIgniter.php(404): CodeIgniter\CodeIgniter->runController(Object(App\Controllers\Admin\Catering_order))
#5 C:\xampp\htdocs\internal-nutrilo\vendor\codeigniter4\framework\system\CodeIgniter.php(312): CodeIgniter\CodeIgniter->handleRequest(NULL, Object(Config\Cache), false)
#6 C:\xampp\htdocs\internal-nutrilo\public\index.php(45): CodeIgniter\CodeIgniter->run()
#7 C:\xampp\htdocs\internal-nutrilo\vendor\codeigniter4\framework\system\Commands\Server\rewrite.php(34): require_once('C:\\xampp\\htdocs...')
#8 {main}
CRITICAL - 2020-10-28 16:42:05 --> Invalid argument supplied for foreach()
#0 C:\xampp\htdocs\internal-nutrilo\app\Views\Admin\Catering_order_view.php(21): CodeIgniter\Debug\Exceptions->errorHandler(2, 'Invalid argumen...', 'C:\\xampp\\htdocs...', 21, Array)
#1 C:\xampp\htdocs\internal-nutrilo\vendor\codeigniter4\framework\system\View\View.php(246): include('C:\\xampp\\htdocs...')
#2 C:\xampp\htdocs\internal-nutrilo\vendor\codeigniter4\framework\system\Common.php(1119): CodeIgniter\View\View->render('Admin/Catering_...', Array, true)
#3 C:\xampp\htdocs\internal-nutrilo\app\Controllers\Admin\Catering_batch.php(32): view('Admin/Catering_...', Array)
#4 C:\xampp\htdocs\internal-nutrilo\vendor\codeigniter4\framework\system\CodeIgniter.php(918): App\Controllers\Admin\Catering_batch->index()
#5 C:\xampp\htdocs\internal-nutrilo\vendor\codeigniter4\framework\system\CodeIgniter.php(404): CodeIgniter\CodeIgniter->runController(Object(App\Controllers\Admin\Catering_batch))
#6 C:\xampp\htdocs\internal-nutrilo\vendor\codeigniter4\framework\system\CodeIgniter.php(312): CodeIgniter\CodeIgniter->handleRequest(NULL, Object(Config\Cache), false)
#7 C:\xampp\htdocs\internal-nutrilo\public\index.php(45): CodeIgniter\CodeIgniter->run()
#8 C:\xampp\htdocs\internal-nutrilo\vendor\codeigniter4\framework\system\Commands\Server\rewrite.php(34): require_once('C:\\xampp\\htdocs...')
#9 {main}
CRITICAL - 2020-10-28 16:50:43 --> Call to a member function getResult() on array
#0 C:\xampp\htdocs\internal-nutrilo\vendor\codeigniter4\framework\system\CodeIgniter.php(918): App\Controllers\Admin\Catering_batch->index()
#1 C:\xampp\htdocs\internal-nutrilo\vendor\codeigniter4\framework\system\CodeIgniter.php(404): CodeIgniter\CodeIgniter->runController(Object(App\Controllers\Admin\Catering_batch))
#2 C:\xampp\htdocs\internal-nutrilo\vendor\codeigniter4\framework\system\CodeIgniter.php(312): CodeIgniter\CodeIgniter->handleRequest(NULL, Object(Config\Cache), false)
#3 C:\xampp\htdocs\internal-nutrilo\public\index.php(45): CodeIgniter\CodeIgniter->run()
#4 C:\xampp\htdocs\internal-nutrilo\vendor\codeigniter4\framework\system\Commands\Server\rewrite.php(34): require_once('C:\\xampp\\htdocs...')
#5 {main}
CRITICAL - 2020-10-28 16:50:49 --> Call to a member function getRow() on array
#0 C:\xampp\htdocs\internal-nutrilo\vendor\codeigniter4\framework\system\CodeIgniter.php(918): App\Controllers\Admin\Catering_batch->index()
#1 C:\xampp\htdocs\internal-nutrilo\vendor\codeigniter4\framework\system\CodeIgniter.php(404): CodeIgniter\CodeIgniter->runController(Object(App\Controllers\Admin\Catering_batch))
#2 C:\xampp\htdocs\internal-nutrilo\vendor\codeigniter4\framework\system\CodeIgniter.php(312): CodeIgniter\CodeIgniter->handleRequest(NULL, Object(Config\Cache), false)
#3 C:\xampp\htdocs\internal-nutrilo\public\index.php(45): CodeIgniter\CodeIgniter->run()
#4 C:\xampp\htdocs\internal-nutrilo\vendor\codeigniter4\framework\system\Commands\Server\rewrite.php(34): require_once('C:\\xampp\\htdocs...')
#5 {main}
CRITICAL - 2020-10-28 16:53:19 --> Call to undefined function getRow()
#0 C:\xampp\htdocs\internal-nutrilo\vendor\codeigniter4\framework\system\View\View.php(246): include()
#1 C:\xampp\htdocs\internal-nutrilo\vendor\codeigniter4\framework\system\Common.php(1119): CodeIgniter\View\View->render('Admin/Catering_...', Array, true)
#2 C:\xampp\htdocs\internal-nutrilo\app\Controllers\Admin\Catering_batch.php(30): view('Admin/Catering_...', Array)
#3 C:\xampp\htdocs\internal-nutrilo\vendor\codeigniter4\framework\system\CodeIgniter.php(918): App\Controllers\Admin\Catering_batch->index()
#4 C:\xampp\htdocs\internal-nutrilo\vendor\codeigniter4\framework\system\CodeIgniter.php(404): CodeIgniter\CodeIgniter->runController(Object(App\Controllers\Admin\Catering_batch))
#5 C:\xampp\htdocs\internal-nutrilo\vendor\codeigniter4\framework\system\CodeIgniter.php(312): CodeIgniter\CodeIgniter->handleRequest(NULL, Object(Config\Cache), false)
#6 C:\xampp\htdocs\internal-nutrilo\public\index.php(45): CodeIgniter\CodeIgniter->run()
#7 C:\xampp\htdocs\internal-nutrilo\vendor\codeigniter4\framework\system\Commands\Server\rewrite.php(34): require_once('C:\\xampp\\htdocs...')
#8 {main}
CRITICAL - 2020-10-28 16:54:10 --> Call to undefined function getRow()
#0 C:\xampp\htdocs\internal-nutrilo\vendor\codeigniter4\framework\system\View\View.php(246): include()
#1 C:\xampp\htdocs\internal-nutrilo\vendor\codeigniter4\framework\system\Common.php(1119): CodeIgniter\View\View->render('Admin/Catering_...', Array, true)
#2 C:\xampp\htdocs\internal-nutrilo\app\Controllers\Admin\Catering_batch.php(32): view('Admin/Catering_...', Array)
#3 C:\xampp\htdocs\internal-nutrilo\vendor\codeigniter4\framework\system\CodeIgniter.php(918): App\Controllers\Admin\Catering_batch->index()
#4 C:\xampp\htdocs\internal-nutrilo\vendor\codeigniter4\framework\system\CodeIgniter.php(404): CodeIgniter\CodeIgniter->runController(Object(App\Controllers\Admin\Catering_batch))
#5 C:\xampp\htdocs\internal-nutrilo\vendor\codeigniter4\framework\system\CodeIgniter.php(312): CodeIgniter\CodeIgniter->handleRequest(NULL, Object(Config\Cache), false)
#6 C:\xampp\htdocs\internal-nutrilo\public\index.php(45): CodeIgniter\CodeIgniter->run()
#7 C:\xampp\htdocs\internal-nutrilo\vendor\codeigniter4\framework\system\Commands\Server\rewrite.php(34): require_once('C:\\xampp\\htdocs...')
#8 {main}
CRITICAL - 2020-10-28 16:54:22 --> Call to a member function getRow() on array
#0 C:\xampp\htdocs\internal-nutrilo\vendor\codeigniter4\framework\system\View\View.php(246): include()
#1 C:\xampp\htdocs\internal-nutrilo\vendor\codeigniter4\framework\system\Common.php(1119): CodeIgniter\View\View->render('Admin/Catering_...', Array, true)
#2 C:\xampp\htdocs\internal-nutrilo\app\Controllers\Admin\Catering_batch.php(32): view('Admin/Catering_...', Array)
#3 C:\xampp\htdocs\internal-nutrilo\vendor\codeigniter4\framework\system\CodeIgniter.php(918): App\Controllers\Admin\Catering_batch->index()
#4 C:\xampp\htdocs\internal-nutrilo\vendor\codeigniter4\framework\system\CodeIgniter.php(404): CodeIgniter\CodeIgniter->runController(Object(App\Controllers\Admin\Catering_batch))
#5 C:\xampp\htdocs\internal-nutrilo\vendor\codeigniter4\framework\system\CodeIgniter.php(312): CodeIgniter\CodeIgniter->handleRequest(NULL, Object(Config\Cache), false)
#6 C:\xampp\htdocs\internal-nutrilo\public\index.php(45): CodeIgniter\CodeIgniter->run()
#7 C:\xampp\htdocs\internal-nutrilo\vendor\codeigniter4\framework\system\Commands\Server\rewrite.php(34): require_once('C:\\xampp\\htdocs...')
#8 {main}
CRITICAL - 2020-10-28 16:54:23 --> Call to a member function getRow() on array
#0 C:\xampp\htdocs\internal-nutrilo\vendor\codeigniter4\framework\system\View\View.php(246): include()
#1 C:\xampp\htdocs\internal-nutrilo\vendor\codeigniter4\framework\system\Common.php(1119): CodeIgniter\View\View->render('Admin/Catering_...', Array, true)
#2 C:\xampp\htdocs\internal-nutrilo\app\Controllers\Admin\Catering_batch.php(32): view('Admin/Catering_...', Array)
#3 C:\xampp\htdocs\internal-nutrilo\vendor\codeigniter4\framework\system\CodeIgniter.php(918): App\Controllers\Admin\Catering_batch->index()
#4 C:\xampp\htdocs\internal-nutrilo\vendor\codeigniter4\framework\system\CodeIgniter.php(404): CodeIgniter\CodeIgniter->runController(Object(App\Controllers\Admin\Catering_batch))
#5 C:\xampp\htdocs\internal-nutrilo\vendor\codeigniter4\framework\system\CodeIgniter.php(312): CodeIgniter\CodeIgniter->handleRequest(NULL, Object(Config\Cache), false)
#6 C:\xampp\htdocs\internal-nutrilo\public\index.php(45): CodeIgniter\CodeIgniter->run()
#7 C:\xampp\htdocs\internal-nutrilo\vendor\codeigniter4\framework\system\Commands\Server\rewrite.php(34): require_once('C:\\xampp\\htdocs...')
#8 {main}
CRITICAL - 2020-10-28 16:54:47 --> Call to a member function getRow() on null
#0 C:\xampp\htdocs\internal-nutrilo\vendor\codeigniter4\framework\system\CodeIgniter.php(918): App\Controllers\Admin\Catering_batch->index()
#1 C:\xampp\htdocs\internal-nutrilo\vendor\codeigniter4\framework\system\CodeIgniter.php(404): CodeIgniter\CodeIgniter->runController(Object(App\Controllers\Admin\Catering_batch))
#2 C:\xampp\htdocs\internal-nutrilo\vendor\codeigniter4\framework\system\CodeIgniter.php(312): CodeIgniter\CodeIgniter->handleRequest(NULL, Object(Config\Cache), false)
#3 C:\xampp\htdocs\internal-nutrilo\public\index.php(45): CodeIgniter\CodeIgniter->run()
#4 C:\xampp\htdocs\internal-nutrilo\vendor\codeigniter4\framework\system\Commands\Server\rewrite.php(34): require_once('C:\\xampp\\htdocs...')
#5 {main}
CRITICAL - 2020-10-28 17:08:51 --> Call to undefined method App\Models\Admin\Catering_order_batch_model::saveBatch
#0 C:\xampp\htdocs\internal-nutrilo\app\Controllers\Admin\Catering_batch.php(57): CodeIgniter\Model->__call('saveBatch', Array)
#1 C:\xampp\htdocs\internal-nutrilo\vendor\codeigniter4\framework\system\CodeIgniter.php(918): App\Controllers\Admin\Catering_batch->save()
#2 C:\xampp\htdocs\internal-nutrilo\vendor\codeigniter4\framework\system\CodeIgniter.php(404): CodeIgniter\CodeIgniter->runController(Object(App\Controllers\Admin\Catering_batch))
#3 C:\xampp\htdocs\internal-nutrilo\vendor\codeigniter4\framework\system\CodeIgniter.php(312): CodeIgniter\CodeIgniter->handleRequest(NULL, Object(Config\Cache), false)
#4 C:\xampp\htdocs\internal-nutrilo\public\index.php(45): CodeIgniter\CodeIgniter->run()
#5 C:\xampp\htdocs\internal-nutrilo\vendor\codeigniter4\framework\system\Commands\Server\rewrite.php(34): require_once('C:\\xampp\\htdocs...')
#6 {main}
CRITICAL - 2020-10-28 17:41:55 --> syntax error, unexpected ';', expecting ')'
#0 C:\xampp\htdocs\internal-nutrilo\vendor\codeigniter4\framework\system\Autoloader\Autoloader.php(296): CodeIgniter\Autoloader\Autoloader->requireFile('C:\\xampp\\htdocs...')
#1 C:\xampp\htdocs\internal-nutrilo\vendor\codeigniter4\framework\system\Autoloader\Autoloader.php(258): CodeIgniter\Autoloader\Autoloader->loadInNamespace('App\\Controllers...')
#2 [internal function]: CodeIgniter\Autoloader\Autoloader->loadClass('App\\Controllers...')
#3 [internal function]: spl_autoload_call('App\\Controllers...')
#4 C:\xampp\htdocs\internal-nutrilo\vendor\codeigniter4\framework\system\CodeIgniter.php(869): class_exists('\\App\\Controller...', true)
#5 C:\xampp\htdocs\internal-nutrilo\vendor\codeigniter4\framework\system\CodeIgniter.php(394): CodeIgniter\CodeIgniter->startController()
#6 C:\xampp\htdocs\internal-nutrilo\vendor\codeigniter4\framework\system\CodeIgniter.php(312): CodeIgniter\CodeIgniter->handleRequest(NULL, Object(Config\Cache), false)
#7 C:\xampp\htdocs\internal-nutrilo\public\index.php(45): CodeIgniter\CodeIgniter->run()
#8 C:\xampp\htdocs\internal-nutrilo\vendor\codeigniter4\framework\system\Commands\Server\rewrite.php(34): require_once('C:\\xampp\\htdocs...')
#9 {main}
CRITICAL - 2020-10-28 17:51:16 --> syntax error, unexpected ')'
#0 C:\xampp\htdocs\internal-nutrilo\vendor\codeigniter4\framework\system\Autoloader\Autoloader.php(296): CodeIgniter\Autoloader\Autoloader->requireFile('C:\\xampp\\htdocs...')
#1 C:\xampp\htdocs\internal-nutrilo\vendor\codeigniter4\framework\system\Autoloader\Autoloader.php(258): CodeIgniter\Autoloader\Autoloader->loadInNamespace('App\\Controllers...')
#2 [internal function]: CodeIgniter\Autoloader\Autoloader->loadClass('App\\Controllers...')
#3 [internal function]: spl_autoload_call('App\\Controllers...')
#4 C:\xampp\htdocs\internal-nutrilo\vendor\codeigniter4\framework\system\CodeIgniter.php(869): class_exists('\\App\\Controller...', true)
#5 C:\xampp\htdocs\internal-nutrilo\vendor\codeigniter4\framework\system\CodeIgniter.php(394): CodeIgniter\CodeIgniter->startController()
#6 C:\xampp\htdocs\internal-nutrilo\vendor\codeigniter4\framework\system\CodeIgniter.php(312): CodeIgniter\CodeIgniter->handleRequest(NULL, Object(Config\Cache), false)
#7 C:\xampp\htdocs\internal-nutrilo\public\index.php(45): CodeIgniter\CodeIgniter->run()
#8 C:\xampp\htdocs\internal-nutrilo\vendor\codeigniter4\framework\system\Commands\Server\rewrite.php(34): require_once('C:\\xampp\\htdocs...')
#9 {main}
CRITICAL - 2020-10-28 17:51:18 --> syntax error, unexpected ')'
#0 C:\xampp\htdocs\internal-nutrilo\vendor\codeigniter4\framework\system\Autoloader\Autoloader.php(296): CodeIgniter\Autoloader\Autoloader->requireFile('C:\\xampp\\htdocs...')
#1 C:\xampp\htdocs\internal-nutrilo\vendor\codeigniter4\framework\system\Autoloader\Autoloader.php(258): CodeIgniter\Autoloader\Autoloader->loadInNamespace('App\\Controllers...')
#2 [internal function]: CodeIgniter\Autoloader\Autoloader->loadClass('App\\Controllers...')
#3 [internal function]: spl_autoload_call('App\\Controllers...')
#4 C:\xampp\htdocs\internal-nutrilo\vendor\codeigniter4\framework\system\CodeIgniter.php(869): class_exists('\\App\\Controller...', true)
#5 C:\xampp\htdocs\internal-nutrilo\vendor\codeigniter4\framework\system\CodeIgniter.php(394): CodeIgniter\CodeIgniter->startController()
#6 C:\xampp\htdocs\internal-nutrilo\vendor\codeigniter4\framework\system\CodeIgniter.php(312): CodeIgniter\CodeIgniter->handleRequest(NULL, Object(Config\Cache), false)
#7 C:\xampp\htdocs\internal-nutrilo\public\index.php(45): CodeIgniter\CodeIgniter->run()
#8 C:\xampp\htdocs\internal-nutrilo\vendor\codeigniter4\framework\system\Commands\Server\rewrite.php(34): require_once('C:\\xampp\\htdocs...')
#9 {main}
CRITICAL - 2020-10-28 20:00:49 --> Argument 1 passed to CodeIgniter\Database\BaseBuilder::insert() must be of the type array or null, object given, called in C:\xampp\htdocs\internal-nutrilo\app\Models\Admin\Catering_order_item_model.php on line 29
#0 C:\xampp\htdocs\internal-nutrilo\app\Models\Admin\Catering_order_item_model.php(29): CodeIgniter\Database\BaseBuilder->insert(Object(App\Models\Admin\Catering_order_item_model))
#1 C:\xampp\htdocs\internal-nutrilo\app\Controllers\Admin\Catering_order.php(89): App\Models\Admin\Catering_order_item_model->saveOrderItem(Object(App\Models\Admin\Catering_order_item_model))
#2 C:\xampp\htdocs\internal-nutrilo\vendor\codeigniter4\framework\system\CodeIgniter.php(918): App\Controllers\Admin\Catering_order->save()
#3 C:\xampp\htdocs\internal-nutrilo\vendor\codeigniter4\framework\system\CodeIgniter.php(404): CodeIgniter\CodeIgniter->runController(Object(App\Controllers\Admin\Catering_order))
#4 C:\xampp\htdocs\internal-nutrilo\vendor\codeigniter4\framework\system\CodeIgniter.php(312): CodeIgniter\CodeIgniter->handleRequest(NULL, Object(Config\Cache), false)
#5 C:\xampp\htdocs\internal-nutrilo\public\index.php(45): CodeIgniter\CodeIgniter->run()
#6 C:\xampp\htdocs\internal-nutrilo\vendor\codeigniter4\framework\system\Commands\Server\rewrite.php(34): require_once('C:\\xampp\\htdocs...')
#7 {main}
CRITICAL - 2020-10-28 20:01:05 --> Argument 1 passed to CodeIgniter\Database\BaseBuilder::insert() must be of the type array or null, object given, called in C:\xampp\htdocs\internal-nutrilo\app\Models\Admin\Catering_order_item_model.php on line 29
#0 C:\xampp\htdocs\internal-nutrilo\app\Models\Admin\Catering_order_item_model.php(29): CodeIgniter\Database\BaseBuilder->insert(Object(App\Models\Admin\Catering_order_item_model))
#1 C:\xampp\htdocs\internal-nutrilo\app\Controllers\Admin\Catering_order.php(89): App\Models\Admin\Catering_order_item_model->saveOrderItem(Object(App\Models\Admin\Catering_order_item_model))
#2 C:\xampp\htdocs\internal-nutrilo\vendor\codeigniter4\framework\system\CodeIgniter.php(918): App\Controllers\Admin\Catering_order->save()
#3 C:\xampp\htdocs\internal-nutrilo\vendor\codeigniter4\framework\system\CodeIgniter.php(404): CodeIgniter\CodeIgniter->runController(Object(App\Controllers\Admin\Catering_order))
#4 C:\xampp\htdocs\internal-nutrilo\vendor\codeigniter4\framework\system\CodeIgniter.php(312): CodeIgniter\CodeIgniter->handleRequest(NULL, Object(Config\Cache), false)
#5 C:\xampp\htdocs\internal-nutrilo\public\index.php(45): CodeIgniter\CodeIgniter->run()
#6 C:\xampp\htdocs\internal-nutrilo\vendor\codeigniter4\framework\system\Commands\Server\rewrite.php(34): require_once('C:\\xampp\\htdocs...')
#7 {main}
CRITICAL - 2020-10-28 20:04:11 --> Argument 1 passed to CodeIgniter\Database\BaseBuilder::insert() must be of the type array or null, object given, called in C:\xampp\htdocs\internal-nutrilo\app\Models\Admin\Catering_order_item_model.php on line 28
#0 C:\xampp\htdocs\internal-nutrilo\app\Models\Admin\Catering_order_item_model.php(28): CodeIgniter\Database\BaseBuilder->insert(Object(App\Models\Admin\Catering_order_item_model))
#1 C:\xampp\htdocs\internal-nutrilo\app\Controllers\Admin\Catering_order.php(89): App\Models\Admin\Catering_order_item_model->saveOrderItem(Object(App\Models\Admin\Catering_order_item_model))
#2 C:\xampp\htdocs\internal-nutrilo\vendor\codeigniter4\framework\system\CodeIgniter.php(918): App\Controllers\Admin\Catering_order->save()
#3 C:\xampp\htdocs\internal-nutrilo\vendor\codeigniter4\framework\system\CodeIgniter.php(404): CodeIgniter\CodeIgniter->runController(Object(App\Controllers\Admin\Catering_order))
#4 C:\xampp\htdocs\internal-nutrilo\vendor\codeigniter4\framework\system\CodeIgniter.php(312): CodeIgniter\CodeIgniter->handleRequest(NULL, Object(Config\Cache), false)
#5 C:\xampp\htdocs\internal-nutrilo\public\index.php(45): CodeIgniter\CodeIgniter->run()
#6 C:\xampp\htdocs\internal-nutrilo\vendor\codeigniter4\framework\system\Commands\Server\rewrite.php(34): require_once('C:\\xampp\\htdocs...')
#7 {main}
CRITICAL - 2020-10-28 22:29:27 --> Call to undefined method App\Models\Admin\Catering_order_detail_model::getOrderItemByBatchId
#0 C:\xampp\htdocs\internal-nutrilo\app\Controllers\Admin\Catering_order.php(171): CodeIgniter\Model->__call('getOrderItemByB...', Array)
#1 C:\xampp\htdocs\internal-nutrilo\vendor\codeigniter4\framework\system\CodeIgniter.php(918): App\Controllers\Admin\Catering_order->printOrder()
#2 C:\xampp\htdocs\internal-nutrilo\vendor\codeigniter4\framework\system\CodeIgniter.php(404): CodeIgniter\CodeIgniter->runController(Object(App\Controllers\Admin\Catering_order))
#3 C:\xampp\htdocs\internal-nutrilo\vendor\codeigniter4\framework\system\CodeIgniter.php(312): CodeIgniter\CodeIgniter->handleRequest(NULL, Object(Config\Cache), false)
#4 C:\xampp\htdocs\internal-nutrilo\public\index.php(45): CodeIgniter\CodeIgniter->run()
#5 C:\xampp\htdocs\internal-nutrilo\vendor\codeigniter4\framework\system\Commands\Server\rewrite.php(34): require_once('C:\\xampp\\htdocs...')
#6 {main}
