CRITICAL - 2020-11-11 07:48:22 --> Invalid argument supplied for foreach()
#0 C:\xampp\htdocs\internal-nutrilo\app\Views\Admin\Driver_view.php(161): CodeIgniter\Debug\Exceptions->errorHandler(2, 'Invalid argumen...', 'C:\\xampp\\htdocs...', 161, Array)
#1 C:\xampp\htdocs\internal-nutrilo\vendor\codeigniter4\framework\system\View\View.php(246): include('C:\\xampp\\htdocs...')
#2 C:\xampp\htdocs\internal-nutrilo\vendor\codeigniter4\framework\system\Common.php(1119): CodeIgniter\View\View->render('Admin/Driver_vi...', Array, true)
#3 C:\xampp\htdocs\internal-nutrilo\app\Controllers\Admin\Driver.php(230): view('Admin/Driver_vi...', Array)
#4 C:\xampp\htdocs\internal-nutrilo\vendor\codeigniter4\framework\system\CodeIgniter.php(918): App\Controllers\Admin\Driver->setDriver()
#5 C:\xampp\htdocs\internal-nutrilo\vendor\codeigniter4\framework\system\CodeIgniter.php(404): CodeIgniter\CodeIgniter->runController(Object(App\Controllers\Admin\Driver))
#6 C:\xampp\htdocs\internal-nutrilo\vendor\codeigniter4\framework\system\CodeIgniter.php(312): CodeIgniter\CodeIgniter->handleRequest(NULL, Object(Config\Cache), false)
#7 C:\xampp\htdocs\internal-nutrilo\public\index.php(45): CodeIgniter\CodeIgniter->run()
#8 C:\xampp\htdocs\internal-nutrilo\vendor\codeigniter4\framework\system\Commands\Server\rewrite.php(34): require_once('C:\\xampp\\htdocs...')
#9 {main}
CRITICAL - 2020-11-11 09:30:02 --> Invalid argument supplied for foreach()
#0 C:\xampp\htdocs\internal-nutrilo\app\Controllers\Admin\Driver.php(99): CodeIgniter\Debug\Exceptions->errorHandler(2, 'Invalid argumen...', 'C:\\xampp\\htdocs...', 99, Array)
#1 C:\xampp\htdocs\internal-nutrilo\vendor\codeigniter4\framework\system\CodeIgniter.php(918): App\Controllers\Admin\Driver->setDriver()
#2 C:\xampp\htdocs\internal-nutrilo\vendor\codeigniter4\framework\system\CodeIgniter.php(404): CodeIgniter\CodeIgniter->runController(Object(App\Controllers\Admin\Driver))
#3 C:\xampp\htdocs\internal-nutrilo\vendor\codeigniter4\framework\system\CodeIgniter.php(312): CodeIgniter\CodeIgniter->handleRequest(NULL, Object(Config\Cache), false)
#4 C:\xampp\htdocs\internal-nutrilo\public\index.php(45): CodeIgniter\CodeIgniter->run()
#5 C:\xampp\htdocs\internal-nutrilo\vendor\codeigniter4\framework\system\Commands\Server\rewrite.php(34): require_once('C:\\xampp\\htdocs...')
#6 {main}
CRITICAL - 2020-11-11 18:26:01 --> array_push() expects parameter 1 to be array, null given
#0 [internal function]: CodeIgniter\Debug\Exceptions->errorHandler(2, 'array_push() ex...', 'C:\\xampp\\htdocs...', 108, Array)
#1 C:\xampp\htdocs\internal-nutrilo\app\Controllers\Admin\Driver.php(108): array_push(NULL, Array)
#2 C:\xampp\htdocs\internal-nutrilo\vendor\codeigniter4\framework\system\CodeIgniter.php(918): App\Controllers\Admin\Driver->setDriver()
#3 C:\xampp\htdocs\internal-nutrilo\vendor\codeigniter4\framework\system\CodeIgniter.php(404): CodeIgniter\CodeIgniter->runController(Object(App\Controllers\Admin\Driver))
#4 C:\xampp\htdocs\internal-nutrilo\vendor\codeigniter4\framework\system\CodeIgniter.php(312): CodeIgniter\CodeIgniter->handleRequest(NULL, Object(Config\Cache), false)
#5 C:\xampp\htdocs\internal-nutrilo\public\index.php(45): CodeIgniter\CodeIgniter->run()
#6 C:\xampp\htdocs\internal-nutrilo\vendor\codeigniter4\framework\system\Commands\Server\rewrite.php(34): require_once('C:\\xampp\\htdocs...')
#7 {main}
CRITICAL - 2020-11-11 18:26:14 --> array_push() expects parameter 1 to be array, null given
#0 [internal function]: CodeIgniter\Debug\Exceptions->errorHandler(2, 'array_push() ex...', 'C:\\xampp\\htdocs...', 108, Array)
#1 C:\xampp\htdocs\internal-nutrilo\app\Controllers\Admin\Driver.php(108): array_push(NULL, Array)
#2 C:\xampp\htdocs\internal-nutrilo\vendor\codeigniter4\framework\system\CodeIgniter.php(918): App\Controllers\Admin\Driver->setDriver()
#3 C:\xampp\htdocs\internal-nutrilo\vendor\codeigniter4\framework\system\CodeIgniter.php(404): CodeIgniter\CodeIgniter->runController(Object(App\Controllers\Admin\Driver))
#4 C:\xampp\htdocs\internal-nutrilo\vendor\codeigniter4\framework\system\CodeIgniter.php(312): CodeIgniter\CodeIgniter->handleRequest(NULL, Object(Config\Cache), false)
#5 C:\xampp\htdocs\internal-nutrilo\public\index.php(45): CodeIgniter\CodeIgniter->run()
#6 C:\xampp\htdocs\internal-nutrilo\vendor\codeigniter4\framework\system\Commands\Server\rewrite.php(34): require_once('C:\\xampp\\htdocs...')
#7 {main}
CRITICAL - 2020-11-11 18:52:09 --> array_search() expects parameter 2 to be array, null given
#0 [internal function]: CodeIgniter\Debug\Exceptions->errorHandler(2, 'array_search() ...', 'C:\\xampp\\htdocs...', 63, Array)
#1 C:\xampp\htdocs\internal-nutrilo\app\Controllers\Admin\Driver.php(63): array_search('38', NULL)
#2 C:\xampp\htdocs\internal-nutrilo\app\Controllers\Admin\Driver.php(190): App\Controllers\Admin\Driver->recursiveAddress('3.580994,98.662...', Array, Array, 868, 3600, 1, 2, Array)
#3 C:\xampp\htdocs\internal-nutrilo\vendor\codeigniter4\framework\system\CodeIgniter.php(918): App\Controllers\Admin\Driver->setDriver()
#4 C:\xampp\htdocs\internal-nutrilo\vendor\codeigniter4\framework\system\CodeIgniter.php(404): CodeIgniter\CodeIgniter->runController(Object(App\Controllers\Admin\Driver))
#5 C:\xampp\htdocs\internal-nutrilo\vendor\codeigniter4\framework\system\CodeIgniter.php(312): CodeIgniter\CodeIgniter->handleRequest(NULL, Object(Config\Cache), false)
#6 C:\xampp\htdocs\internal-nutrilo\public\index.php(45): CodeIgniter\CodeIgniter->run()
#7 C:\xampp\htdocs\internal-nutrilo\vendor\codeigniter4\framework\system\Commands\Server\rewrite.php(34): require_once('C:\\xampp\\htdocs...')
#8 {main}
CRITICAL - 2020-11-11 18:57:09 --> syntax error, unexpected '}'
#0 C:\xampp\htdocs\internal-nutrilo\vendor\codeigniter4\framework\system\Autoloader\Autoloader.php(296): CodeIgniter\Autoloader\Autoloader->requireFile('C:\\xampp\\htdocs...')
#1 C:\xampp\htdocs\internal-nutrilo\vendor\codeigniter4\framework\system\Autoloader\Autoloader.php(258): CodeIgniter\Autoloader\Autoloader->loadInNamespace('App\\Controllers...')
#2 [internal function]: CodeIgniter\Autoloader\Autoloader->loadClass('App\\Controllers...')
#3 [internal function]: spl_autoload_call('App\\Controllers...')
#4 C:\xampp\htdocs\internal-nutrilo\vendor\codeigniter4\framework\system\CodeIgniter.php(869): class_exists('\\App\\Controller...', true)
#5 C:\xampp\htdocs\internal-nutrilo\vendor\codeigniter4\framework\system\CodeIgniter.php(394): CodeIgniter\CodeIgniter->startController()
#6 C:\xampp\htdocs\internal-nutrilo\vendor\codeigniter4\framework\system\CodeIgniter.php(312): CodeIgniter\CodeIgniter->handleRequest(NULL, Object(Config\Cache), false)
#7 C:\xampp\htdocs\internal-nutrilo\public\index.php(45): CodeIgniter\CodeIgniter->run()
#8 C:\xampp\htdocs\internal-nutrilo\vendor\codeigniter4\framework\system\Commands\Server\rewrite.php(34): require_once('C:\\xampp\\htdocs...')
#9 {main}
CRITICAL - 2020-11-11 19:18:22 --> count(): Parameter must be an array or an object that implements Countable
#0 [internal function]: CodeIgniter\Debug\Exceptions->errorHandler(2, 'count(): Parame...', 'C:\\xampp\\htdocs...', 37, Array)
#1 C:\xampp\htdocs\internal-nutrilo\app\Controllers\Admin\Driver.php(37): count(NULL)
#2 C:\xampp\htdocs\internal-nutrilo\app\Controllers\Admin\Driver.php(200): App\Controllers\Admin\Driver->recursiveAddress('3.580994,98.662...', Array, Array, 0, 3600, 0, 2, NULL)
#3 C:\xampp\htdocs\internal-nutrilo\vendor\codeigniter4\framework\system\CodeIgniter.php(918): App\Controllers\Admin\Driver->setDriver()
#4 C:\xampp\htdocs\internal-nutrilo\vendor\codeigniter4\framework\system\CodeIgniter.php(404): CodeIgniter\CodeIgniter->runController(Object(App\Controllers\Admin\Driver))
#5 C:\xampp\htdocs\internal-nutrilo\vendor\codeigniter4\framework\system\CodeIgniter.php(312): CodeIgniter\CodeIgniter->handleRequest(NULL, Object(Config\Cache), false)
#6 C:\xampp\htdocs\internal-nutrilo\public\index.php(45): CodeIgniter\CodeIgniter->run()
#7 C:\xampp\htdocs\internal-nutrilo\vendor\codeigniter4\framework\system\Commands\Server\rewrite.php(34): require_once('C:\\xampp\\htdocs...')
#8 {main}
CRITICAL - 2020-11-11 19:18:42 --> count(): Parameter must be an array or an object that implements Countable
#0 [internal function]: CodeIgniter\Debug\Exceptions->errorHandler(2, 'count(): Parame...', 'C:\\xampp\\htdocs...', 37, Array)
#1 C:\xampp\htdocs\internal-nutrilo\app\Controllers\Admin\Driver.php(37): count(NULL)
#2 C:\xampp\htdocs\internal-nutrilo\app\Controllers\Admin\Driver.php(200): App\Controllers\Admin\Driver->recursiveAddress('3.580994,98.662...', Array, Array, 0, 3600, 0, 2, NULL)
#3 C:\xampp\htdocs\internal-nutrilo\vendor\codeigniter4\framework\system\CodeIgniter.php(918): App\Controllers\Admin\Driver->setDriver()
#4 C:\xampp\htdocs\internal-nutrilo\vendor\codeigniter4\framework\system\CodeIgniter.php(404): CodeIgniter\CodeIgniter->runController(Object(App\Controllers\Admin\Driver))
#5 C:\xampp\htdocs\internal-nutrilo\vendor\codeigniter4\framework\system\CodeIgniter.php(312): CodeIgniter\CodeIgniter->handleRequest(NULL, Object(Config\Cache), false)
#6 C:\xampp\htdocs\internal-nutrilo\public\index.php(45): CodeIgniter\CodeIgniter->run()
#7 C:\xampp\htdocs\internal-nutrilo\vendor\codeigniter4\framework\system\Commands\Server\rewrite.php(34): require_once('C:\\xampp\\htdocs...')
#8 {main}
CRITICAL - 2020-11-11 19:19:01 --> count(): Parameter must be an array or an object that implements Countable
#0 [internal function]: CodeIgniter\Debug\Exceptions->errorHandler(2, 'count(): Parame...', 'C:\\xampp\\htdocs...', 37, Array)
#1 C:\xampp\htdocs\internal-nutrilo\app\Controllers\Admin\Driver.php(37): count(NULL)
#2 C:\xampp\htdocs\internal-nutrilo\app\Controllers\Admin\Driver.php(200): App\Controllers\Admin\Driver->recursiveAddress('3.580994,98.662...', Array, Array, 0, 3600, 0, 2, NULL)
#3 C:\xampp\htdocs\internal-nutrilo\vendor\codeigniter4\framework\system\CodeIgniter.php(918): App\Controllers\Admin\Driver->setDriver()
#4 C:\xampp\htdocs\internal-nutrilo\vendor\codeigniter4\framework\system\CodeIgniter.php(404): CodeIgniter\CodeIgniter->runController(Object(App\Controllers\Admin\Driver))
#5 C:\xampp\htdocs\internal-nutrilo\vendor\codeigniter4\framework\system\CodeIgniter.php(312): CodeIgniter\CodeIgniter->handleRequest(NULL, Object(Config\Cache), false)
#6 C:\xampp\htdocs\internal-nutrilo\public\index.php(45): CodeIgniter\CodeIgniter->run()
#7 C:\xampp\htdocs\internal-nutrilo\vendor\codeigniter4\framework\system\Commands\Server\rewrite.php(34): require_once('C:\\xampp\\htdocs...')
#8 {main}
CRITICAL - 2020-11-11 19:19:46 --> count(): Parameter must be an array or an object that implements Countable
#0 [internal function]: CodeIgniter\Debug\Exceptions->errorHandler(2, 'count(): Parame...', 'C:\\xampp\\htdocs...', 37, Array)
#1 C:\xampp\htdocs\internal-nutrilo\app\Controllers\Admin\Driver.php(37): count(NULL)
#2 C:\xampp\htdocs\internal-nutrilo\app\Controllers\Admin\Driver.php(200): App\Controllers\Admin\Driver->recursiveAddress('3.580994,98.662...', Array, Array, 0, 3600, 0, 2, NULL)
#3 C:\xampp\htdocs\internal-nutrilo\vendor\codeigniter4\framework\system\CodeIgniter.php(918): App\Controllers\Admin\Driver->setDriver()
#4 C:\xampp\htdocs\internal-nutrilo\vendor\codeigniter4\framework\system\CodeIgniter.php(404): CodeIgniter\CodeIgniter->runController(Object(App\Controllers\Admin\Driver))
#5 C:\xampp\htdocs\internal-nutrilo\vendor\codeigniter4\framework\system\CodeIgniter.php(312): CodeIgniter\CodeIgniter->handleRequest(NULL, Object(Config\Cache), false)
#6 C:\xampp\htdocs\internal-nutrilo\public\index.php(45): CodeIgniter\CodeIgniter->run()
#7 C:\xampp\htdocs\internal-nutrilo\vendor\codeigniter4\framework\system\Commands\Server\rewrite.php(34): require_once('C:\\xampp\\htdocs...')
#8 {main}
CRITICAL - 2020-11-11 19:20:14 --> count(): Parameter must be an array or an object that implements Countable
#0 [internal function]: CodeIgniter\Debug\Exceptions->errorHandler(2, 'count(): Parame...', 'C:\\xampp\\htdocs...', 37, Array)
#1 C:\xampp\htdocs\internal-nutrilo\app\Controllers\Admin\Driver.php(37): count(NULL)
#2 C:\xampp\htdocs\internal-nutrilo\app\Controllers\Admin\Driver.php(200): App\Controllers\Admin\Driver->recursiveAddress('3.580994,98.662...', Array, Array, 0, 3600, 0, 2, NULL)
#3 C:\xampp\htdocs\internal-nutrilo\vendor\codeigniter4\framework\system\CodeIgniter.php(918): App\Controllers\Admin\Driver->setDriver()
#4 C:\xampp\htdocs\internal-nutrilo\vendor\codeigniter4\framework\system\CodeIgniter.php(404): CodeIgniter\CodeIgniter->runController(Object(App\Controllers\Admin\Driver))
#5 C:\xampp\htdocs\internal-nutrilo\vendor\codeigniter4\framework\system\CodeIgniter.php(312): CodeIgniter\CodeIgniter->handleRequest(NULL, Object(Config\Cache), false)
#6 C:\xampp\htdocs\internal-nutrilo\public\index.php(45): CodeIgniter\CodeIgniter->run()
#7 C:\xampp\htdocs\internal-nutrilo\vendor\codeigniter4\framework\system\Commands\Server\rewrite.php(34): require_once('C:\\xampp\\htdocs...')
#8 {main}
CRITICAL - 2020-11-11 19:49:31 --> count(): Parameter must be an array or an object that implements Countable
#0 [internal function]: CodeIgniter\Debug\Exceptions->errorHandler(2, 'count(): Parame...', 'C:\\xampp\\htdocs...', 40, Array)
#1 C:\xampp\htdocs\internal-nutrilo\app\Controllers\Admin\Driver.php(40): count(NULL)
#2 C:\xampp\htdocs\internal-nutrilo\app\Controllers\Admin\Driver.php(228): App\Controllers\Admin\Driver->recursiveAddress('3.580994,98.662...', Array, Array, 0, 12000, 0, 2, Array, 2)
#3 C:\xampp\htdocs\internal-nutrilo\vendor\codeigniter4\framework\system\CodeIgniter.php(918): App\Controllers\Admin\Driver->setDriver()
#4 C:\xampp\htdocs\internal-nutrilo\vendor\codeigniter4\framework\system\CodeIgniter.php(404): CodeIgniter\CodeIgniter->runController(Object(App\Controllers\Admin\Driver))
#5 C:\xampp\htdocs\internal-nutrilo\vendor\codeigniter4\framework\system\CodeIgniter.php(312): CodeIgniter\CodeIgniter->handleRequest(NULL, Object(Config\Cache), false)
#6 C:\xampp\htdocs\internal-nutrilo\public\index.php(45): CodeIgniter\CodeIgniter->run()
#7 C:\xampp\htdocs\internal-nutrilo\vendor\codeigniter4\framework\system\Commands\Server\rewrite.php(34): require_once('C:\\xampp\\htdocs...')
#8 {main}
CRITICAL - 2020-11-11 19:51:48 --> Allowed memory size of 134217728 bytes exhausted (tried to allocate 50331656 bytes)
#0 [internal function]: CodeIgniter\Debug\Exceptions->shutdownHandler()
#1 {main}
CRITICAL - 2020-11-11 19:53:16 --> Allowed memory size of 134217728 bytes exhausted (tried to allocate 50331656 bytes)
#0 [internal function]: CodeIgniter\Debug\Exceptions->shutdownHandler()
#1 {main}
CRITICAL - 2020-11-11 19:53:27 --> Allowed memory size of 134217728 bytes exhausted (tried to allocate 50331656 bytes)
#0 [internal function]: CodeIgniter\Debug\Exceptions->shutdownHandler()
#1 {main}
CRITICAL - 2020-11-11 19:55:22 --> Allowed memory size of 134217728 bytes exhausted (tried to allocate 50331656 bytes)
#0 [internal function]: CodeIgniter\Debug\Exceptions->shutdownHandler()
#1 {main}
CRITICAL - 2020-11-11 19:55:39 --> Allowed memory size of 134217728 bytes exhausted (tried to allocate 50331656 bytes)
#0 [internal function]: CodeIgniter\Debug\Exceptions->shutdownHandler()
#1 {main}
CRITICAL - 2020-11-11 19:55:53 --> Allowed memory size of 134217728 bytes exhausted (tried to allocate 50331656 bytes)
#0 [internal function]: CodeIgniter\Debug\Exceptions->shutdownHandler()
#1 {main}
CRITICAL - 2020-11-11 19:56:05 --> Allowed memory size of 134217728 bytes exhausted (tried to allocate 50331656 bytes)
#0 [internal function]: CodeIgniter\Debug\Exceptions->shutdownHandler()
#1 {main}
CRITICAL - 2020-11-11 19:56:11 --> Allowed memory size of 134217728 bytes exhausted (tried to allocate 50331656 bytes)
#0 [internal function]: CodeIgniter\Debug\Exceptions->shutdownHandler()
#1 {main}
CRITICAL - 2020-11-11 19:56:30 --> Allowed memory size of 134217728 bytes exhausted (tried to allocate 50331656 bytes)
#0 [internal function]: CodeIgniter\Debug\Exceptions->shutdownHandler()
#1 {main}
CRITICAL - 2020-11-11 19:57:07 --> syntax error, unexpected '<'
#0 C:\xampp\htdocs\internal-nutrilo\vendor\codeigniter4\framework\system\Autoloader\Autoloader.php(296): CodeIgniter\Autoloader\Autoloader->requireFile('C:\\xampp\\htdocs...')
#1 C:\xampp\htdocs\internal-nutrilo\vendor\codeigniter4\framework\system\Autoloader\Autoloader.php(258): CodeIgniter\Autoloader\Autoloader->loadInNamespace('App\\Controllers...')
#2 [internal function]: CodeIgniter\Autoloader\Autoloader->loadClass('App\\Controllers...')
#3 [internal function]: spl_autoload_call('App\\Controllers...')
#4 C:\xampp\htdocs\internal-nutrilo\vendor\codeigniter4\framework\system\CodeIgniter.php(869): class_exists('\\App\\Controller...', true)
#5 C:\xampp\htdocs\internal-nutrilo\vendor\codeigniter4\framework\system\CodeIgniter.php(394): CodeIgniter\CodeIgniter->startController()
#6 C:\xampp\htdocs\internal-nutrilo\vendor\codeigniter4\framework\system\CodeIgniter.php(312): CodeIgniter\CodeIgniter->handleRequest(NULL, Object(Config\Cache), false)
#7 C:\xampp\htdocs\internal-nutrilo\public\index.php(45): CodeIgniter\CodeIgniter->run()
#8 C:\xampp\htdocs\internal-nutrilo\vendor\codeigniter4\framework\system\Commands\Server\rewrite.php(34): require_once('C:\\xampp\\htdocs...')
#9 {main}
CRITICAL - 2020-11-11 19:57:19 --> Allowed memory size of 134217728 bytes exhausted (tried to allocate 41959424 bytes)
#0 [internal function]: CodeIgniter\Debug\Exceptions->shutdownHandler()
#1 {main}
CRITICAL - 2020-11-11 19:57:26 --> Allowed memory size of 134217728 bytes exhausted (tried to allocate 41959424 bytes)
#0 [internal function]: CodeIgniter\Debug\Exceptions->shutdownHandler()
#1 {main}
CRITICAL - 2020-11-11 19:57:40 --> Allowed memory size of 134217728 bytes exhausted (tried to allocate 41959424 bytes)
#0 [internal function]: CodeIgniter\Debug\Exceptions->shutdownHandler()
#1 {main}
CRITICAL - 2020-11-11 19:58:00 --> Allowed memory size of 134217728 bytes exhausted (tried to allocate 41959424 bytes)
#0 [internal function]: CodeIgniter\Debug\Exceptions->shutdownHandler()
#1 {main}
CRITICAL - 2020-11-11 19:58:19 --> Allowed memory size of 134217728 bytes exhausted (tried to allocate 37765120 bytes)
#0 [internal function]: CodeIgniter\Debug\Exceptions->shutdownHandler()
#1 {main}
CRITICAL - 2020-11-11 19:58:34 --> Allowed memory size of 134217728 bytes exhausted (tried to allocate 37765120 bytes)
#0 [internal function]: CodeIgniter\Debug\Exceptions->shutdownHandler()
#1 {main}
CRITICAL - 2020-11-11 19:59:29 --> Allowed memory size of 134217728 bytes exhausted (tried to allocate 37765120 bytes)
#0 [internal function]: CodeIgniter\Debug\Exceptions->shutdownHandler()
#1 {main}
CRITICAL - 2020-11-11 20:04:54 --> Allowed memory size of 134217728 bytes exhausted (tried to allocate 50331656 bytes)
#0 [internal function]: CodeIgniter\Debug\Exceptions->shutdownHandler()
#1 {main}
CRITICAL - 2020-11-11 20:06:58 --> Allowed memory size of 134217728 bytes exhausted (tried to allocate 65028096 bytes)
#0 [internal function]: CodeIgniter\Debug\Exceptions->shutdownHandler()
#1 {main}
CRITICAL - 2020-11-11 20:07:12 --> Allowed memory size of 134217728 bytes exhausted (tried to allocate 65028096 bytes)
#0 [internal function]: CodeIgniter\Debug\Exceptions->shutdownHandler()
#1 {main}
CRITICAL - 2020-11-11 20:08:21 --> Allowed memory size of 134217728 bytes exhausted (tried to allocate 65028096 bytes)
#0 [internal function]: CodeIgniter\Debug\Exceptions->shutdownHandler()
#1 {main}
CRITICAL - 2020-11-11 20:08:31 --> Allowed memory size of 134217728 bytes exhausted (tried to allocate 65028096 bytes)
#0 [internal function]: CodeIgniter\Debug\Exceptions->shutdownHandler()
#1 {main}
CRITICAL - 2020-11-11 21:34:14 --> Maximum execution time of 60 seconds exceeded
#0 [internal function]: CodeIgniter\Debug\Exceptions->shutdownHandler()
#1 {main}
CRITICAL - 2020-11-11 21:35:14 --> Maximum execution time of 60 seconds exceeded
#0 [internal function]: CodeIgniter\Debug\Exceptions->shutdownHandler()
#1 {main}
CRITICAL - 2020-11-11 21:36:14 --> Maximum execution time of 60 seconds exceeded
#0 [internal function]: CodeIgniter\Debug\Exceptions->shutdownHandler()
#1 {main}
CRITICAL - 2020-11-11 21:37:14 --> Maximum execution time of 60 seconds exceeded
#0 [internal function]: CodeIgniter\Debug\Exceptions->shutdownHandler()
#1 {main}
CRITICAL - 2020-11-11 21:38:49 --> Maximum execution time of 60 seconds exceeded
#0 [internal function]: CodeIgniter\Debug\Exceptions->shutdownHandler()
#1 {main}
CRITICAL - 2020-11-11 21:38:56 --> Allowed memory size of 134217728 bytes exhausted (tried to allocate 50348032 bytes)
#0 [internal function]: CodeIgniter\Debug\Exceptions->shutdownHandler()
#1 {main}
CRITICAL - 2020-11-11 21:40:00 --> Allowed memory size of 134217728 bytes exhausted (tried to allocate 50331656 bytes)
#0 [internal function]: CodeIgniter\Debug\Exceptions->shutdownHandler()
#1 {main}
CRITICAL - 2020-11-11 21:40:07 --> Allowed memory size of 134217728 bytes exhausted (tried to allocate 50331656 bytes)
#0 [internal function]: CodeIgniter\Debug\Exceptions->shutdownHandler()
#1 {main}
CRITICAL - 2020-11-11 21:40:21 --> Allowed memory size of 134217728 bytes exhausted (tried to allocate 50331656 bytes)
#0 [internal function]: CodeIgniter\Debug\Exceptions->shutdownHandler()
#1 {main}
CRITICAL - 2020-11-11 21:40:54 --> Allowed memory size of 134217728 bytes exhausted (tried to allocate 50331656 bytes)
#0 [internal function]: CodeIgniter\Debug\Exceptions->shutdownHandler()
#1 {main}
CRITICAL - 2020-11-11 21:41:06 --> Allowed memory size of 134217728 bytes exhausted (tried to allocate 50331656 bytes)
#0 [internal function]: CodeIgniter\Debug\Exceptions->shutdownHandler()
#1 {main}
CRITICAL - 2020-11-11 21:41:59 --> Allowed memory size of 134217728 bytes exhausted (tried to allocate 50331656 bytes)
#0 [internal function]: CodeIgniter\Debug\Exceptions->shutdownHandler()
#1 {main}
CRITICAL - 2020-11-11 21:42:17 --> Allowed memory size of 134217728 bytes exhausted (tried to allocate 50331656 bytes)
#0 [internal function]: CodeIgniter\Debug\Exceptions->shutdownHandler()
#1 {main}
CRITICAL - 2020-11-11 21:42:31 --> Allowed memory size of 134217728 bytes exhausted (tried to allocate 50331656 bytes)
#0 [internal function]: CodeIgniter\Debug\Exceptions->shutdownHandler()
#1 {main}
CRITICAL - 2020-11-11 21:43:14 --> Allowed memory size of 134217728 bytes exhausted (tried to allocate 50331656 bytes)
#0 [internal function]: CodeIgniter\Debug\Exceptions->shutdownHandler()
#1 {main}
CRITICAL - 2020-11-11 21:43:36 --> Allowed memory size of 134217728 bytes exhausted (tried to allocate 50331656 bytes)
#0 [internal function]: CodeIgniter\Debug\Exceptions->shutdownHandler()
#1 {main}
CRITICAL - 2020-11-11 21:44:20 --> Allowed memory size of 134217728 bytes exhausted (tried to allocate 37765120 bytes)
#0 [internal function]: CodeIgniter\Debug\Exceptions->shutdownHandler()
#1 {main}
CRITICAL - 2020-11-11 21:45:19 --> Call to undefined function getshortestmap()
#0 C:\xampp\htdocs\internal-nutrilo\app\Controllers\Admin\Driver.php(242): App\Controllers\Admin\Driver->recursiveAddress('3.580994,98.662...', Array, Array, 0, 12000, 0, 4, Array, 0)
#1 C:\xampp\htdocs\internal-nutrilo\vendor\codeigniter4\framework\system\CodeIgniter.php(918): App\Controllers\Admin\Driver->setDriver()
#2 C:\xampp\htdocs\internal-nutrilo\vendor\codeigniter4\framework\system\CodeIgniter.php(404): CodeIgniter\CodeIgniter->runController(Object(App\Controllers\Admin\Driver))
#3 C:\xampp\htdocs\internal-nutrilo\vendor\codeigniter4\framework\system\CodeIgniter.php(312): CodeIgniter\CodeIgniter->handleRequest(NULL, Object(Config\Cache), false)
#4 C:\xampp\htdocs\internal-nutrilo\public\index.php(45): CodeIgniter\CodeIgniter->run()
#5 C:\xampp\htdocs\internal-nutrilo\vendor\codeigniter4\framework\system\Commands\Server\rewrite.php(34): require_once('C:\\xampp\\htdocs...')
#6 {main}
CRITICAL - 2020-11-11 21:59:03 --> Allowed memory size of 134217728 bytes exhausted (tried to allocate 37765120 bytes)
#0 [internal function]: CodeIgniter\Debug\Exceptions->shutdownHandler()
#1 {main}
CRITICAL - 2020-11-11 22:17:38 --> syntax error, unexpected '}', expecting ',' or ';'
#0 C:\xampp\htdocs\internal-nutrilo\vendor\codeigniter4\framework\system\Autoloader\Autoloader.php(296): CodeIgniter\Autoloader\Autoloader->requireFile('C:\\xampp\\htdocs...')
#1 C:\xampp\htdocs\internal-nutrilo\vendor\codeigniter4\framework\system\Autoloader\Autoloader.php(258): CodeIgniter\Autoloader\Autoloader->loadInNamespace('App\\Controllers...')
#2 [internal function]: CodeIgniter\Autoloader\Autoloader->loadClass('App\\Controllers...')
#3 [internal function]: spl_autoload_call('App\\Controllers...')
#4 C:\xampp\htdocs\internal-nutrilo\vendor\codeigniter4\framework\system\CodeIgniter.php(869): class_exists('\\App\\Controller...', true)
#5 C:\xampp\htdocs\internal-nutrilo\vendor\codeigniter4\framework\system\CodeIgniter.php(394): CodeIgniter\CodeIgniter->startController()
#6 C:\xampp\htdocs\internal-nutrilo\vendor\codeigniter4\framework\system\CodeIgniter.php(312): CodeIgniter\CodeIgniter->handleRequest(NULL, Object(Config\Cache), false)
#7 C:\xampp\htdocs\internal-nutrilo\public\index.php(45): CodeIgniter\CodeIgniter->run()
#8 C:\xampp\htdocs\internal-nutrilo\vendor\codeigniter4\framework\system\Commands\Server\rewrite.php(34): require_once('C:\\xampp\\htdocs...')
#9 {main}
CRITICAL - 2020-11-11 22:39:44 --> Allowed memory size of 134217728 bytes exhausted (tried to allocate 50331656 bytes)
#0 [internal function]: CodeIgniter\Debug\Exceptions->shutdownHandler()
#1 {main}
CRITICAL - 2020-11-11 22:40:11 --> Allowed memory size of 134217728 bytes exhausted (tried to allocate 50331656 bytes)
#0 [internal function]: CodeIgniter\Debug\Exceptions->shutdownHandler()
#1 {main}
CRITICAL - 2020-11-11 22:40:37 --> Allowed memory size of 134217728 bytes exhausted (tried to allocate 50331656 bytes)
#0 [internal function]: CodeIgniter\Debug\Exceptions->shutdownHandler()
#1 {main}
CRITICAL - 2020-11-11 22:41:03 --> Allowed memory size of 134217728 bytes exhausted (tried to allocate 50331656 bytes)
#0 [internal function]: CodeIgniter\Debug\Exceptions->shutdownHandler()
#1 {main}
CRITICAL - 2020-11-11 22:41:33 --> Allowed memory size of 134217728 bytes exhausted (tried to allocate 50331656 bytes)
#0 [internal function]: CodeIgniter\Debug\Exceptions->shutdownHandler()
#1 {main}
CRITICAL - 2020-11-11 22:43:44 --> Allowed memory size of 134217728 bytes exhausted (tried to allocate 50331656 bytes)
#0 [internal function]: CodeIgniter\Debug\Exceptions->shutdownHandler()
#1 {main}
CRITICAL - 2020-11-11 22:43:55 --> Allowed memory size of 134217728 bytes exhausted (tried to allocate 50331656 bytes)
#0 [internal function]: CodeIgniter\Debug\Exceptions->shutdownHandler()
#1 {main}
CRITICAL - 2020-11-11 22:44:26 --> Allowed memory size of 134217728 bytes exhausted (tried to allocate 50331656 bytes)
#0 [internal function]: CodeIgniter\Debug\Exceptions->shutdownHandler()
#1 {main}
CRITICAL - 2020-11-11 22:45:17 --> Allowed memory size of 134217728 bytes exhausted (tried to allocate 50331656 bytes)
#0 [internal function]: CodeIgniter\Debug\Exceptions->shutdownHandler()
#1 {main}
CRITICAL - 2020-11-11 22:46:24 --> Allowed memory size of 134217728 bytes exhausted (tried to allocate 37765120 bytes)
#0 [internal function]: CodeIgniter\Debug\Exceptions->shutdownHandler()
#1 {main}
CRITICAL - 2020-11-11 22:46:39 --> Allowed memory size of 134217728 bytes exhausted (tried to allocate 37765120 bytes)
#0 [internal function]: CodeIgniter\Debug\Exceptions->shutdownHandler()
#1 {main}
CRITICAL - 2020-11-11 22:47:39 --> Allowed memory size of 134217728 bytes exhausted (tried to allocate 50331656 bytes)
#0 [internal function]: CodeIgniter\Debug\Exceptions->shutdownHandler()
#1 {main}
CRITICAL - 2020-11-11 22:54:06 --> Allowed memory size of 134217728 bytes exhausted (tried to allocate 48250880 bytes)
#0 [internal function]: CodeIgniter\Debug\Exceptions->shutdownHandler()
#1 {main}
CRITICAL - 2020-11-11 22:54:27 --> Allowed memory size of 134217728 bytes exhausted (tried to allocate 48250880 bytes)
#0 [internal function]: CodeIgniter\Debug\Exceptions->shutdownHandler()
#1 {main}
CRITICAL - 2020-11-11 22:59:20 --> Allowed memory size of 134217728 bytes exhausted (tried to allocate 50348032 bytes)
#0 [internal function]: CodeIgniter\Debug\Exceptions->shutdownHandler()
#1 {main}
CRITICAL - 2020-11-11 23:01:14 --> Allowed memory size of 134217728 bytes exhausted (tried to allocate 48250880 bytes)
#0 [internal function]: CodeIgniter\Debug\Exceptions->shutdownHandler()
#1 {main}
CRITICAL - 2020-11-11 23:01:49 --> 7 : Failed to connect to maps.googleapis.com port 443: Timed out
#0 C:\xampp\htdocs\internal-nutrilo\vendor\codeigniter4\framework\system\HTTP\CURLRequest.php(821): CodeIgniter\HTTP\Exceptions\HTTPException::forCurlError('7', 'Failed to conne...')
#1 C:\xampp\htdocs\internal-nutrilo\vendor\codeigniter4\framework\system\HTTP\CURLRequest.php(449): CodeIgniter\HTTP\CURLRequest->sendRequest(Array)
#2 C:\xampp\htdocs\internal-nutrilo\vendor\codeigniter4\framework\system\HTTP\CURLRequest.php(158): CodeIgniter\HTTP\CURLRequest->send('GET', 'https://maps.go...')
#3 C:\xampp\htdocs\internal-nutrilo\app\Controllers\Admin\Driver.php(46): CodeIgniter\HTTP\CURLRequest->request('GET', 'https://maps.go...')
#4 C:\xampp\htdocs\internal-nutrilo\app\Controllers\Admin\Driver.php(122): App\Controllers\Admin\Driver->getShortestMap('3.584493,98.691...', Array, Array)
#5 C:\xampp\htdocs\internal-nutrilo\app\Controllers\Admin\Driver.php(283): App\Controllers\Admin\Driver->recursiveAddress('3.584493,98.691...', Array, Array, 1321, 12000, 3, 4, Array, 0)
#6 C:\xampp\htdocs\internal-nutrilo\vendor\codeigniter4\framework\system\CodeIgniter.php(918): App\Controllers\Admin\Driver->setDriver()
#7 C:\xampp\htdocs\internal-nutrilo\vendor\codeigniter4\framework\system\CodeIgniter.php(404): CodeIgniter\CodeIgniter->runController(Object(App\Controllers\Admin\Driver))
#8 C:\xampp\htdocs\internal-nutrilo\vendor\codeigniter4\framework\system\CodeIgniter.php(312): CodeIgniter\CodeIgniter->handleRequest(NULL, Object(Config\Cache), false)
#9 C:\xampp\htdocs\internal-nutrilo\public\index.php(45): CodeIgniter\CodeIgniter->run()
#10 C:\xampp\htdocs\internal-nutrilo\vendor\codeigniter4\framework\system\Commands\Server\rewrite.php(34): require_once('C:\\xampp\\htdocs...')
#11 {main}
CRITICAL - 2020-11-11 23:03:23 --> Allowed memory size of 134217728 bytes exhausted (tried to allocate 48250880 bytes)
#0 [internal function]: CodeIgniter\Debug\Exceptions->shutdownHandler()
#1 {main}
CRITICAL - 2020-11-11 23:09:48 --> Allowed memory size of 134217728 bytes exhausted (tried to allocate 50331656 bytes)
#0 [internal function]: CodeIgniter\Debug\Exceptions->shutdownHandler()
#1 {main}
CRITICAL - 2020-11-11 23:10:22 --> Allowed memory size of 134217728 bytes exhausted (tried to allocate 37765120 bytes)
#0 [internal function]: CodeIgniter\Debug\Exceptions->shutdownHandler()
#1 {main}
CRITICAL - 2020-11-11 23:18:28 --> Allowed memory size of 134217728 bytes exhausted (tried to allocate 37765120 bytes)
#0 [internal function]: CodeIgniter\Debug\Exceptions->shutdownHandler()
#1 {main}
CRITICAL - 2020-11-11 23:28:02 --> Allowed memory size of 134217728 bytes exhausted (tried to allocate 50348032 bytes)
#0 [internal function]: CodeIgniter\Debug\Exceptions->shutdownHandler()
#1 {main}
CRITICAL - 2020-11-11 23:33:34 --> Allowed memory size of 134217728 bytes exhausted (tried to allocate 50331656 bytes)
#0 [internal function]: CodeIgniter\Debug\Exceptions->shutdownHandler()
#1 {main}
