CRITICAL - 2020-10-31 00:54:05 --> Call to undefined method App\Models\Admin\Menu_model::getMenuByPartner
#0 C:\xampp\htdocs\internal-nutrilo\app\Controllers\Admin\Catering_order.php(40): CodeIgniter\Model->__call('getMenuByPartne...', Array)
#1 C:\xampp\htdocs\internal-nutrilo\vendor\codeigniter4\framework\system\CodeIgniter.php(918): App\Controllers\Admin\Catering_order->index()
#2 C:\xampp\htdocs\internal-nutrilo\vendor\codeigniter4\framework\system\CodeIgniter.php(404): CodeIgniter\CodeIgniter->runController(Object(App\Controllers\Admin\Catering_order))
#3 C:\xampp\htdocs\internal-nutrilo\vendor\codeigniter4\framework\system\CodeIgniter.php(312): CodeIgniter\CodeIgniter->handleRequest(NULL, Object(Config\Cache), false)
#4 C:\xampp\htdocs\internal-nutrilo\public\index.php(45): CodeIgniter\CodeIgniter->run()
#5 C:\xampp\htdocs\internal-nutrilo\vendor\codeigniter4\framework\system\Commands\Server\rewrite.php(34): require_once('C:\\xampp\\htdocs...')
#6 {main}
CRITICAL - 2020-10-31 00:54:14 --> Call to undefined method App\Models\Admin\Menu_model::getMenuByPartner
#0 C:\xampp\htdocs\internal-nutrilo\app\Controllers\Admin\Catering_order.php(40): CodeIgniter\Model->__call('getMenuByPartne...', Array)
#1 C:\xampp\htdocs\internal-nutrilo\vendor\codeigniter4\framework\system\CodeIgniter.php(918): App\Controllers\Admin\Catering_order->index()
#2 C:\xampp\htdocs\internal-nutrilo\vendor\codeigniter4\framework\system\CodeIgniter.php(404): CodeIgniter\CodeIgniter->runController(Object(App\Controllers\Admin\Catering_order))
#3 C:\xampp\htdocs\internal-nutrilo\vendor\codeigniter4\framework\system\CodeIgniter.php(312): CodeIgniter\CodeIgniter->handleRequest(NULL, Object(Config\Cache), false)
#4 C:\xampp\htdocs\internal-nutrilo\public\index.php(45): CodeIgniter\CodeIgniter->run()
#5 C:\xampp\htdocs\internal-nutrilo\vendor\codeigniter4\framework\system\Commands\Server\rewrite.php(34): require_once('C:\\xampp\\htdocs...')
#6 {main}
CRITICAL - 2020-10-31 01:05:49 --> Call to a member function getRow() on string
#0 C:\xampp\htdocs\internal-nutrilo\vendor\codeigniter4\framework\system\CodeIgniter.php(918): App\Controllers\Admin\Catering_order->save()
#1 C:\xampp\htdocs\internal-nutrilo\vendor\codeigniter4\framework\system\CodeIgniter.php(404): CodeIgniter\CodeIgniter->runController(Object(App\Controllers\Admin\Catering_order))
#2 C:\xampp\htdocs\internal-nutrilo\vendor\codeigniter4\framework\system\CodeIgniter.php(312): CodeIgniter\CodeIgniter->handleRequest(NULL, Object(Config\Cache), false)
#3 C:\xampp\htdocs\internal-nutrilo\public\index.php(45): CodeIgniter\CodeIgniter->run()
#4 C:\xampp\htdocs\internal-nutrilo\vendor\codeigniter4\framework\system\Commands\Server\rewrite.php(34): require_once('C:\\xampp\\htdocs...')
#5 {main}
CRITICAL - 2020-10-31 11:20:07 --> syntax error, unexpected 'public' (T_PUBLIC)
#0 C:\xampp\htdocs\internal-nutrilo\vendor\codeigniter4\framework\system\Autoloader\Autoloader.php(296): CodeIgniter\Autoloader\Autoloader->requireFile('C:\\xampp\\htdocs...')
#1 C:\xampp\htdocs\internal-nutrilo\vendor\codeigniter4\framework\system\Autoloader\Autoloader.php(258): CodeIgniter\Autoloader\Autoloader->loadInNamespace('App\\Models\\Admi...')
#2 [internal function]: CodeIgniter\Autoloader\Autoloader->loadClass('App\\Models\\Admi...')
#3 C:\xampp\htdocs\internal-nutrilo\app\Controllers\Admin\Catering_order.php(35): spl_autoload_call('App\\Models\\Admi...')
#4 C:\xampp\htdocs\internal-nutrilo\vendor\codeigniter4\framework\system\CodeIgniter.php(918): App\Controllers\Admin\Catering_order->index()
#5 C:\xampp\htdocs\internal-nutrilo\vendor\codeigniter4\framework\system\CodeIgniter.php(404): CodeIgniter\CodeIgniter->runController(Object(App\Controllers\Admin\Catering_order))
#6 C:\xampp\htdocs\internal-nutrilo\vendor\codeigniter4\framework\system\CodeIgniter.php(312): CodeIgniter\CodeIgniter->handleRequest(NULL, Object(Config\Cache), false)
#7 C:\xampp\htdocs\internal-nutrilo\public\index.php(45): CodeIgniter\CodeIgniter->run()
#8 C:\xampp\htdocs\internal-nutrilo\vendor\codeigniter4\framework\system\Commands\Server\rewrite.php(34): require_once('C:\\xampp\\htdocs...')
#9 {main}
CRITICAL - 2020-10-31 11:36:36 --> Call to a member function getResult() on array
#0 C:\xampp\htdocs\internal-nutrilo\vendor\codeigniter4\framework\system\CodeIgniter.php(918): App\Controllers\Admin\Catering_order->index()
#1 C:\xampp\htdocs\internal-nutrilo\vendor\codeigniter4\framework\system\CodeIgniter.php(404): CodeIgniter\CodeIgniter->runController(Object(App\Controllers\Admin\Catering_order))
#2 C:\xampp\htdocs\internal-nutrilo\vendor\codeigniter4\framework\system\CodeIgniter.php(312): CodeIgniter\CodeIgniter->handleRequest(NULL, Object(Config\Cache), false)
#3 C:\xampp\htdocs\internal-nutrilo\public\index.php(45): CodeIgniter\CodeIgniter->run()
#4 C:\xampp\htdocs\internal-nutrilo\vendor\codeigniter4\framework\system\Commands\Server\rewrite.php(34): require_once('C:\\xampp\\htdocs...')
#5 {main}
CRITICAL - 2020-10-31 11:36:43 --> Call to a member function getRow() on array
#0 C:\xampp\htdocs\internal-nutrilo\vendor\codeigniter4\framework\system\CodeIgniter.php(918): App\Controllers\Admin\Catering_order->index()
#1 C:\xampp\htdocs\internal-nutrilo\vendor\codeigniter4\framework\system\CodeIgniter.php(404): CodeIgniter\CodeIgniter->runController(Object(App\Controllers\Admin\Catering_order))
#2 C:\xampp\htdocs\internal-nutrilo\vendor\codeigniter4\framework\system\CodeIgniter.php(312): CodeIgniter\CodeIgniter->handleRequest(NULL, Object(Config\Cache), false)
#3 C:\xampp\htdocs\internal-nutrilo\public\index.php(45): CodeIgniter\CodeIgniter->run()
#4 C:\xampp\htdocs\internal-nutrilo\vendor\codeigniter4\framework\system\Commands\Server\rewrite.php(34): require_once('C:\\xampp\\htdocs...')
#5 {main}
CRITICAL - 2020-10-31 15:27:59 --> 22 : The requested URL returned error: 400 Bad Request
#0 C:\xampp\htdocs\internal-nutrilo\vendor\codeigniter4\framework\system\HTTP\CURLRequest.php(821): CodeIgniter\HTTP\Exceptions\HTTPException::forCurlError('22', 'The requested U...')
#1 C:\xampp\htdocs\internal-nutrilo\vendor\codeigniter4\framework\system\HTTP\CURLRequest.php(449): CodeIgniter\HTTP\CURLRequest->sendRequest(Array)
#2 C:\xampp\htdocs\internal-nutrilo\vendor\codeigniter4\framework\system\HTTP\CURLRequest.php(158): CodeIgniter\HTTP\CURLRequest->send('GET', 'https://maps.go...')
#3 C:\xampp\htdocs\internal-nutrilo\app\Controllers\Admin\Driver.php(34): CodeIgniter\HTTP\CURLRequest->request('GET', 'https://maps.go...')
#4 C:\xampp\htdocs\internal-nutrilo\app\Controllers\Admin\Driver.php(105): App\Controllers\Admin\Driver->recursiveAddress('3.580994,98.662...', Array, 0)
#5 C:\xampp\htdocs\internal-nutrilo\vendor\codeigniter4\framework\system\CodeIgniter.php(918): App\Controllers\Admin\Driver->setDriver()
#6 C:\xampp\htdocs\internal-nutrilo\vendor\codeigniter4\framework\system\CodeIgniter.php(404): CodeIgniter\CodeIgniter->runController(Object(App\Controllers\Admin\Driver))
#7 C:\xampp\htdocs\internal-nutrilo\vendor\codeigniter4\framework\system\CodeIgniter.php(312): CodeIgniter\CodeIgniter->handleRequest(NULL, Object(Config\Cache), false)
#8 C:\xampp\htdocs\internal-nutrilo\public\index.php(45): CodeIgniter\CodeIgniter->run()
#9 C:\xampp\htdocs\internal-nutrilo\vendor\codeigniter4\framework\system\Commands\Server\rewrite.php(34): require_once('C:\\xampp\\htdocs...')
#10 {main}
CRITICAL - 2020-10-31 15:28:15 --> 22 : The requested URL returned error: 400 Bad Request
#0 C:\xampp\htdocs\internal-nutrilo\vendor\codeigniter4\framework\system\HTTP\CURLRequest.php(821): CodeIgniter\HTTP\Exceptions\HTTPException::forCurlError('22', 'The requested U...')
#1 C:\xampp\htdocs\internal-nutrilo\vendor\codeigniter4\framework\system\HTTP\CURLRequest.php(449): CodeIgniter\HTTP\CURLRequest->sendRequest(Array)
#2 C:\xampp\htdocs\internal-nutrilo\vendor\codeigniter4\framework\system\HTTP\CURLRequest.php(158): CodeIgniter\HTTP\CURLRequest->send('GET', 'https://maps.go...')
#3 C:\xampp\htdocs\internal-nutrilo\app\Controllers\Admin\Driver.php(34): CodeIgniter\HTTP\CURLRequest->request('GET', 'https://maps.go...')
#4 C:\xampp\htdocs\internal-nutrilo\app\Controllers\Admin\Driver.php(105): App\Controllers\Admin\Driver->recursiveAddress('3.580994,98.662...', Array, 0)
#5 C:\xampp\htdocs\internal-nutrilo\vendor\codeigniter4\framework\system\CodeIgniter.php(918): App\Controllers\Admin\Driver->setDriver()
#6 C:\xampp\htdocs\internal-nutrilo\vendor\codeigniter4\framework\system\CodeIgniter.php(404): CodeIgniter\CodeIgniter->runController(Object(App\Controllers\Admin\Driver))
#7 C:\xampp\htdocs\internal-nutrilo\vendor\codeigniter4\framework\system\CodeIgniter.php(312): CodeIgniter\CodeIgniter->handleRequest(NULL, Object(Config\Cache), false)
#8 C:\xampp\htdocs\internal-nutrilo\public\index.php(45): CodeIgniter\CodeIgniter->run()
#9 C:\xampp\htdocs\internal-nutrilo\vendor\codeigniter4\framework\system\Commands\Server\rewrite.php(34): require_once('C:\\xampp\\htdocs...')
#10 {main}
CRITICAL - 2020-10-31 15:29:57 --> 22 : The requested URL returned error: 400 Bad Request
#0 C:\xampp\htdocs\internal-nutrilo\vendor\codeigniter4\framework\system\HTTP\CURLRequest.php(821): CodeIgniter\HTTP\Exceptions\HTTPException::forCurlError('22', 'The requested U...')
#1 C:\xampp\htdocs\internal-nutrilo\vendor\codeigniter4\framework\system\HTTP\CURLRequest.php(449): CodeIgniter\HTTP\CURLRequest->sendRequest(Array)
#2 C:\xampp\htdocs\internal-nutrilo\vendor\codeigniter4\framework\system\HTTP\CURLRequest.php(158): CodeIgniter\HTTP\CURLRequest->send('GET', 'https://maps.go...')
#3 C:\xampp\htdocs\internal-nutrilo\app\Controllers\Admin\Driver.php(34): CodeIgniter\HTTP\CURLRequest->request('GET', 'https://maps.go...')
#4 C:\xampp\htdocs\internal-nutrilo\app\Controllers\Admin\Driver.php(103): App\Controllers\Admin\Driver->recursiveAddress('3.580994,98.662...', Array, 0)
#5 C:\xampp\htdocs\internal-nutrilo\vendor\codeigniter4\framework\system\CodeIgniter.php(918): App\Controllers\Admin\Driver->setDriver()
#6 C:\xampp\htdocs\internal-nutrilo\vendor\codeigniter4\framework\system\CodeIgniter.php(404): CodeIgniter\CodeIgniter->runController(Object(App\Controllers\Admin\Driver))
#7 C:\xampp\htdocs\internal-nutrilo\vendor\codeigniter4\framework\system\CodeIgniter.php(312): CodeIgniter\CodeIgniter->handleRequest(NULL, Object(Config\Cache), false)
#8 C:\xampp\htdocs\internal-nutrilo\public\index.php(45): CodeIgniter\CodeIgniter->run()
#9 C:\xampp\htdocs\internal-nutrilo\vendor\codeigniter4\framework\system\Commands\Server\rewrite.php(34): require_once('C:\\xampp\\htdocs...')
#10 {main}
CRITICAL - 2020-10-31 15:31:18 --> 22 : The requested URL returned error: 400 Bad Request
#0 C:\xampp\htdocs\internal-nutrilo\vendor\codeigniter4\framework\system\HTTP\CURLRequest.php(821): CodeIgniter\HTTP\Exceptions\HTTPException::forCurlError('22', 'The requested U...')
#1 C:\xampp\htdocs\internal-nutrilo\vendor\codeigniter4\framework\system\HTTP\CURLRequest.php(449): CodeIgniter\HTTP\CURLRequest->sendRequest(Array)
#2 C:\xampp\htdocs\internal-nutrilo\vendor\codeigniter4\framework\system\HTTP\CURLRequest.php(158): CodeIgniter\HTTP\CURLRequest->send('GET', 'https://maps.go...')
#3 C:\xampp\htdocs\internal-nutrilo\app\Controllers\Admin\Driver.php(34): CodeIgniter\HTTP\CURLRequest->request('GET', 'https://maps.go...')
#4 C:\xampp\htdocs\internal-nutrilo\app\Controllers\Admin\Driver.php(103): App\Controllers\Admin\Driver->recursiveAddress('3.580994,98.662...', Array, 0)
#5 C:\xampp\htdocs\internal-nutrilo\vendor\codeigniter4\framework\system\CodeIgniter.php(918): App\Controllers\Admin\Driver->setDriver()
#6 C:\xampp\htdocs\internal-nutrilo\vendor\codeigniter4\framework\system\CodeIgniter.php(404): CodeIgniter\CodeIgniter->runController(Object(App\Controllers\Admin\Driver))
#7 C:\xampp\htdocs\internal-nutrilo\vendor\codeigniter4\framework\system\CodeIgniter.php(312): CodeIgniter\CodeIgniter->handleRequest(NULL, Object(Config\Cache), false)
#8 C:\xampp\htdocs\internal-nutrilo\public\index.php(45): CodeIgniter\CodeIgniter->run()
#9 C:\xampp\htdocs\internal-nutrilo\vendor\codeigniter4\framework\system\Commands\Server\rewrite.php(34): require_once('C:\\xampp\\htdocs...')
#10 {main}
CRITICAL - 2020-10-31 15:31:52 --> 22 : The requested URL returned error: 400 Bad Request
#0 C:\xampp\htdocs\internal-nutrilo\vendor\codeigniter4\framework\system\HTTP\CURLRequest.php(821): CodeIgniter\HTTP\Exceptions\HTTPException::forCurlError('22', 'The requested U...')
#1 C:\xampp\htdocs\internal-nutrilo\vendor\codeigniter4\framework\system\HTTP\CURLRequest.php(449): CodeIgniter\HTTP\CURLRequest->sendRequest(Array)
#2 C:\xampp\htdocs\internal-nutrilo\vendor\codeigniter4\framework\system\HTTP\CURLRequest.php(158): CodeIgniter\HTTP\CURLRequest->send('GET', 'https://maps.go...')
#3 C:\xampp\htdocs\internal-nutrilo\app\Controllers\Admin\Driver.php(35): CodeIgniter\HTTP\CURLRequest->request('GET', 'https://maps.go...')
#4 C:\xampp\htdocs\internal-nutrilo\app\Controllers\Admin\Driver.php(104): App\Controllers\Admin\Driver->recursiveAddress('3.580994,98.662...', Array, 0)
#5 C:\xampp\htdocs\internal-nutrilo\vendor\codeigniter4\framework\system\CodeIgniter.php(918): App\Controllers\Admin\Driver->setDriver()
#6 C:\xampp\htdocs\internal-nutrilo\vendor\codeigniter4\framework\system\CodeIgniter.php(404): CodeIgniter\CodeIgniter->runController(Object(App\Controllers\Admin\Driver))
#7 C:\xampp\htdocs\internal-nutrilo\vendor\codeigniter4\framework\system\CodeIgniter.php(312): CodeIgniter\CodeIgniter->handleRequest(NULL, Object(Config\Cache), false)
#8 C:\xampp\htdocs\internal-nutrilo\public\index.php(45): CodeIgniter\CodeIgniter->run()
#9 C:\xampp\htdocs\internal-nutrilo\vendor\codeigniter4\framework\system\Commands\Server\rewrite.php(34): require_once('C:\\xampp\\htdocs...')
#10 {main}
CRITICAL - 2020-10-31 15:32:12 --> 22 : The requested URL returned error: 400 Bad Request
#0 C:\xampp\htdocs\internal-nutrilo\vendor\codeigniter4\framework\system\HTTP\CURLRequest.php(821): CodeIgniter\HTTP\Exceptions\HTTPException::forCurlError('22', 'The requested U...')
#1 C:\xampp\htdocs\internal-nutrilo\vendor\codeigniter4\framework\system\HTTP\CURLRequest.php(449): CodeIgniter\HTTP\CURLRequest->sendRequest(Array)
#2 C:\xampp\htdocs\internal-nutrilo\vendor\codeigniter4\framework\system\HTTP\CURLRequest.php(158): CodeIgniter\HTTP\CURLRequest->send('GET', 'https://maps.go...')
#3 C:\xampp\htdocs\internal-nutrilo\app\Controllers\Admin\Driver.php(36): CodeIgniter\HTTP\CURLRequest->request('GET', 'https://maps.go...')
#4 C:\xampp\htdocs\internal-nutrilo\app\Controllers\Admin\Driver.php(105): App\Controllers\Admin\Driver->recursiveAddress('3.580994,98.662...', Array, 0)
#5 C:\xampp\htdocs\internal-nutrilo\vendor\codeigniter4\framework\system\CodeIgniter.php(918): App\Controllers\Admin\Driver->setDriver()
#6 C:\xampp\htdocs\internal-nutrilo\vendor\codeigniter4\framework\system\CodeIgniter.php(404): CodeIgniter\CodeIgniter->runController(Object(App\Controllers\Admin\Driver))
#7 C:\xampp\htdocs\internal-nutrilo\vendor\codeigniter4\framework\system\CodeIgniter.php(312): CodeIgniter\CodeIgniter->handleRequest(NULL, Object(Config\Cache), false)
#8 C:\xampp\htdocs\internal-nutrilo\public\index.php(45): CodeIgniter\CodeIgniter->run()
#9 C:\xampp\htdocs\internal-nutrilo\vendor\codeigniter4\framework\system\Commands\Server\rewrite.php(34): require_once('C:\\xampp\\htdocs...')
#10 {main}
CRITICAL - 2020-10-31 15:32:20 --> 22 : The requested URL returned error: 400 Bad Request
#0 C:\xampp\htdocs\internal-nutrilo\vendor\codeigniter4\framework\system\HTTP\CURLRequest.php(821): CodeIgniter\HTTP\Exceptions\HTTPException::forCurlError('22', 'The requested U...')
#1 C:\xampp\htdocs\internal-nutrilo\vendor\codeigniter4\framework\system\HTTP\CURLRequest.php(449): CodeIgniter\HTTP\CURLRequest->sendRequest(Array)
#2 C:\xampp\htdocs\internal-nutrilo\vendor\codeigniter4\framework\system\HTTP\CURLRequest.php(158): CodeIgniter\HTTP\CURLRequest->send('GET', 'https://maps.go...')
#3 C:\xampp\htdocs\internal-nutrilo\app\Controllers\Admin\Driver.php(36): CodeIgniter\HTTP\CURLRequest->request('GET', 'https://maps.go...')
#4 C:\xampp\htdocs\internal-nutrilo\app\Controllers\Admin\Driver.php(105): App\Controllers\Admin\Driver->recursiveAddress('3.580994,98.662...', Array, 0)
#5 C:\xampp\htdocs\internal-nutrilo\vendor\codeigniter4\framework\system\CodeIgniter.php(918): App\Controllers\Admin\Driver->setDriver()
#6 C:\xampp\htdocs\internal-nutrilo\vendor\codeigniter4\framework\system\CodeIgniter.php(404): CodeIgniter\CodeIgniter->runController(Object(App\Controllers\Admin\Driver))
#7 C:\xampp\htdocs\internal-nutrilo\vendor\codeigniter4\framework\system\CodeIgniter.php(312): CodeIgniter\CodeIgniter->handleRequest(NULL, Object(Config\Cache), false)
#8 C:\xampp\htdocs\internal-nutrilo\public\index.php(45): CodeIgniter\CodeIgniter->run()
#9 C:\xampp\htdocs\internal-nutrilo\vendor\codeigniter4\framework\system\Commands\Server\rewrite.php(34): require_once('C:\\xampp\\htdocs...')
#10 {main}
CRITICAL - 2020-10-31 15:32:50 --> 22 : The requested URL returned error: 400 Bad Request
#0 C:\xampp\htdocs\internal-nutrilo\vendor\codeigniter4\framework\system\HTTP\CURLRequest.php(821): CodeIgniter\HTTP\Exceptions\HTTPException::forCurlError('22', 'The requested U...')
#1 C:\xampp\htdocs\internal-nutrilo\vendor\codeigniter4\framework\system\HTTP\CURLRequest.php(449): CodeIgniter\HTTP\CURLRequest->sendRequest(Array)
#2 C:\xampp\htdocs\internal-nutrilo\vendor\codeigniter4\framework\system\HTTP\CURLRequest.php(158): CodeIgniter\HTTP\CURLRequest->send('GET', 'https://maps.go...')
#3 C:\xampp\htdocs\internal-nutrilo\app\Controllers\Admin\Driver.php(34): CodeIgniter\HTTP\CURLRequest->request('GET', 'https://maps.go...')
#4 C:\xampp\htdocs\internal-nutrilo\app\Controllers\Admin\Driver.php(108): App\Controllers\Admin\Driver->recursiveAddress('3.580994,98.662...', Array, 0)
#5 C:\xampp\htdocs\internal-nutrilo\vendor\codeigniter4\framework\system\CodeIgniter.php(918): App\Controllers\Admin\Driver->setDriver()
#6 C:\xampp\htdocs\internal-nutrilo\vendor\codeigniter4\framework\system\CodeIgniter.php(404): CodeIgniter\CodeIgniter->runController(Object(App\Controllers\Admin\Driver))
#7 C:\xampp\htdocs\internal-nutrilo\vendor\codeigniter4\framework\system\CodeIgniter.php(312): CodeIgniter\CodeIgniter->handleRequest(NULL, Object(Config\Cache), false)
#8 C:\xampp\htdocs\internal-nutrilo\public\index.php(45): CodeIgniter\CodeIgniter->run()
#9 C:\xampp\htdocs\internal-nutrilo\vendor\codeigniter4\framework\system\Commands\Server\rewrite.php(34): require_once('C:\\xampp\\htdocs...')
#10 {main}
CRITICAL - 2020-10-31 15:34:26 --> 22 : The requested URL returned error: 400 Bad Request
#0 C:\xampp\htdocs\internal-nutrilo\vendor\codeigniter4\framework\system\HTTP\CURLRequest.php(821): CodeIgniter\HTTP\Exceptions\HTTPException::forCurlError('22', 'The requested U...')
#1 C:\xampp\htdocs\internal-nutrilo\vendor\codeigniter4\framework\system\HTTP\CURLRequest.php(449): CodeIgniter\HTTP\CURLRequest->sendRequest(Array)
#2 C:\xampp\htdocs\internal-nutrilo\vendor\codeigniter4\framework\system\HTTP\CURLRequest.php(158): CodeIgniter\HTTP\CURLRequest->send('GET', 'https://maps.go...')
#3 C:\xampp\htdocs\internal-nutrilo\app\Controllers\Admin\Driver.php(36): CodeIgniter\HTTP\CURLRequest->request('GET', 'https://maps.go...')
#4 C:\xampp\htdocs\internal-nutrilo\app\Controllers\Admin\Driver.php(105): App\Controllers\Admin\Driver->recursiveAddress('3.509716, 98.66...', Array, 0)
#5 C:\xampp\htdocs\internal-nutrilo\vendor\codeigniter4\framework\system\CodeIgniter.php(918): App\Controllers\Admin\Driver->setDriver()
#6 C:\xampp\htdocs\internal-nutrilo\vendor\codeigniter4\framework\system\CodeIgniter.php(404): CodeIgniter\CodeIgniter->runController(Object(App\Controllers\Admin\Driver))
#7 C:\xampp\htdocs\internal-nutrilo\vendor\codeigniter4\framework\system\CodeIgniter.php(312): CodeIgniter\CodeIgniter->handleRequest(NULL, Object(Config\Cache), false)
#8 C:\xampp\htdocs\internal-nutrilo\public\index.php(45): CodeIgniter\CodeIgniter->run()
#9 C:\xampp\htdocs\internal-nutrilo\vendor\codeigniter4\framework\system\Commands\Server\rewrite.php(34): require_once('C:\\xampp\\htdocs...')
#10 {main}
CRITICAL - 2020-10-31 15:34:49 --> 22 : The requested URL returned error: 400 Bad Request
#0 C:\xampp\htdocs\internal-nutrilo\vendor\codeigniter4\framework\system\HTTP\CURLRequest.php(821): CodeIgniter\HTTP\Exceptions\HTTPException::forCurlError('22', 'The requested U...')
#1 C:\xampp\htdocs\internal-nutrilo\vendor\codeigniter4\framework\system\HTTP\CURLRequest.php(449): CodeIgniter\HTTP\CURLRequest->sendRequest(Array)
#2 C:\xampp\htdocs\internal-nutrilo\vendor\codeigniter4\framework\system\HTTP\CURLRequest.php(158): CodeIgniter\HTTP\CURLRequest->send('GET', 'https://maps.go...')
#3 C:\xampp\htdocs\internal-nutrilo\app\Controllers\Admin\Driver.php(36): CodeIgniter\HTTP\CURLRequest->request('GET', 'https://maps.go...')
#4 C:\xampp\htdocs\internal-nutrilo\app\Controllers\Admin\Driver.php(105): App\Controllers\Admin\Driver->recursiveAddress('3.589529, 98.67...', Array, 425)
#5 C:\xampp\htdocs\internal-nutrilo\vendor\codeigniter4\framework\system\CodeIgniter.php(918): App\Controllers\Admin\Driver->setDriver()
#6 C:\xampp\htdocs\internal-nutrilo\vendor\codeigniter4\framework\system\CodeIgniter.php(404): CodeIgniter\CodeIgniter->runController(Object(App\Controllers\Admin\Driver))
#7 C:\xampp\htdocs\internal-nutrilo\vendor\codeigniter4\framework\system\CodeIgniter.php(312): CodeIgniter\CodeIgniter->handleRequest(NULL, Object(Config\Cache), false)
#8 C:\xampp\htdocs\internal-nutrilo\public\index.php(45): CodeIgniter\CodeIgniter->run()
#9 C:\xampp\htdocs\internal-nutrilo\vendor\codeigniter4\framework\system\Commands\Server\rewrite.php(34): require_once('C:\\xampp\\htdocs...')
#10 {main}
CRITICAL - 2020-10-31 15:35:38 --> syntax error, unexpected '$start_dest' (T_VARIABLE)
#0 C:\xampp\htdocs\internal-nutrilo\vendor\codeigniter4\framework\system\Autoloader\Autoloader.php(296): CodeIgniter\Autoloader\Autoloader->requireFile('C:\\xampp\\htdocs...')
#1 C:\xampp\htdocs\internal-nutrilo\vendor\codeigniter4\framework\system\Autoloader\Autoloader.php(258): CodeIgniter\Autoloader\Autoloader->loadInNamespace('App\\Controllers...')
#2 [internal function]: CodeIgniter\Autoloader\Autoloader->loadClass('App\\Controllers...')
#3 [internal function]: spl_autoload_call('App\\Controllers...')
#4 C:\xampp\htdocs\internal-nutrilo\vendor\codeigniter4\framework\system\CodeIgniter.php(869): class_exists('\\App\\Controller...', true)
#5 C:\xampp\htdocs\internal-nutrilo\vendor\codeigniter4\framework\system\CodeIgniter.php(394): CodeIgniter\CodeIgniter->startController()
#6 C:\xampp\htdocs\internal-nutrilo\vendor\codeigniter4\framework\system\CodeIgniter.php(312): CodeIgniter\CodeIgniter->handleRequest(NULL, Object(Config\Cache), false)
#7 C:\xampp\htdocs\internal-nutrilo\public\index.php(45): CodeIgniter\CodeIgniter->run()
#8 C:\xampp\htdocs\internal-nutrilo\vendor\codeigniter4\framework\system\Commands\Server\rewrite.php(34): require_once('C:\\xampp\\htdocs...')
#9 {main}
CRITICAL - 2020-10-31 15:46:16 --> Too few arguments to function App\Controllers\Admin\Driver::recursiveAddress(), 3 passed in C:\xampp\htdocs\internal-nutrilo\app\Controllers\Admin\Driver.php on line 104 and exactly 4 expected
#0 C:\xampp\htdocs\internal-nutrilo\app\Controllers\Admin\Driver.php(104): App\Controllers\Admin\Driver->recursiveAddress('3.580994,98.662...', Array, 0)
#1 C:\xampp\htdocs\internal-nutrilo\vendor\codeigniter4\framework\system\CodeIgniter.php(918): App\Controllers\Admin\Driver->setDriver()
#2 C:\xampp\htdocs\internal-nutrilo\vendor\codeigniter4\framework\system\CodeIgniter.php(404): CodeIgniter\CodeIgniter->runController(Object(App\Controllers\Admin\Driver))
#3 C:\xampp\htdocs\internal-nutrilo\vendor\codeigniter4\framework\system\CodeIgniter.php(312): CodeIgniter\CodeIgniter->handleRequest(NULL, Object(Config\Cache), false)
#4 C:\xampp\htdocs\internal-nutrilo\public\index.php(45): CodeIgniter\CodeIgniter->run()
#5 C:\xampp\htdocs\internal-nutrilo\vendor\codeigniter4\framework\system\Commands\Server\rewrite.php(34): require_once('C:\\xampp\\htdocs...')
#6 {main}
CRITICAL - 2020-10-31 15:50:16 --> Maximum execution time of 60 seconds exceeded
#0 [internal function]: CodeIgniter\Debug\Exceptions->shutdownHandler()
#1 {main}
CRITICAL - 2020-10-31 16:35:47 --> Cannot use object of type stdClass as array
#0 C:\xampp\htdocs\internal-nutrilo\vendor\codeigniter4\framework\system\CodeIgniter.php(918): App\Controllers\Admin\Driver->setDriver()
#1 C:\xampp\htdocs\internal-nutrilo\vendor\codeigniter4\framework\system\CodeIgniter.php(404): CodeIgniter\CodeIgniter->runController(Object(App\Controllers\Admin\Driver))
#2 C:\xampp\htdocs\internal-nutrilo\vendor\codeigniter4\framework\system\CodeIgniter.php(312): CodeIgniter\CodeIgniter->handleRequest(NULL, Object(Config\Cache), false)
#3 C:\xampp\htdocs\internal-nutrilo\public\index.php(45): CodeIgniter\CodeIgniter->run()
#4 C:\xampp\htdocs\internal-nutrilo\vendor\codeigniter4\framework\system\Commands\Server\rewrite.php(34): require_once('C:\\xampp\\htdocs...')
#5 {main}
CRITICAL - 2020-10-31 16:45:32 --> Invalid argument supplied for foreach()
#0 C:\xampp\htdocs\internal-nutrilo\app\Views\Admin\Driver_view.php(37): CodeIgniter\Debug\Exceptions->errorHandler(2, 'Invalid argumen...', 'C:\\xampp\\htdocs...', 37, Array)
#1 C:\xampp\htdocs\internal-nutrilo\vendor\codeigniter4\framework\system\View\View.php(246): include('C:\\xampp\\htdocs...')
#2 C:\xampp\htdocs\internal-nutrilo\vendor\codeigniter4\framework\system\Common.php(1119): CodeIgniter\View\View->render('Admin/Driver_vi...', Array, true)
#3 C:\xampp\htdocs\internal-nutrilo\app\Controllers\Admin\Driver.php(150): view('Admin/Driver_vi...', Array)
#4 C:\xampp\htdocs\internal-nutrilo\vendor\codeigniter4\framework\system\CodeIgniter.php(918): App\Controllers\Admin\Driver->setDriver()
#5 C:\xampp\htdocs\internal-nutrilo\vendor\codeigniter4\framework\system\CodeIgniter.php(404): CodeIgniter\CodeIgniter->runController(Object(App\Controllers\Admin\Driver))
#6 C:\xampp\htdocs\internal-nutrilo\vendor\codeigniter4\framework\system\CodeIgniter.php(312): CodeIgniter\CodeIgniter->handleRequest(NULL, Object(Config\Cache), false)
#7 C:\xampp\htdocs\internal-nutrilo\public\index.php(45): CodeIgniter\CodeIgniter->run()
#8 C:\xampp\htdocs\internal-nutrilo\vendor\codeigniter4\framework\system\Commands\Server\rewrite.php(34): require_once('C:\\xampp\\htdocs...')
#9 {main}
CRITICAL - 2020-10-31 16:46:33 --> Use of undefined constant minute - assumed 'minute' (this will throw an Error in a future version of PHP)
#0 C:\xampp\htdocs\internal-nutrilo\app\Views\Admin\Driver_view.php(46): CodeIgniter\Debug\Exceptions->errorHandler(2, 'Use of undefine...', 'C:\\xampp\\htdocs...', 46, Array)
#1 C:\xampp\htdocs\internal-nutrilo\vendor\codeigniter4\framework\system\View\View.php(246): include('C:\\xampp\\htdocs...')
#2 C:\xampp\htdocs\internal-nutrilo\vendor\codeigniter4\framework\system\Common.php(1119): CodeIgniter\View\View->render('Admin/Driver_vi...', Array, true)
#3 C:\xampp\htdocs\internal-nutrilo\app\Controllers\Admin\Driver.php(150): view('Admin/Driver_vi...', Array)
#4 C:\xampp\htdocs\internal-nutrilo\vendor\codeigniter4\framework\system\CodeIgniter.php(918): App\Controllers\Admin\Driver->setDriver()
#5 C:\xampp\htdocs\internal-nutrilo\vendor\codeigniter4\framework\system\CodeIgniter.php(404): CodeIgniter\CodeIgniter->runController(Object(App\Controllers\Admin\Driver))
#6 C:\xampp\htdocs\internal-nutrilo\vendor\codeigniter4\framework\system\CodeIgniter.php(312): CodeIgniter\CodeIgniter->handleRequest(NULL, Object(Config\Cache), false)
#7 C:\xampp\htdocs\internal-nutrilo\public\index.php(45): CodeIgniter\CodeIgniter->run()
#8 C:\xampp\htdocs\internal-nutrilo\vendor\codeigniter4\framework\system\Commands\Server\rewrite.php(34): require_once('C:\\xampp\\htdocs...')
#9 {main}
CRITICAL - 2020-10-31 19:21:17 --> Unsupported operand types
#0 C:\xampp\htdocs\internal-nutrilo\vendor\codeigniter4\framework\system\View\View.php(246): include()
#1 C:\xampp\htdocs\internal-nutrilo\vendor\codeigniter4\framework\system\Common.php(1119): CodeIgniter\View\View->render('Admin/Driver_vi...', Array, true)
#2 C:\xampp\htdocs\internal-nutrilo\app\Controllers\Admin\Driver.php(154): view('Admin/Driver_vi...', Array)
#3 C:\xampp\htdocs\internal-nutrilo\vendor\codeigniter4\framework\system\CodeIgniter.php(918): App\Controllers\Admin\Driver->setDriver()
#4 C:\xampp\htdocs\internal-nutrilo\vendor\codeigniter4\framework\system\CodeIgniter.php(404): CodeIgniter\CodeIgniter->runController(Object(App\Controllers\Admin\Driver))
#5 C:\xampp\htdocs\internal-nutrilo\vendor\codeigniter4\framework\system\CodeIgniter.php(312): CodeIgniter\CodeIgniter->handleRequest(NULL, Object(Config\Cache), false)
#6 C:\xampp\htdocs\internal-nutrilo\public\index.php(45): CodeIgniter\CodeIgniter->run()
#7 C:\xampp\htdocs\internal-nutrilo\vendor\codeigniter4\framework\system\Commands\Server\rewrite.php(34): require_once('C:\\xampp\\htdocs...')
#8 {main}
CRITICAL - 2020-10-31 19:25:23 --> A non-numeric value encountered
#0 C:\xampp\htdocs\internal-nutrilo\app\Views\Admin\Driver_view.php(42): CodeIgniter\Debug\Exceptions->errorHandler(2, 'A non-numeric v...', 'C:\\xampp\\htdocs...', 42, Array)
#1 C:\xampp\htdocs\internal-nutrilo\vendor\codeigniter4\framework\system\View\View.php(246): include('C:\\xampp\\htdocs...')
#2 C:\xampp\htdocs\internal-nutrilo\vendor\codeigniter4\framework\system\Common.php(1119): CodeIgniter\View\View->render('Admin/Driver_vi...', Array, true)
#3 C:\xampp\htdocs\internal-nutrilo\app\Controllers\Admin\Driver.php(154): view('Admin/Driver_vi...', Array)
#4 C:\xampp\htdocs\internal-nutrilo\vendor\codeigniter4\framework\system\CodeIgniter.php(918): App\Controllers\Admin\Driver->setDriver()
#5 C:\xampp\htdocs\internal-nutrilo\vendor\codeigniter4\framework\system\CodeIgniter.php(404): CodeIgniter\CodeIgniter->runController(Object(App\Controllers\Admin\Driver))
#6 C:\xampp\htdocs\internal-nutrilo\vendor\codeigniter4\framework\system\CodeIgniter.php(312): CodeIgniter\CodeIgniter->handleRequest(NULL, Object(Config\Cache), false)
#7 C:\xampp\htdocs\internal-nutrilo\public\index.php(45): CodeIgniter\CodeIgniter->run()
#8 C:\xampp\htdocs\internal-nutrilo\vendor\codeigniter4\framework\system\Commands\Server\rewrite.php(34): require_once('C:\\xampp\\htdocs...')
#9 {main}
CRITICAL - 2020-10-31 19:25:54 --> A non-numeric value encountered
#0 C:\xampp\htdocs\internal-nutrilo\app\Views\Admin\Driver_view.php(42): CodeIgniter\Debug\Exceptions->errorHandler(2, 'A non-numeric v...', 'C:\\xampp\\htdocs...', 42, Array)
#1 C:\xampp\htdocs\internal-nutrilo\vendor\codeigniter4\framework\system\View\View.php(246): include('C:\\xampp\\htdocs...')
#2 C:\xampp\htdocs\internal-nutrilo\vendor\codeigniter4\framework\system\Common.php(1119): CodeIgniter\View\View->render('Admin/Driver_vi...', Array, true)
#3 C:\xampp\htdocs\internal-nutrilo\app\Controllers\Admin\Driver.php(154): view('Admin/Driver_vi...', Array)
#4 C:\xampp\htdocs\internal-nutrilo\vendor\codeigniter4\framework\system\CodeIgniter.php(918): App\Controllers\Admin\Driver->setDriver()
#5 C:\xampp\htdocs\internal-nutrilo\vendor\codeigniter4\framework\system\CodeIgniter.php(404): CodeIgniter\CodeIgniter->runController(Object(App\Controllers\Admin\Driver))
#6 C:\xampp\htdocs\internal-nutrilo\vendor\codeigniter4\framework\system\CodeIgniter.php(312): CodeIgniter\CodeIgniter->handleRequest(NULL, Object(Config\Cache), false)
#7 C:\xampp\htdocs\internal-nutrilo\public\index.php(45): CodeIgniter\CodeIgniter->run()
#8 C:\xampp\htdocs\internal-nutrilo\vendor\codeigniter4\framework\system\Commands\Server\rewrite.php(34): require_once('C:\\xampp\\htdocs...')
#9 {main}
