CRITICAL - 2020-07-23 17:51:08 --> Call to a member function getUserByUsername() on null
#0 C:\xampp\htdocs\mitra-nutrilo\vendor\codeigniter4\framework\system\CodeIgniter.php(918): App\Controllers\Admin\Member->update()
#1 C:\xampp\htdocs\mitra-nutrilo\vendor\codeigniter4\framework\system\CodeIgniter.php(404): CodeIgniter\CodeIgniter->runController(Object(App\Controllers\Admin\Member))
#2 C:\xampp\htdocs\mitra-nutrilo\vendor\codeigniter4\framework\system\CodeIgniter.php(312): CodeIgniter\CodeIgniter->handleRequest(NULL, Object(Config\Cache), false)
#3 C:\xampp\htdocs\mitra-nutrilo\public\index.php(45): CodeIgniter\CodeIgniter->run()
#4 C:\xampp\htdocs\mitra-nutrilo\vendor\codeigniter4\framework\system\Commands\Server\rewrite.php(34): require_once('C:\\xampp\\htdocs...')
#5 {main}
CRITICAL - 2020-07-23 17:51:34 --> Class 'App\Controllers\Admin\User_model' not found
#0 C:\xampp\htdocs\mitra-nutrilo\vendor\codeigniter4\framework\system\CodeIgniter.php(918): App\Controllers\Admin\Member->update()
#1 C:\xampp\htdocs\mitra-nutrilo\vendor\codeigniter4\framework\system\CodeIgniter.php(404): CodeIgniter\CodeIgniter->runController(Object(App\Controllers\Admin\Member))
#2 C:\xampp\htdocs\mitra-nutrilo\vendor\codeigniter4\framework\system\CodeIgniter.php(312): CodeIgniter\CodeIgniter->handleRequest(NULL, Object(Config\Cache), false)
#3 C:\xampp\htdocs\mitra-nutrilo\public\index.php(45): CodeIgniter\CodeIgniter->run()
#4 C:\xampp\htdocs\mitra-nutrilo\vendor\codeigniter4\framework\system\Commands\Server\rewrite.php(34): require_once('C:\\xampp\\htdocs...')
#5 {main}
CRITICAL - 2020-07-23 18:25:29 --> Cannot use object of type mysqli as array
#0 C:\xampp\htdocs\mitra-nutrilo\vendor\codeigniter4\framework\system\View\View.php(246): include()
#1 C:\xampp\htdocs\mitra-nutrilo\vendor\codeigniter4\framework\system\Common.php(1119): CodeIgniter\View\View->render('Admin/Menu_view', Array, true)
#2 C:\xampp\htdocs\mitra-nutrilo\app\Controllers\Admin\Menu.php(29): view('Admin/Menu_view', Array)
#3 C:\xampp\htdocs\mitra-nutrilo\vendor\codeigniter4\framework\system\CodeIgniter.php(918): App\Controllers\Admin\Menu->index()
#4 C:\xampp\htdocs\mitra-nutrilo\vendor\codeigniter4\framework\system\CodeIgniter.php(404): CodeIgniter\CodeIgniter->runController(Object(App\Controllers\Admin\Menu))
#5 C:\xampp\htdocs\mitra-nutrilo\vendor\codeigniter4\framework\system\CodeIgniter.php(312): CodeIgniter\CodeIgniter->handleRequest(NULL, Object(Config\Cache), false)
#6 C:\xampp\htdocs\mitra-nutrilo\public\index.php(45): CodeIgniter\CodeIgniter->run()
#7 C:\xampp\htdocs\mitra-nutrilo\vendor\codeigniter4\framework\system\Commands\Server\rewrite.php(34): require_once('C:\\xampp\\htdocs...')
#8 {main}
CRITICAL - 2020-07-23 18:25:31 --> Cannot use object of type mysqli as array
#0 C:\xampp\htdocs\mitra-nutrilo\vendor\codeigniter4\framework\system\View\View.php(246): include()
#1 C:\xampp\htdocs\mitra-nutrilo\vendor\codeigniter4\framework\system\Common.php(1119): CodeIgniter\View\View->render('Admin/Menu_view', Array, true)
#2 C:\xampp\htdocs\mitra-nutrilo\app\Controllers\Admin\Menu.php(29): view('Admin/Menu_view', Array)
#3 C:\xampp\htdocs\mitra-nutrilo\vendor\codeigniter4\framework\system\CodeIgniter.php(918): App\Controllers\Admin\Menu->index()
#4 C:\xampp\htdocs\mitra-nutrilo\vendor\codeigniter4\framework\system\CodeIgniter.php(404): CodeIgniter\CodeIgniter->runController(Object(App\Controllers\Admin\Menu))
#5 C:\xampp\htdocs\mitra-nutrilo\vendor\codeigniter4\framework\system\CodeIgniter.php(312): CodeIgniter\CodeIgniter->handleRequest(NULL, Object(Config\Cache), false)
#6 C:\xampp\htdocs\mitra-nutrilo\public\index.php(45): CodeIgniter\CodeIgniter->run()
#7 C:\xampp\htdocs\mitra-nutrilo\vendor\codeigniter4\framework\system\Commands\Server\rewrite.php(34): require_once('C:\\xampp\\htdocs...')
#8 {main}
CRITICAL - 2020-07-23 18:25:40 --> Cannot use object of type mysqli as array
#0 C:\xampp\htdocs\mitra-nutrilo\vendor\codeigniter4\framework\system\View\View.php(246): include()
#1 C:\xampp\htdocs\mitra-nutrilo\vendor\codeigniter4\framework\system\Common.php(1119): CodeIgniter\View\View->render('Admin/Menu_view', Array, true)
#2 C:\xampp\htdocs\mitra-nutrilo\app\Controllers\Admin\Menu.php(29): view('Admin/Menu_view', Array)
#3 C:\xampp\htdocs\mitra-nutrilo\vendor\codeigniter4\framework\system\CodeIgniter.php(918): App\Controllers\Admin\Menu->index()
#4 C:\xampp\htdocs\mitra-nutrilo\vendor\codeigniter4\framework\system\CodeIgniter.php(404): CodeIgniter\CodeIgniter->runController(Object(App\Controllers\Admin\Menu))
#5 C:\xampp\htdocs\mitra-nutrilo\vendor\codeigniter4\framework\system\CodeIgniter.php(312): CodeIgniter\CodeIgniter->handleRequest(NULL, Object(Config\Cache), false)
#6 C:\xampp\htdocs\mitra-nutrilo\public\index.php(45): CodeIgniter\CodeIgniter->run()
#7 C:\xampp\htdocs\mitra-nutrilo\vendor\codeigniter4\framework\system\Commands\Server\rewrite.php(34): require_once('C:\\xampp\\htdocs...')
#8 {main}
CRITICAL - 2020-07-23 18:29:33 --> Cannot use object of type mysqli as array
#0 C:\xampp\htdocs\mitra-nutrilo\vendor\codeigniter4\framework\system\View\View.php(246): include()
#1 C:\xampp\htdocs\mitra-nutrilo\vendor\codeigniter4\framework\system\Common.php(1119): CodeIgniter\View\View->render('Admin/Menu_view', Array, true)
#2 C:\xampp\htdocs\mitra-nutrilo\app\Controllers\Admin\Menu.php(29): view('Admin/Menu_view', Array)
#3 C:\xampp\htdocs\mitra-nutrilo\vendor\codeigniter4\framework\system\CodeIgniter.php(918): App\Controllers\Admin\Menu->index()
#4 C:\xampp\htdocs\mitra-nutrilo\vendor\codeigniter4\framework\system\CodeIgniter.php(404): CodeIgniter\CodeIgniter->runController(Object(App\Controllers\Admin\Menu))
#5 C:\xampp\htdocs\mitra-nutrilo\vendor\codeigniter4\framework\system\CodeIgniter.php(312): CodeIgniter\CodeIgniter->handleRequest(NULL, Object(Config\Cache), false)
#6 C:\xampp\htdocs\mitra-nutrilo\public\index.php(45): CodeIgniter\CodeIgniter->run()
#7 C:\xampp\htdocs\mitra-nutrilo\vendor\codeigniter4\framework\system\Commands\Server\rewrite.php(34): require_once('C:\\xampp\\htdocs...')
#8 {main}
CRITICAL - 2020-07-23 18:29:54 --> Cannot use object of type mysqli as array
#0 C:\xampp\htdocs\mitra-nutrilo\vendor\codeigniter4\framework\system\View\View.php(246): include()
#1 C:\xampp\htdocs\mitra-nutrilo\vendor\codeigniter4\framework\system\Common.php(1119): CodeIgniter\View\View->render('Admin/Menu_view', Array, true)
#2 C:\xampp\htdocs\mitra-nutrilo\app\Controllers\Admin\Menu.php(31): view('Admin/Menu_view', Array)
#3 C:\xampp\htdocs\mitra-nutrilo\vendor\codeigniter4\framework\system\CodeIgniter.php(918): App\Controllers\Admin\Menu->index()
#4 C:\xampp\htdocs\mitra-nutrilo\vendor\codeigniter4\framework\system\CodeIgniter.php(404): CodeIgniter\CodeIgniter->runController(Object(App\Controllers\Admin\Menu))
#5 C:\xampp\htdocs\mitra-nutrilo\vendor\codeigniter4\framework\system\CodeIgniter.php(312): CodeIgniter\CodeIgniter->handleRequest(NULL, Object(Config\Cache), false)
#6 C:\xampp\htdocs\mitra-nutrilo\public\index.php(45): CodeIgniter\CodeIgniter->run()
#7 C:\xampp\htdocs\mitra-nutrilo\vendor\codeigniter4\framework\system\Commands\Server\rewrite.php(34): require_once('C:\\xampp\\htdocs...')
#8 {main}
CRITICAL - 2020-07-23 18:30:14 --> Cannot use object of type mysqli as array
#0 C:\xampp\htdocs\mitra-nutrilo\vendor\codeigniter4\framework\system\View\View.php(246): include()
#1 C:\xampp\htdocs\mitra-nutrilo\vendor\codeigniter4\framework\system\Common.php(1119): CodeIgniter\View\View->render('Admin/Menu_view', Array, true)
#2 C:\xampp\htdocs\mitra-nutrilo\app\Controllers\Admin\Menu.php(31): view('Admin/Menu_view', Array)
#3 C:\xampp\htdocs\mitra-nutrilo\vendor\codeigniter4\framework\system\CodeIgniter.php(918): App\Controllers\Admin\Menu->index()
#4 C:\xampp\htdocs\mitra-nutrilo\vendor\codeigniter4\framework\system\CodeIgniter.php(404): CodeIgniter\CodeIgniter->runController(Object(App\Controllers\Admin\Menu))
#5 C:\xampp\htdocs\mitra-nutrilo\vendor\codeigniter4\framework\system\CodeIgniter.php(312): CodeIgniter\CodeIgniter->handleRequest(NULL, Object(Config\Cache), false)
#6 C:\xampp\htdocs\mitra-nutrilo\public\index.php(45): CodeIgniter\CodeIgniter->run()
#7 C:\xampp\htdocs\mitra-nutrilo\vendor\codeigniter4\framework\system\Commands\Server\rewrite.php(34): require_once('C:\\xampp\\htdocs...')
#8 {main}
CRITICAL - 2020-07-23 18:30:33 --> Cannot use object of type mysqli as array
#0 C:\xampp\htdocs\mitra-nutrilo\vendor\codeigniter4\framework\system\View\View.php(246): include()
#1 C:\xampp\htdocs\mitra-nutrilo\vendor\codeigniter4\framework\system\Common.php(1119): CodeIgniter\View\View->render('Admin/Menu_view', Array, true)
#2 C:\xampp\htdocs\mitra-nutrilo\app\Controllers\Admin\Menu.php(31): view('Admin/Menu_view', Array)
#3 C:\xampp\htdocs\mitra-nutrilo\vendor\codeigniter4\framework\system\CodeIgniter.php(918): App\Controllers\Admin\Menu->index()
#4 C:\xampp\htdocs\mitra-nutrilo\vendor\codeigniter4\framework\system\CodeIgniter.php(404): CodeIgniter\CodeIgniter->runController(Object(App\Controllers\Admin\Menu))
#5 C:\xampp\htdocs\mitra-nutrilo\vendor\codeigniter4\framework\system\CodeIgniter.php(312): CodeIgniter\CodeIgniter->handleRequest(NULL, Object(Config\Cache), false)
#6 C:\xampp\htdocs\mitra-nutrilo\public\index.php(45): CodeIgniter\CodeIgniter->run()
#7 C:\xampp\htdocs\mitra-nutrilo\vendor\codeigniter4\framework\system\Commands\Server\rewrite.php(34): require_once('C:\\xampp\\htdocs...')
#8 {main}
CRITICAL - 2020-07-23 18:30:53 --> Cannot use object of type mysqli as array
#0 C:\xampp\htdocs\mitra-nutrilo\vendor\codeigniter4\framework\system\View\View.php(246): include()
#1 C:\xampp\htdocs\mitra-nutrilo\vendor\codeigniter4\framework\system\Common.php(1119): CodeIgniter\View\View->render('Admin/Menu_view', Array, true)
#2 C:\xampp\htdocs\mitra-nutrilo\app\Controllers\Admin\Menu.php(31): view('Admin/Menu_view', Array)
#3 C:\xampp\htdocs\mitra-nutrilo\vendor\codeigniter4\framework\system\CodeIgniter.php(918): App\Controllers\Admin\Menu->index()
#4 C:\xampp\htdocs\mitra-nutrilo\vendor\codeigniter4\framework\system\CodeIgniter.php(404): CodeIgniter\CodeIgniter->runController(Object(App\Controllers\Admin\Menu))
#5 C:\xampp\htdocs\mitra-nutrilo\vendor\codeigniter4\framework\system\CodeIgniter.php(312): CodeIgniter\CodeIgniter->handleRequest(NULL, Object(Config\Cache), false)
#6 C:\xampp\htdocs\mitra-nutrilo\public\index.php(45): CodeIgniter\CodeIgniter->run()
#7 C:\xampp\htdocs\mitra-nutrilo\vendor\codeigniter4\framework\system\Commands\Server\rewrite.php(34): require_once('C:\\xampp\\htdocs...')
#8 {main}
CRITICAL - 2020-07-23 18:32:47 --> Cannot use object of type mysqli as array
#0 C:\xampp\htdocs\mitra-nutrilo\vendor\codeigniter4\framework\system\View\View.php(246): include()
#1 C:\xampp\htdocs\mitra-nutrilo\vendor\codeigniter4\framework\system\Common.php(1119): CodeIgniter\View\View->render('Admin/Menu_view', Array, true)
#2 C:\xampp\htdocs\mitra-nutrilo\app\Controllers\Admin\Menu.php(31): view('Admin/Menu_view', Array)
#3 C:\xampp\htdocs\mitra-nutrilo\vendor\codeigniter4\framework\system\CodeIgniter.php(918): App\Controllers\Admin\Menu->index()
#4 C:\xampp\htdocs\mitra-nutrilo\vendor\codeigniter4\framework\system\CodeIgniter.php(404): CodeIgniter\CodeIgniter->runController(Object(App\Controllers\Admin\Menu))
#5 C:\xampp\htdocs\mitra-nutrilo\vendor\codeigniter4\framework\system\CodeIgniter.php(312): CodeIgniter\CodeIgniter->handleRequest(NULL, Object(Config\Cache), false)
#6 C:\xampp\htdocs\mitra-nutrilo\public\index.php(45): CodeIgniter\CodeIgniter->run()
#7 C:\xampp\htdocs\mitra-nutrilo\vendor\codeigniter4\framework\system\Commands\Server\rewrite.php(34): require_once('C:\\xampp\\htdocs...')
#8 {main}
CRITICAL - 2020-07-23 18:32:53 --> Cannot use object of type stdClass as array
#0 C:\xampp\htdocs\mitra-nutrilo\vendor\codeigniter4\framework\system\View\View.php(246): include()
#1 C:\xampp\htdocs\mitra-nutrilo\vendor\codeigniter4\framework\system\Common.php(1119): CodeIgniter\View\View->render('Admin/Menu_view', Array, true)
#2 C:\xampp\htdocs\mitra-nutrilo\app\Controllers\Admin\Menu.php(31): view('Admin/Menu_view', Array)
#3 C:\xampp\htdocs\mitra-nutrilo\vendor\codeigniter4\framework\system\CodeIgniter.php(918): App\Controllers\Admin\Menu->index()
#4 C:\xampp\htdocs\mitra-nutrilo\vendor\codeigniter4\framework\system\CodeIgniter.php(404): CodeIgniter\CodeIgniter->runController(Object(App\Controllers\Admin\Menu))
#5 C:\xampp\htdocs\mitra-nutrilo\vendor\codeigniter4\framework\system\CodeIgniter.php(312): CodeIgniter\CodeIgniter->handleRequest(NULL, Object(Config\Cache), false)
#6 C:\xampp\htdocs\mitra-nutrilo\public\index.php(45): CodeIgniter\CodeIgniter->run()
#7 C:\xampp\htdocs\mitra-nutrilo\vendor\codeigniter4\framework\system\Commands\Server\rewrite.php(34): require_once('C:\\xampp\\htdocs...')
#8 {main}
CRITICAL - 2020-07-23 20:08:53 --> Call to undefined method App\Models\Admin\Menu_model::saveProduct
#0 C:\xampp\htdocs\mitra-nutrilo\app\Controllers\Admin\Menu.php(61): CodeIgniter\Model->__call('saveProduct', Array)
#1 C:\xampp\htdocs\mitra-nutrilo\vendor\codeigniter4\framework\system\CodeIgniter.php(918): App\Controllers\Admin\Menu->save()
#2 C:\xampp\htdocs\mitra-nutrilo\vendor\codeigniter4\framework\system\CodeIgniter.php(404): CodeIgniter\CodeIgniter->runController(Object(App\Controllers\Admin\Menu))
#3 C:\xampp\htdocs\mitra-nutrilo\vendor\codeigniter4\framework\system\CodeIgniter.php(312): CodeIgniter\CodeIgniter->handleRequest(NULL, Object(Config\Cache), false)
#4 C:\xampp\htdocs\mitra-nutrilo\public\index.php(45): CodeIgniter\CodeIgniter->run()
#5 C:\xampp\htdocs\mitra-nutrilo\vendor\codeigniter4\framework\system\Commands\Server\rewrite.php(34): require_once('C:\\xampp\\htdocs...')
#6 {main}
CRITICAL - 2020-07-23 22:17:38 --> Object of class stdClass could not be converted to string
#0 C:\xampp\htdocs\mitra-nutrilo\app\Views\Admin\Dashboard.php(20): CodeIgniter\Debug\Exceptions->errorHandler(4096, 'Object of class...', 'C:\\xampp\\htdocs...', 20, Array)
#1 C:\xampp\htdocs\mitra-nutrilo\vendor\codeigniter4\framework\system\View\View.php(246): include('C:\\xampp\\htdocs...')
#2 C:\xampp\htdocs\mitra-nutrilo\vendor\codeigniter4\framework\system\Common.php(1119): CodeIgniter\View\View->render('Admin/Dashboard', Array, true)
#3 C:\xampp\htdocs\mitra-nutrilo\app\Controllers\Admin\Home.php(26): view('Admin/Dashboard', Array)
#4 C:\xampp\htdocs\mitra-nutrilo\vendor\codeigniter4\framework\system\CodeIgniter.php(918): App\Controllers\Admin\Home->index()
#5 C:\xampp\htdocs\mitra-nutrilo\vendor\codeigniter4\framework\system\CodeIgniter.php(404): CodeIgniter\CodeIgniter->runController(Object(App\Controllers\Admin\Home))
#6 C:\xampp\htdocs\mitra-nutrilo\vendor\codeigniter4\framework\system\CodeIgniter.php(312): CodeIgniter\CodeIgniter->handleRequest(NULL, Object(Config\Cache), false)
#7 C:\xampp\htdocs\mitra-nutrilo\public\index.php(45): CodeIgniter\CodeIgniter->run()
#8 C:\xampp\htdocs\mitra-nutrilo\vendor\codeigniter4\framework\system\Commands\Server\rewrite.php(34): require_once('C:\\xampp\\htdocs...')
#9 {main}
CRITICAL - 2020-07-23 22:17:48 --> Cannot use object of type stdClass as array
#0 C:\xampp\htdocs\mitra-nutrilo\vendor\codeigniter4\framework\system\View\View.php(246): include()
#1 C:\xampp\htdocs\mitra-nutrilo\vendor\codeigniter4\framework\system\Common.php(1119): CodeIgniter\View\View->render('Admin/Dashboard', Array, true)
#2 C:\xampp\htdocs\mitra-nutrilo\app\Controllers\Admin\Home.php(26): view('Admin/Dashboard', Array)
#3 C:\xampp\htdocs\mitra-nutrilo\vendor\codeigniter4\framework\system\CodeIgniter.php(918): App\Controllers\Admin\Home->index()
#4 C:\xampp\htdocs\mitra-nutrilo\vendor\codeigniter4\framework\system\CodeIgniter.php(404): CodeIgniter\CodeIgniter->runController(Object(App\Controllers\Admin\Home))
#5 C:\xampp\htdocs\mitra-nutrilo\vendor\codeigniter4\framework\system\CodeIgniter.php(312): CodeIgniter\CodeIgniter->handleRequest(NULL, Object(Config\Cache), false)
#6 C:\xampp\htdocs\mitra-nutrilo\public\index.php(45): CodeIgniter\CodeIgniter->run()
#7 C:\xampp\htdocs\mitra-nutrilo\vendor\codeigniter4\framework\system\Commands\Server\rewrite.php(34): require_once('C:\\xampp\\htdocs...')
#8 {main}
