INFO - 2020-12-02 08:40:41 --> Session: Class initialized using 'CodeIgniter\Session\Handlers\FileHandler' driver.
INFO - 2020-12-02 08:40:42 --> Session: Class initialized using 'CodeIgniter\Session\Handlers\FileHandler' driver.
INFO - 2020-12-02 08:40:57 --> Session: Class initialized using 'CodeIgniter\Session\Handlers\FileHandler' driver.
INFO - 2020-12-02 08:40:57 --> Session: Class initialized using 'CodeIgniter\Session\Handlers\FileHandler' driver.
INFO - 2020-12-02 08:41:06 --> Session: Class initialized using 'CodeIgniter\Session\Handlers\FileHandler' driver.
INFO - 2020-12-02 08:41:09 --> Session: Class initialized using 'CodeIgniter\Session\Handlers\FileHandler' driver.
INFO - 2020-12-02 08:41:11 --> Session: Class initialized using 'CodeIgniter\Session\Handlers\FileHandler' driver.
INFO - 2020-12-02 08:41:13 --> Session: Class initialized using 'CodeIgniter\Session\Handlers\FileHandler' driver.
INFO - 2020-12-02 08:41:25 --> Session: Class initialized using 'CodeIgniter\Session\Handlers\FileHandler' driver.
INFO - 2020-12-02 08:43:16 --> Session: Class initialized using 'CodeIgniter\Session\Handlers\FileHandler' driver.
INFO - 2020-12-02 08:44:09 --> Session: Class initialized using 'CodeIgniter\Session\Handlers\FileHandler' driver.
INFO - 2020-12-02 08:44:09 --> Session: Class initialized using 'CodeIgniter\Session\Handlers\FileHandler' driver.
INFO - 2020-12-02 08:44:24 --> Session: Class initialized using 'CodeIgniter\Session\Handlers\FileHandler' driver.
INFO - 2020-12-02 08:44:38 --> Session: Class initialized using 'CodeIgniter\Session\Handlers\FileHandler' driver.
INFO - 2020-12-02 08:44:38 --> Session: Class initialized using 'CodeIgniter\Session\Handlers\FileHandler' driver.
INFO - 2020-12-02 08:45:44 --> Session: Class initialized using 'CodeIgniter\Session\Handlers\FileHandler' driver.
INFO - 2020-12-02 08:45:51 --> Session: Class initialized using 'CodeIgniter\Session\Handlers\FileHandler' driver.
INFO - 2020-12-02 08:45:51 --> Session: Class initialized using 'CodeIgniter\Session\Handlers\FileHandler' driver.
INFO - 2020-12-02 08:45:53 --> Session: Class initialized using 'CodeIgniter\Session\Handlers\FileHandler' driver.
INFO - 2020-12-02 08:46:02 --> Session: Class initialized using 'CodeIgniter\Session\Handlers\FileHandler' driver.
INFO - 2020-12-02 08:46:02 --> Session: Class initialized using 'CodeIgniter\Session\Handlers\FileHandler' driver.
INFO - 2020-12-02 08:46:11 --> Session: Class initialized using 'CodeIgniter\Session\Handlers\FileHandler' driver.
INFO - 2020-12-02 08:46:18 --> Session: Class initialized using 'CodeIgniter\Session\Handlers\FileHandler' driver.
INFO - 2020-12-02 08:49:20 --> Session: Class initialized using 'CodeIgniter\Session\Handlers\FileHandler' driver.
INFO - 2020-12-02 08:49:39 --> Session: Class initialized using 'CodeIgniter\Session\Handlers\FileHandler' driver.
INFO - 2020-12-02 08:49:39 --> Session: Class initialized using 'CodeIgniter\Session\Handlers\FileHandler' driver.
INFO - 2020-12-02 08:49:47 --> Session: Class initialized using 'CodeIgniter\Session\Handlers\FileHandler' driver.
INFO - 2020-12-02 08:57:12 --> Session: Class initialized using 'CodeIgniter\Session\Handlers\FileHandler' driver.
INFO - 2020-12-02 08:57:15 --> Session: Class initialized using 'CodeIgniter\Session\Handlers\FileHandler' driver.
INFO - 2020-12-02 08:57:19 --> Session: Class initialized using 'CodeIgniter\Session\Handlers\FileHandler' driver.
INFO - 2020-12-02 08:57:20 --> Session: Class initialized using 'CodeIgniter\Session\Handlers\FileHandler' driver.
INFO - 2020-12-02 08:57:24 --> Session: Class initialized using 'CodeIgniter\Session\Handlers\FileHandler' driver.
INFO - 2020-12-02 08:57:25 --> Session: Class initialized using 'CodeIgniter\Session\Handlers\FileHandler' driver.
INFO - 2020-12-02 08:57:28 --> Session: Class initialized using 'CodeIgniter\Session\Handlers\FileHandler' driver.
INFO - 2020-12-02 08:57:57 --> Session: Class initialized using 'CodeIgniter\Session\Handlers\FileHandler' driver.
INFO - 2020-12-02 08:58:05 --> Session: Class initialized using 'CodeIgniter\Session\Handlers\FileHandler' driver.
INFO - 2020-12-02 08:58:36 --> Session: Class initialized using 'CodeIgniter\Session\Handlers\FileHandler' driver.
INFO - 2020-12-02 08:59:01 --> Session: Class initialized using 'CodeIgniter\Session\Handlers\FileHandler' driver.
INFO - 2020-12-02 09:00:12 --> Session: Class initialized using 'CodeIgniter\Session\Handlers\FileHandler' driver.
INFO - 2020-12-02 09:00:20 --> Session: Class initialized using 'CodeIgniter\Session\Handlers\FileHandler' driver.
INFO - 2020-12-02 09:00:27 --> Session: Class initialized using 'CodeIgniter\Session\Handlers\FileHandler' driver.
INFO - 2020-12-02 09:02:11 --> Session: Class initialized using 'CodeIgniter\Session\Handlers\FileHandler' driver.
INFO - 2020-12-02 09:17:05 --> Session: Class initialized using 'CodeIgniter\Session\Handlers\FileHandler' driver.
INFO - 2020-12-02 09:17:12 --> Session: Class initialized using 'CodeIgniter\Session\Handlers\FileHandler' driver.
INFO - 2020-12-02 09:17:55 --> Session: Class initialized using 'CodeIgniter\Session\Handlers\FileHandler' driver.
INFO - 2020-12-02 09:18:40 --> Session: Class initialized using 'CodeIgniter\Session\Handlers\FileHandler' driver.
INFO - 2020-12-02 09:18:47 --> Session: Class initialized using 'CodeIgniter\Session\Handlers\FileHandler' driver.
INFO - 2020-12-02 09:19:46 --> Session: Class initialized using 'CodeIgniter\Session\Handlers\FileHandler' driver.
INFO - 2020-12-02 09:23:24 --> Session: Class initialized using 'CodeIgniter\Session\Handlers\FileHandler' driver.
INFO - 2020-12-02 09:26:35 --> Session: Class initialized using 'CodeIgniter\Session\Handlers\FileHandler' driver.
INFO - 2020-12-02 09:27:15 --> Session: Class initialized using 'CodeIgniter\Session\Handlers\FileHandler' driver.
INFO - 2020-12-02 09:28:11 --> Session: Class initialized using 'CodeIgniter\Session\Handlers\FileHandler' driver.
INFO - 2020-12-02 09:28:19 --> Session: Class initialized using 'CodeIgniter\Session\Handlers\FileHandler' driver.
INFO - 2020-12-02 09:28:27 --> Session: Class initialized using 'CodeIgniter\Session\Handlers\FileHandler' driver.
INFO - 2020-12-02 09:29:53 --> Session: Class initialized using 'CodeIgniter\Session\Handlers\FileHandler' driver.
INFO - 2020-12-02 09:30:07 --> Session: Class initialized using 'CodeIgniter\Session\Handlers\FileHandler' driver.
INFO - 2020-12-02 09:36:32 --> Session: Class initialized using 'CodeIgniter\Session\Handlers\FileHandler' driver.
INFO - 2020-12-02 09:37:14 --> Session: Class initialized using 'CodeIgniter\Session\Handlers\FileHandler' driver.
INFO - 2020-12-02 09:37:58 --> Session: Class initialized using 'CodeIgniter\Session\Handlers\FileHandler' driver.
INFO - 2020-12-02 09:40:20 --> Session: Class initialized using 'CodeIgniter\Session\Handlers\FileHandler' driver.
INFO - 2020-12-02 09:40:49 --> Session: Class initialized using 'CodeIgniter\Session\Handlers\FileHandler' driver.
INFO - 2020-12-02 09:41:49 --> Session: Class initialized using 'CodeIgniter\Session\Handlers\FileHandler' driver.
INFO - 2020-12-02 09:42:42 --> Session: Class initialized using 'CodeIgniter\Session\Handlers\FileHandler' driver.
INFO - 2020-12-02 09:43:46 --> Session: Class initialized using 'CodeIgniter\Session\Handlers\FileHandler' driver.
INFO - 2020-12-02 09:45:39 --> Session: Class initialized using 'CodeIgniter\Session\Handlers\FileHandler' driver.
INFO - 2020-12-02 09:46:45 --> Session: Class initialized using 'CodeIgniter\Session\Handlers\FileHandler' driver.
INFO - 2020-12-02 09:47:53 --> Session: Class initialized using 'CodeIgniter\Session\Handlers\FileHandler' driver.
INFO - 2020-12-02 09:50:05 --> Session: Class initialized using 'CodeIgniter\Session\Handlers\FileHandler' driver.
INFO - 2020-12-02 09:50:22 --> Session: Class initialized using 'CodeIgniter\Session\Handlers\FileHandler' driver.
INFO - 2020-12-02 09:50:34 --> Session: Class initialized using 'CodeIgniter\Session\Handlers\FileHandler' driver.
INFO - 2020-12-02 09:50:40 --> Session: Class initialized using 'CodeIgniter\Session\Handlers\FileHandler' driver.
INFO - 2020-12-02 09:55:24 --> Session: Class initialized using 'CodeIgniter\Session\Handlers\FileHandler' driver.
CRITICAL - 2020-12-02 09:55:25 --> Illegal string offset 'uid'
#0 C:\xampp\htdocs\internal-nutrilo\app\Views\Admin\Print_order.php(39): CodeIgniter\Debug\Exceptions->errorHandler(2, 'Illegal string ...', 'C:\\xampp\\htdocs...', 39, Array)
#1 C:\xampp\htdocs\internal-nutrilo\app\Views\Admin\Print_order.php(63): searchColor('palevioletred', Array)
#2 C:\xampp\htdocs\internal-nutrilo\vendor\codeigniter4\framework\system\View\View.php(246): include('C:\\xampp\\htdocs...')
#3 C:\xampp\htdocs\internal-nutrilo\vendor\codeigniter4\framework\system\Common.php(1119): CodeIgniter\View\View->render('Admin/Print_ord...', Array, true)
#4 C:\xampp\htdocs\internal-nutrilo\app\Controllers\Admin\Catering_order.php(211): view('Admin/Print_ord...', Array)
#5 C:\xampp\htdocs\internal-nutrilo\vendor\codeigniter4\framework\system\CodeIgniter.php(918): App\Controllers\Admin\Catering_order->printOrder()
#6 C:\xampp\htdocs\internal-nutrilo\vendor\codeigniter4\framework\system\CodeIgniter.php(404): CodeIgniter\CodeIgniter->runController(Object(App\Controllers\Admin\Catering_order))
#7 C:\xampp\htdocs\internal-nutrilo\vendor\codeigniter4\framework\system\CodeIgniter.php(312): CodeIgniter\CodeIgniter->handleRequest(NULL, Object(Config\Cache), false)
#8 C:\xampp\htdocs\internal-nutrilo\public\index.php(45): CodeIgniter\CodeIgniter->run()
#9 C:\xampp\htdocs\internal-nutrilo\vendor\codeigniter4\framework\system\Commands\Server\rewrite.php(34): require_once('C:\\xampp\\htdocs...')
#10 {main}
INFO - 2020-12-02 09:57:32 --> Session: Class initialized using 'CodeIgniter\Session\Handlers\FileHandler' driver.
INFO - 2020-12-02 09:57:39 --> Session: Class initialized using 'CodeIgniter\Session\Handlers\FileHandler' driver.
INFO - 2020-12-02 09:58:35 --> Session: Class initialized using 'CodeIgniter\Session\Handlers\FileHandler' driver.
CRITICAL - 2020-12-02 09:58:35 --> count(): Parameter must be an array or an object that implements Countable
#0 C:\xampp\htdocs\internal-nutrilo\app\Views\Admin\Print_order.php(56): CodeIgniter\Debug\Exceptions->errorHandler(2, 'count(): Parame...', 'C:\\xampp\\htdocs...', 56, Array)
#1 C:\xampp\htdocs\internal-nutrilo\vendor\codeigniter4\framework\system\View\View.php(246): include('C:\\xampp\\htdocs...')
#2 C:\xampp\htdocs\internal-nutrilo\vendor\codeigniter4\framework\system\Common.php(1119): CodeIgniter\View\View->render('Admin/Print_ord...', Array, true)
#3 C:\xampp\htdocs\internal-nutrilo\app\Controllers\Admin\Catering_order.php(211): view('Admin/Print_ord...', Array)
#4 C:\xampp\htdocs\internal-nutrilo\vendor\codeigniter4\framework\system\CodeIgniter.php(918): App\Controllers\Admin\Catering_order->printOrder()
#5 C:\xampp\htdocs\internal-nutrilo\vendor\codeigniter4\framework\system\CodeIgniter.php(404): CodeIgniter\CodeIgniter->runController(Object(App\Controllers\Admin\Catering_order))
#6 C:\xampp\htdocs\internal-nutrilo\vendor\codeigniter4\framework\system\CodeIgniter.php(312): CodeIgniter\CodeIgniter->handleRequest(NULL, Object(Config\Cache), false)
#7 C:\xampp\htdocs\internal-nutrilo\public\index.php(45): CodeIgniter\CodeIgniter->run()
#8 C:\xampp\htdocs\internal-nutrilo\vendor\codeigniter4\framework\system\Commands\Server\rewrite.php(34): require_once('C:\\xampp\\htdocs...')
#9 {main}
INFO - 2020-12-02 09:59:02 --> Session: Class initialized using 'CodeIgniter\Session\Handlers\FileHandler' driver.
INFO - 2020-12-02 09:59:47 --> Session: Class initialized using 'CodeIgniter\Session\Handlers\FileHandler' driver.
INFO - 2020-12-02 09:59:55 --> Session: Class initialized using 'CodeIgniter\Session\Handlers\FileHandler' driver.
INFO - 2020-12-02 10:00:22 --> Session: Class initialized using 'CodeIgniter\Session\Handlers\FileHandler' driver.
INFO - 2020-12-02 10:01:02 --> Session: Class initialized using 'CodeIgniter\Session\Handlers\FileHandler' driver.
INFO - 2020-12-02 10:01:42 --> Session: Class initialized using 'CodeIgniter\Session\Handlers\FileHandler' driver.
INFO - 2020-12-02 10:02:13 --> Session: Class initialized using 'CodeIgniter\Session\Handlers\FileHandler' driver.
INFO - 2020-12-02 10:02:22 --> Session: Class initialized using 'CodeIgniter\Session\Handlers\FileHandler' driver.
INFO - 2020-12-02 10:02:33 --> Session: Class initialized using 'CodeIgniter\Session\Handlers\FileHandler' driver.
INFO - 2020-12-02 10:04:49 --> Session: Class initialized using 'CodeIgniter\Session\Handlers\FileHandler' driver.
INFO - 2020-12-02 10:05:11 --> Session: Class initialized using 'CodeIgniter\Session\Handlers\FileHandler' driver.
INFO - 2020-12-02 11:55:25 --> Session: Class initialized using 'CodeIgniter\Session\Handlers\FileHandler' driver.
INFO - 2020-12-02 11:55:27 --> Session: Class initialized using 'CodeIgniter\Session\Handlers\FileHandler' driver.
INFO - 2020-12-02 11:55:30 --> Session: Class initialized using 'CodeIgniter\Session\Handlers\FileHandler' driver.
INFO - 2020-12-02 11:55:32 --> Session: Class initialized using 'CodeIgniter\Session\Handlers\FileHandler' driver.
INFO - 2020-12-02 11:55:36 --> Session: Class initialized using 'CodeIgniter\Session\Handlers\FileHandler' driver.
INFO - 2020-12-02 11:56:07 --> Session: Class initialized using 'CodeIgniter\Session\Handlers\FileHandler' driver.
INFO - 2020-12-02 11:56:08 --> Session: Class initialized using 'CodeIgniter\Session\Handlers\FileHandler' driver.
INFO - 2020-12-02 11:56:09 --> Session: Class initialized using 'CodeIgniter\Session\Handlers\FileHandler' driver.
INFO - 2020-12-02 11:58:33 --> Session: Class initialized using 'CodeIgniter\Session\Handlers\FileHandler' driver.
INFO - 2020-12-02 11:58:34 --> Session: Class initialized using 'CodeIgniter\Session\Handlers\FileHandler' driver.
INFO - 2020-12-02 11:58:36 --> Session: Class initialized using 'CodeIgniter\Session\Handlers\FileHandler' driver.
INFO - 2020-12-02 11:58:37 --> Session: Class initialized using 'CodeIgniter\Session\Handlers\FileHandler' driver.
INFO - 2020-12-02 11:58:39 --> Session: Class initialized using 'CodeIgniter\Session\Handlers\FileHandler' driver.
INFO - 2020-12-02 12:04:21 --> Session: Class initialized using 'CodeIgniter\Session\Handlers\FileHandler' driver.
INFO - 2020-12-02 12:04:41 --> Session: Class initialized using 'CodeIgniter\Session\Handlers\FileHandler' driver.
INFO - 2020-12-02 12:05:12 --> Session: Class initialized using 'CodeIgniter\Session\Handlers\FileHandler' driver.
INFO - 2020-12-02 12:05:27 --> Session: Class initialized using 'CodeIgniter\Session\Handlers\FileHandler' driver.
INFO - 2020-12-02 12:05:54 --> Session: Class initialized using 'CodeIgniter\Session\Handlers\FileHandler' driver.
INFO - 2020-12-02 12:07:27 --> Session: Class initialized using 'CodeIgniter\Session\Handlers\FileHandler' driver.
INFO - 2020-12-02 12:07:46 --> Session: Class initialized using 'CodeIgniter\Session\Handlers\FileHandler' driver.
INFO - 2020-12-02 12:08:32 --> Session: Class initialized using 'CodeIgniter\Session\Handlers\FileHandler' driver.
INFO - 2020-12-02 12:09:12 --> Session: Class initialized using 'CodeIgniter\Session\Handlers\FileHandler' driver.
INFO - 2020-12-02 12:10:10 --> Session: Class initialized using 'CodeIgniter\Session\Handlers\FileHandler' driver.
INFO - 2020-12-02 12:10:10 --> PROCESS DRIVER -> 0
INFO - 2020-12-02 12:10:10 --> COUNT MANDATORY: 0, COUNT EXCEPTION: 0
INFO - 2020-12-02 12:10:10 --> Mandatory: []
INFO - 2020-12-02 12:10:10 --> Exception: []
INFO - 2020-12-02 12:10:10 --> DESTINATION LIST : {"583":"3.575552,98.665248","584":"3.512107,98.675058","586":"3.567458,98.647036","587":"3.606051,98.627375","588":"3.544960,98.651088","589":"3.584218,98.667676","590":"3.589318,98.677325","591":"3.578560,98.688845","597":"3.594740,98.686869","705":"3.529349,98.676531"}
INFO - 2020-12-02 12:10:10 --> EXECUTE SHORTEST MAPS
INFO - 2020-12-02 12:10:10 --> REQUEST POST {"origins":[{"point":{"latitude":3.580994,"longitude":98.662378}}],"destinations":[{"point":{"latitude":3.575552,"longitude":98.665248}},{"point":{"latitude":3.512107,"longitude":98.675058}},{"point":{"latitude":3.567458,"longitude":98.647036}},{"point":{"latitude":3.606051,"longitude":98.627375}},{"point":{"latitude":3.54496,"longitude":98.651088}},{"point":{"latitude":3.584218,"longitude":98.667676}},{"point":{"latitude":3.589318,"longitude":98.677325}},{"point":{"latitude":3.57856,"longitude":98.688845}},{"point":{"latitude":3.59474,"longitude":98.686869}},{"point":{"latitude":3.529349,"longitude":98.676531}}]}
INFO - 2020-12-02 12:10:12 --> RESPONSE POST {"formatVersion":"0.0.1","matrix":[[{"statusCode":200,"response":{"routeSummary":{"lengthInMeters":1046,"travelTimeInSeconds":243,"trafficDelayInSeconds":0,"departureTime":"2020-12-02T12:10:11+07:00","arrivalTime":"2020-12-02T12:14:14+07:00"}}},{"statusCode":200,"response":{"routeSummary":{"lengthInMeters":11139,"travelTimeInSeconds":1990,"trafficDelayInSeconds":0,"departureTime":"2020-12-02T12:10:11+07:00","arrivalTime":"2020-12-02T12:43:21+07:00"}}},{"statusCode":200,"response":{"routeSummary":{"lengthInMeters":3301,"travelTimeInSeconds":709,"trafficDelayInSeconds":0,"departureTime":"2020-12-02T12:10:11+07:00","arrivalTime":"2020-12-02T12:21:59+07:00"}}},{"statusCode":200,"response":{"routeSummary":{"lengthInMeters":6772,"travelTimeInSeconds":1307,"trafficDelayInSeconds":0,"departureTime":"2020-12-02T12:10:11+07:00","arrivalTime":"2020-12-02T12:31:58+07:00"}}},{"statusCode":200,"response":{"routeSummary":{"lengthInMeters":5195,"travelTimeInSeconds":1103,"trafficDelayInSeconds":0,"departureTime":"2020-12-02T12:10:11+07:00","arrivalTime":"2020-12-02T12:28:33+07:00"}}},{"statusCode":200,"response":{"routeSummary":{"lengthInMeters":2198,"travelTimeInSeconds":535,"trafficDelayInSeconds":0,"departureTime":"2020-12-02T12:10:12+07:00","arrivalTime":"2020-12-02T12:19:07+07:00"}}},{"statusCode":200,"response":{"routeSummary":{"lengthInMeters":2755,"travelTimeInSeconds":751,"trafficDelayInSeconds":101,"departureTime":"2020-12-02T12:10:12+07:00","arrivalTime":"2020-12-02T12:22:43+07:00"}}},{"statusCode":200,"response":{"routeSummary":{"lengthInMeters":4830,"travelTimeInSeconds":1187,"trafficDelayInSeconds":0,"departureTime":"2020-12-02T12:10:12+07:00","arrivalTime":"2020-12-02T12:29:59+07:00"}}},{"statusCode":200,"response":{"routeSummary":{"lengthInMeters":5036,"travelTimeInSeconds":1194,"trafficDelayInSeconds":156,"departureTime":"2020-12-02T12:10:12+07:00","arrivalTime":"2020-12-02T12:30:06+07:00"}}},{"statusCode":200,"response":{"routeSummary":{"lengthInMeters":8379,"travelTimeInSeconds":1527,"trafficDelayInSeconds":0,"departureTime":"2020-12-02T12:10:12+07:00","arrivalTime":"2020-12-02T12:35:38+07:00"}}}]],"summary":{"successfulRoutes":10,"totalRoutes":10}}
INFO - 2020-12-02 12:10:12 --> NUM DELIVERY: 0 # LIMIT DELIVERY: 5
INFO - 2020-12-02 12:10:12 --> Key Min: 583, Total Time: 243
INFO - 2020-12-02 12:10:12 --> PROCESS DRIVER -> 0
INFO - 2020-12-02 12:10:12 --> COUNT MANDATORY: 0, COUNT EXCEPTION: 0
INFO - 2020-12-02 12:10:12 --> Mandatory: []
INFO - 2020-12-02 12:10:12 --> Exception: []
INFO - 2020-12-02 12:10:12 --> DESTINATION LIST : {"584":"3.512107,98.675058","586":"3.567458,98.647036","587":"3.606051,98.627375","588":"3.544960,98.651088","589":"3.584218,98.667676","590":"3.589318,98.677325","591":"3.578560,98.688845","597":"3.594740,98.686869","705":"3.529349,98.676531"}
INFO - 2020-12-02 12:10:12 --> EXECUTE SHORTEST MAPS
INFO - 2020-12-02 12:10:12 --> REQUEST POST {"origins":[{"point":{"latitude":3.575552,"longitude":98.665248}}],"destinations":[{"point":{"latitude":3.512107,"longitude":98.675058}},{"point":{"latitude":3.567458,"longitude":98.647036}},{"point":{"latitude":3.606051,"longitude":98.627375}},{"point":{"latitude":3.54496,"longitude":98.651088}},{"point":{"latitude":3.584218,"longitude":98.667676}},{"point":{"latitude":3.589318,"longitude":98.677325}},{"point":{"latitude":3.57856,"longitude":98.688845}},{"point":{"latitude":3.59474,"longitude":98.686869}},{"point":{"latitude":3.529349,"longitude":98.676531}}]}
INFO - 2020-12-02 12:10:14 --> RESPONSE POST {"formatVersion":"0.0.1","matrix":[[{"statusCode":200,"response":{"routeSummary":{"lengthInMeters":10727,"travelTimeInSeconds":1881,"trafficDelayInSeconds":0,"departureTime":"2020-12-02T12:10:14+07:00","arrivalTime":"2020-12-02T12:41:34+07:00"}}},{"statusCode":200,"response":{"routeSummary":{"lengthInMeters":2853,"travelTimeInSeconds":605,"trafficDelayInSeconds":0,"departureTime":"2020-12-02T12:10:13+07:00","arrivalTime":"2020-12-02T12:20:18+07:00"}}},{"statusCode":200,"response":{"routeSummary":{"lengthInMeters":7668,"travelTimeInSeconds":1507,"trafficDelayInSeconds":0,"departureTime":"2020-12-02T12:10:13+07:00","arrivalTime":"2020-12-02T12:35:19+07:00"}}},{"statusCode":200,"response":{"routeSummary":{"lengthInMeters":4741,"travelTimeInSeconds":901,"trafficDelayInSeconds":0,"departureTime":"2020-12-02T12:10:13+07:00","arrivalTime":"2020-12-02T12:25:13+07:00"}}},{"statusCode":200,"response":{"routeSummary":{"lengthInMeters":1835,"travelTimeInSeconds":467,"trafficDelayInSeconds":0,"departureTime":"2020-12-02T12:10:13+07:00","arrivalTime":"2020-12-02T12:18:00+07:00"}}},{"statusCode":200,"response":{"routeSummary":{"lengthInMeters":2971,"travelTimeInSeconds":799,"trafficDelayInSeconds":101,"departureTime":"2020-12-02T12:10:13+07:00","arrivalTime":"2020-12-02T12:23:31+07:00"}}},{"statusCode":200,"response":{"routeSummary":{"lengthInMeters":4237,"travelTimeInSeconds":1094,"trafficDelayInSeconds":0,"departureTime":"2020-12-02T12:10:14+07:00","arrivalTime":"2020-12-02T12:28:27+07:00"}}},{"statusCode":200,"response":{"routeSummary":{"lengthInMeters":4606,"travelTimeInSeconds":1136,"trafficDelayInSeconds":0,"departureTime":"2020-12-02T12:10:14+07:00","arrivalTime":"2020-12-02T12:29:10+07:00"}}},{"statusCode":200,"response":{"routeSummary":{"lengthInMeters":7786,"travelTimeInSeconds":1433,"trafficDelayInSeconds":0,"departureTime":"2020-12-02T12:10:14+07:00","arrivalTime":"2020-12-02T12:34:07+07:00"}}}]],"summary":{"successfulRoutes":9,"totalRoutes":9}}
INFO - 2020-12-02 12:10:14 --> NUM DELIVERY: 1 # LIMIT DELIVERY: 5
INFO - 2020-12-02 12:10:14 --> Key Min: 589, Total Time: 710
INFO - 2020-12-02 12:10:14 --> PROCESS DRIVER -> 0
INFO - 2020-12-02 12:10:14 --> COUNT MANDATORY: 0, COUNT EXCEPTION: 0
INFO - 2020-12-02 12:10:14 --> Mandatory: []
INFO - 2020-12-02 12:10:14 --> Exception: []
INFO - 2020-12-02 12:10:14 --> DESTINATION LIST : {"584":"3.512107,98.675058","586":"3.567458,98.647036","587":"3.606051,98.627375","588":"3.544960,98.651088","590":"3.589318,98.677325","591":"3.578560,98.688845","597":"3.594740,98.686869","705":"3.529349,98.676531"}
INFO - 2020-12-02 12:10:14 --> EXECUTE SHORTEST MAPS
INFO - 2020-12-02 12:10:14 --> REQUEST POST {"origins":[{"point":{"latitude":3.584218,"longitude":98.667676}}],"destinations":[{"point":{"latitude":3.512107,"longitude":98.675058}},{"point":{"latitude":3.567458,"longitude":98.647036}},{"point":{"latitude":3.606051,"longitude":98.627375}},{"point":{"latitude":3.54496,"longitude":98.651088}},{"point":{"latitude":3.589318,"longitude":98.677325}},{"point":{"latitude":3.57856,"longitude":98.688845}},{"point":{"latitude":3.59474,"longitude":98.686869}},{"point":{"latitude":3.529349,"longitude":98.676531}}]}
INFO - 2020-12-02 12:10:16 --> RESPONSE POST {"formatVersion":"0.0.1","matrix":[[{"statusCode":200,"response":{"routeSummary":{"lengthInMeters":11061,"travelTimeInSeconds":1916,"trafficDelayInSeconds":0,"departureTime":"2020-12-02T12:10:16+07:00","arrivalTime":"2020-12-02T12:42:12+07:00"}}},{"statusCode":200,"response":{"routeSummary":{"lengthInMeters":3889,"travelTimeInSeconds":755,"trafficDelayInSeconds":0,"departureTime":"2020-12-02T12:10:16+07:00","arrivalTime":"2020-12-02T12:22:50+07:00"}}},{"statusCode":200,"response":{"routeSummary":{"lengthInMeters":7860,"travelTimeInSeconds":1298,"trafficDelayInSeconds":0,"departureTime":"2020-12-02T12:10:16+07:00","arrivalTime":"2020-12-02T12:31:54+07:00"}}},{"statusCode":200,"response":{"routeSummary":{"lengthInMeters":5777,"travelTimeInSeconds":1051,"trafficDelayInSeconds":0,"departureTime":"2020-12-02T12:10:16+07:00","arrivalTime":"2020-12-02T12:27:46+07:00"}}},{"statusCode":200,"response":{"routeSummary":{"lengthInMeters":1965,"travelTimeInSeconds":556,"trafficDelayInSeconds":101,"departureTime":"2020-12-02T12:10:16+07:00","arrivalTime":"2020-12-02T12:19:31+07:00"}}},{"statusCode":200,"response":{"routeSummary":{"lengthInMeters":4380,"travelTimeInSeconds":1073,"trafficDelayInSeconds":0,"departureTime":"2020-12-02T12:10:17+07:00","arrivalTime":"2020-12-02T12:28:09+07:00"}}},{"statusCode":200,"response":{"routeSummary":{"lengthInMeters":4246,"travelTimeInSeconds":1000,"trafficDelayInSeconds":156,"departureTime":"2020-12-02T12:10:17+07:00","arrivalTime":"2020-12-02T12:26:56+07:00"}}},{"statusCode":200,"response":{"routeSummary":{"lengthInMeters":8301,"travelTimeInSeconds":1453,"trafficDelayInSeconds":0,"departureTime":"2020-12-02T12:10:17+07:00","arrivalTime":"2020-12-02T12:34:29+07:00"}}}]],"summary":{"successfulRoutes":8,"totalRoutes":8}}
INFO - 2020-12-02 12:10:16 --> NUM DELIVERY: 2 # LIMIT DELIVERY: 5
INFO - 2020-12-02 12:10:16 --> Key Min: 590, Total Time: 1266
INFO - 2020-12-02 12:10:16 --> PROCESS DRIVER -> 0
INFO - 2020-12-02 12:10:16 --> COUNT MANDATORY: 0, COUNT EXCEPTION: 0
INFO - 2020-12-02 12:10:16 --> Mandatory: []
INFO - 2020-12-02 12:10:16 --> Exception: []
INFO - 2020-12-02 12:10:16 --> DESTINATION LIST : {"584":"3.512107,98.675058","586":"3.567458,98.647036","587":"3.606051,98.627375","588":"3.544960,98.651088","591":"3.578560,98.688845","597":"3.594740,98.686869","705":"3.529349,98.676531"}
INFO - 2020-12-02 12:10:16 --> EXECUTE SHORTEST MAPS
INFO - 2020-12-02 12:10:16 --> REQUEST POST {"origins":[{"point":{"latitude":3.589318,"longitude":98.677325}}],"destinations":[{"point":{"latitude":3.512107,"longitude":98.675058}},{"point":{"latitude":3.567458,"longitude":98.647036}},{"point":{"latitude":3.606051,"longitude":98.627375}},{"point":{"latitude":3.54496,"longitude":98.651088}},{"point":{"latitude":3.57856,"longitude":98.688845}},{"point":{"latitude":3.59474,"longitude":98.686869}},{"point":{"latitude":3.529349,"longitude":98.676531}}]}
INFO - 2020-12-02 12:10:19 --> RESPONSE POST {"formatVersion":"0.0.1","matrix":[[{"statusCode":200,"response":{"routeSummary":{"lengthInMeters":11071,"travelTimeInSeconds":2022,"trafficDelayInSeconds":0,"departureTime":"2020-12-02T12:10:18+07:00","arrivalTime":"2020-12-02T12:43:59+07:00"}}},{"statusCode":200,"response":{"routeSummary":{"lengthInMeters":6368,"travelTimeInSeconds":1211,"trafficDelayInSeconds":0,"departureTime":"2020-12-02T12:10:18+07:00","arrivalTime":"2020-12-02T12:30:28+07:00"}}},{"statusCode":200,"response":{"routeSummary":{"lengthInMeters":7979,"travelTimeInSeconds":1412,"trafficDelayInSeconds":55,"departureTime":"2020-12-02T12:10:18+07:00","arrivalTime":"2020-12-02T12:33:50+07:00"}}},{"statusCode":200,"response":{"routeSummary":{"lengthInMeters":8256,"travelTimeInSeconds":1507,"trafficDelayInSeconds":0,"departureTime":"2020-12-02T12:10:18+07:00","arrivalTime":"2020-12-02T12:35:25+07:00"}}},{"statusCode":200,"response":{"routeSummary":{"lengthInMeters":3208,"travelTimeInSeconds":871,"trafficDelayInSeconds":0,"departureTime":"2020-12-02T12:10:18+07:00","arrivalTime":"2020-12-02T12:24:48+07:00"}}},{"statusCode":200,"response":{"routeSummary":{"lengthInMeters":2825,"travelTimeInSeconds":695,"trafficDelayInSeconds":55,"departureTime":"2020-12-02T12:10:19+07:00","arrivalTime":"2020-12-02T12:21:53+07:00"}}},{"statusCode":200,"response":{"routeSummary":{"lengthInMeters":8311,"travelTimeInSeconds":1559,"trafficDelayInSeconds":0,"departureTime":"2020-12-02T12:10:19+07:00","arrivalTime":"2020-12-02T12:36:17+07:00"}}}]],"summary":{"successfulRoutes":7,"totalRoutes":7}}
INFO - 2020-12-02 12:10:19 --> NUM DELIVERY: 3 # LIMIT DELIVERY: 5
INFO - 2020-12-02 12:10:19 --> Key Min: 597, Total Time: 1961
INFO - 2020-12-02 12:10:19 --> PROCESS DRIVER -> 0
INFO - 2020-12-02 12:10:19 --> COUNT MANDATORY: 0, COUNT EXCEPTION: 0
INFO - 2020-12-02 12:10:19 --> Mandatory: []
INFO - 2020-12-02 12:10:19 --> Exception: []
INFO - 2020-12-02 12:10:19 --> DESTINATION LIST : {"584":"3.512107,98.675058","586":"3.567458,98.647036","587":"3.606051,98.627375","588":"3.544960,98.651088","591":"3.578560,98.688845","705":"3.529349,98.676531"}
INFO - 2020-12-02 12:10:19 --> EXECUTE SHORTEST MAPS
INFO - 2020-12-02 12:10:19 --> REQUEST POST {"origins":[{"point":{"latitude":3.59474,"longitude":98.686869}}],"destinations":[{"point":{"latitude":3.512107,"longitude":98.675058}},{"point":{"latitude":3.567458,"longitude":98.647036}},{"point":{"latitude":3.606051,"longitude":98.627375}},{"point":{"latitude":3.54496,"longitude":98.651088}},{"point":{"latitude":3.57856,"longitude":98.688845}},{"point":{"latitude":3.529349,"longitude":98.676531}}]}
INFO - 2020-12-02 12:10:21 --> RESPONSE POST {"formatVersion":"0.0.1","matrix":[[{"statusCode":200,"response":{"routeSummary":{"lengthInMeters":12512,"travelTimeInSeconds":2471,"trafficDelayInSeconds":0,"departureTime":"2020-12-02T12:10:20+07:00","arrivalTime":"2020-12-02T12:51:31+07:00"}}},{"statusCode":200,"response":{"routeSummary":{"lengthInMeters":7534,"travelTimeInSeconds":1662,"trafficDelayInSeconds":0,"departureTime":"2020-12-02T12:10:21+07:00","arrivalTime":"2020-12-02T12:38:03+07:00"}}},{"statusCode":200,"response":{"routeSummary":{"lengthInMeters":8217,"travelTimeInSeconds":1567,"trafficDelayInSeconds":0,"departureTime":"2020-12-02T12:10:20+07:00","arrivalTime":"2020-12-02T12:36:26+07:00"}}},{"statusCode":200,"response":{"routeSummary":{"lengthInMeters":9827,"travelTimeInSeconds":2041,"trafficDelayInSeconds":0,"departureTime":"2020-12-02T12:10:20+07:00","arrivalTime":"2020-12-02T12:44:21+07:00"}}},{"statusCode":200,"response":{"routeSummary":{"lengthInMeters":3124,"travelTimeInSeconds":811,"trafficDelayInSeconds":0,"departureTime":"2020-12-02T12:10:20+07:00","arrivalTime":"2020-12-02T12:23:51+07:00"}}},{"statusCode":200,"response":{"routeSummary":{"lengthInMeters":9752,"travelTimeInSeconds":2009,"trafficDelayInSeconds":0,"departureTime":"2020-12-02T12:10:20+07:00","arrivalTime":"2020-12-02T12:43:48+07:00"}}}]],"summary":{"successfulRoutes":6,"totalRoutes":6}}
INFO - 2020-12-02 12:10:21 --> NUM DELIVERY: 4 # LIMIT DELIVERY: 5
INFO - 2020-12-02 12:10:21 --> Key Min: 591, Total Time: 2772
INFO - 2020-12-02 12:10:21 --> PROCESS DRIVER -> 0
INFO - 2020-12-02 12:10:21 --> COUNT MANDATORY: 0, COUNT EXCEPTION: 0
INFO - 2020-12-02 12:10:21 --> Mandatory: []
INFO - 2020-12-02 12:10:21 --> Exception: []
INFO - 2020-12-02 12:10:21 --> DESTINATION LIST : {"584":"3.512107,98.675058","586":"3.567458,98.647036","587":"3.606051,98.627375","588":"3.544960,98.651088","705":"3.529349,98.676531"}
INFO - 2020-12-02 12:10:21 --> EXECUTE SHORTEST MAPS
INFO - 2020-12-02 12:10:21 --> REQUEST POST {"origins":[{"point":{"latitude":3.57856,"longitude":98.688845}}],"destinations":[{"point":{"latitude":3.512107,"longitude":98.675058}},{"point":{"latitude":3.567458,"longitude":98.647036}},{"point":{"latitude":3.606051,"longitude":98.627375}},{"point":{"latitude":3.54496,"longitude":98.651088}},{"point":{"latitude":3.529349,"longitude":98.676531}}]}
INFO - 2020-12-02 12:10:22 --> RESPONSE POST {"formatVersion":"0.0.1","matrix":[[{"statusCode":200,"response":{"routeSummary":{"lengthInMeters":10162,"travelTimeInSeconds":2001,"trafficDelayInSeconds":0,"departureTime":"2020-12-02T12:10:22+07:00","arrivalTime":"2020-12-02T12:43:42+07:00"}}},{"statusCode":200,"response":{"routeSummary":{"lengthInMeters":6309,"travelTimeInSeconds":1333,"trafficDelayInSeconds":0,"departureTime":"2020-12-02T12:10:22+07:00","arrivalTime":"2020-12-02T12:32:34+07:00"}}},{"statusCode":200,"response":{"routeSummary":{"lengthInMeters":10187,"travelTimeInSeconds":2004,"trafficDelayInSeconds":0,"departureTime":"2020-12-02T12:10:22+07:00","arrivalTime":"2020-12-02T12:43:45+07:00"}}},{"statusCode":200,"response":{"routeSummary":{"lengthInMeters":8197,"travelTimeInSeconds":1630,"trafficDelayInSeconds":0,"departureTime":"2020-12-02T12:10:22+07:00","arrivalTime":"2020-12-02T12:37:31+07:00"}}},{"statusCode":200,"response":{"routeSummary":{"lengthInMeters":7402,"travelTimeInSeconds":1537,"trafficDelayInSeconds":0,"departureTime":"2020-12-02T12:10:22+07:00","arrivalTime":"2020-12-02T12:35:59+07:00"}}}]],"summary":{"successfulRoutes":5,"totalRoutes":5}}
INFO - 2020-12-02 12:10:22 --> NUM DELIVERY: 5 # LIMIT DELIVERY: 5
INFO - 2020-12-02 12:10:22 --> Key Min: 586, Total Time: 0
INFO - 2020-12-02 12:10:22 --> PROCESS DRIVER -> 1
INFO - 2020-12-02 12:10:22 --> COUNT MANDATORY: 0, COUNT EXCEPTION: 0
INFO - 2020-12-02 12:10:22 --> Mandatory: []
INFO - 2020-12-02 12:10:22 --> Exception: []
INFO - 2020-12-02 12:10:22 --> DESTINATION LIST : {"584":"3.512107,98.675058","586":"3.567458,98.647036","587":"3.606051,98.627375","588":"3.544960,98.651088","705":"3.529349,98.676531"}
INFO - 2020-12-02 12:10:22 --> EXECUTE SHORTEST MAPS
INFO - 2020-12-02 12:10:22 --> REQUEST POST {"origins":[{"point":{"latitude":3.580994,"longitude":98.662378}}],"destinations":[{"point":{"latitude":3.512107,"longitude":98.675058}},{"point":{"latitude":3.567458,"longitude":98.647036}},{"point":{"latitude":3.606051,"longitude":98.627375}},{"point":{"latitude":3.54496,"longitude":98.651088}},{"point":{"latitude":3.529349,"longitude":98.676531}}]}
INFO - 2020-12-02 12:10:23 --> RESPONSE POST {"formatVersion":"0.0.1","matrix":[[{"statusCode":200,"response":{"routeSummary":{"lengthInMeters":11139,"travelTimeInSeconds":1990,"trafficDelayInSeconds":0,"departureTime":"2020-12-02T12:10:24+07:00","arrivalTime":"2020-12-02T12:43:34+07:00"}}},{"statusCode":200,"response":{"routeSummary":{"lengthInMeters":3301,"travelTimeInSeconds":709,"trafficDelayInSeconds":0,"departureTime":"2020-12-02T12:10:24+07:00","arrivalTime":"2020-12-02T12:22:12+07:00"}}},{"statusCode":200,"response":{"routeSummary":{"lengthInMeters":6772,"travelTimeInSeconds":1308,"trafficDelayInSeconds":0,"departureTime":"2020-12-02T12:10:24+07:00","arrivalTime":"2020-12-02T12:32:11+07:00"}}},{"statusCode":200,"response":{"routeSummary":{"lengthInMeters":5195,"travelTimeInSeconds":1103,"trafficDelayInSeconds":0,"departureTime":"2020-12-02T12:10:24+07:00","arrivalTime":"2020-12-02T12:28:46+07:00"}}},{"statusCode":200,"response":{"routeSummary":{"lengthInMeters":8379,"travelTimeInSeconds":1527,"trafficDelayInSeconds":0,"departureTime":"2020-12-02T12:10:24+07:00","arrivalTime":"2020-12-02T12:35:50+07:00"}}}]],"summary":{"successfulRoutes":5,"totalRoutes":5}}
INFO - 2020-12-02 12:10:23 --> NUM DELIVERY: 0 # LIMIT DELIVERY: 5
INFO - 2020-12-02 12:10:24 --> Key Min: 586, Total Time: 709
INFO - 2020-12-02 12:10:24 --> PROCESS DRIVER -> 1
INFO - 2020-12-02 12:10:24 --> COUNT MANDATORY: 0, COUNT EXCEPTION: 0
INFO - 2020-12-02 12:10:24 --> Mandatory: []
INFO - 2020-12-02 12:10:24 --> Exception: []
INFO - 2020-12-02 12:10:24 --> DESTINATION LIST : {"584":"3.512107,98.675058","587":"3.606051,98.627375","588":"3.544960,98.651088","705":"3.529349,98.676531"}
INFO - 2020-12-02 12:10:24 --> EXECUTE SHORTEST MAPS
INFO - 2020-12-02 12:10:24 --> REQUEST POST {"origins":[{"point":{"latitude":3.567458,"longitude":98.647036}}],"destinations":[{"point":{"latitude":3.512107,"longitude":98.675058}},{"point":{"latitude":3.606051,"longitude":98.627375}},{"point":{"latitude":3.54496,"longitude":98.651088}},{"point":{"latitude":3.529349,"longitude":98.676531}}]}
INFO - 2020-12-02 12:10:25 --> RESPONSE POST {"formatVersion":"0.0.1","matrix":[[{"statusCode":200,"response":{"routeSummary":{"lengthInMeters":13097,"travelTimeInSeconds":1853,"trafficDelayInSeconds":0,"departureTime":"2020-12-02T12:10:25+07:00","arrivalTime":"2020-12-02T12:41:18+07:00"}}},{"statusCode":200,"response":{"routeSummary":{"lengthInMeters":6819,"travelTimeInSeconds":1231,"trafficDelayInSeconds":0,"departureTime":"2020-12-02T12:10:25+07:00","arrivalTime":"2020-12-02T12:30:55+07:00"}}},{"statusCode":200,"response":{"routeSummary":{"lengthInMeters":5831,"travelTimeInSeconds":935,"trafficDelayInSeconds":0,"departureTime":"2020-12-02T12:10:25+07:00","arrivalTime":"2020-12-02T12:25:59+07:00"}}},{"statusCode":200,"response":{"routeSummary":{"lengthInMeters":11207,"travelTimeInSeconds":1510,"trafficDelayInSeconds":0,"departureTime":"2020-12-02T12:10:25+07:00","arrivalTime":"2020-12-02T12:35:34+07:00"}}}]],"summary":{"successfulRoutes":4,"totalRoutes":4}}
INFO - 2020-12-02 12:10:25 --> NUM DELIVERY: 1 # LIMIT DELIVERY: 5
INFO - 2020-12-02 12:10:25 --> Key Min: 588, Total Time: 1644
INFO - 2020-12-02 12:10:25 --> PROCESS DRIVER -> 1
INFO - 2020-12-02 12:10:25 --> COUNT MANDATORY: 0, COUNT EXCEPTION: 0
INFO - 2020-12-02 12:10:25 --> Mandatory: []
INFO - 2020-12-02 12:10:25 --> Exception: []
INFO - 2020-12-02 12:10:25 --> DESTINATION LIST : {"584":"3.512107,98.675058","587":"3.606051,98.627375","705":"3.529349,98.676531"}
INFO - 2020-12-02 12:10:25 --> EXECUTE SHORTEST MAPS
INFO - 2020-12-02 12:10:25 --> REQUEST POST {"origins":[{"point":{"latitude":3.54496,"longitude":98.651088}}],"destinations":[{"point":{"latitude":3.512107,"longitude":98.675058}},{"point":{"latitude":3.606051,"longitude":98.627375}},{"point":{"latitude":3.529349,"longitude":98.676531}}]}
INFO - 2020-12-02 12:10:26 --> RESPONSE POST {"formatVersion":"0.0.1","matrix":[[{"statusCode":200,"response":{"routeSummary":{"lengthInMeters":7344,"travelTimeInSeconds":1170,"trafficDelayInSeconds":0,"departureTime":"2020-12-02T12:10:26+07:00","arrivalTime":"2020-12-02T12:29:55+07:00"}}},{"statusCode":200,"response":{"routeSummary":{"lengthInMeters":9905,"travelTimeInSeconds":1618,"trafficDelayInSeconds":0,"departureTime":"2020-12-02T12:10:26+07:00","arrivalTime":"2020-12-02T12:37:24+07:00"}}},{"statusCode":200,"response":{"routeSummary":{"lengthInMeters":5454,"travelTimeInSeconds":826,"trafficDelayInSeconds":0,"departureTime":"2020-12-02T12:10:26+07:00","arrivalTime":"2020-12-02T12:24:12+07:00"}}}]],"summary":{"successfulRoutes":3,"totalRoutes":3}}
INFO - 2020-12-02 12:10:26 --> NUM DELIVERY: 2 # LIMIT DELIVERY: 5
INFO - 2020-12-02 12:10:26 --> Key Min: 705, Total Time: 2470
INFO - 2020-12-02 12:10:26 --> PROCESS DRIVER -> 1
INFO - 2020-12-02 12:10:26 --> COUNT MANDATORY: 0, COUNT EXCEPTION: 0
INFO - 2020-12-02 12:10:26 --> Mandatory: []
INFO - 2020-12-02 12:10:26 --> Exception: []
INFO - 2020-12-02 12:10:26 --> DESTINATION LIST : {"584":"3.512107,98.675058","587":"3.606051,98.627375"}
INFO - 2020-12-02 12:10:26 --> EXECUTE SHORTEST MAPS
INFO - 2020-12-02 12:10:26 --> REQUEST POST {"origins":[{"point":{"latitude":3.529349,"longitude":98.676531}}],"destinations":[{"point":{"latitude":3.512107,"longitude":98.675058}},{"point":{"latitude":3.606051,"longitude":98.627375}}]}
INFO - 2020-12-02 12:10:27 --> RESPONSE POST {"formatVersion":"0.0.1","matrix":[[{"statusCode":200,"response":{"routeSummary":{"lengthInMeters":2911,"travelTimeInSeconds":566,"trafficDelayInSeconds":0,"departureTime":"2020-12-02T12:10:27+07:00","arrivalTime":"2020-12-02T12:19:52+07:00"}}},{"statusCode":200,"response":{"routeSummary":{"lengthInMeters":14185,"travelTimeInSeconds":2147,"trafficDelayInSeconds":0,"departureTime":"2020-12-02T12:10:27+07:00","arrivalTime":"2020-12-02T12:46:14+07:00"}}}]],"summary":{"successfulRoutes":2,"totalRoutes":2}}
INFO - 2020-12-02 12:10:27 --> NUM DELIVERY: 3 # LIMIT DELIVERY: 5
INFO - 2020-12-02 12:10:27 --> Key Min: 584, Total Time: 3036
INFO - 2020-12-02 12:10:27 --> PROCESS DRIVER -> 1
INFO - 2020-12-02 12:10:27 --> COUNT MANDATORY: 0, COUNT EXCEPTION: 0
INFO - 2020-12-02 12:10:27 --> Mandatory: []
INFO - 2020-12-02 12:10:27 --> Exception: []
INFO - 2020-12-02 12:10:27 --> DESTINATION LIST : {"587":"3.606051,98.627375"}
INFO - 2020-12-02 12:10:27 --> EXECUTE SHORTEST MAPS
INFO - 2020-12-02 12:10:27 --> REQUEST POST {"origins":[{"point":{"latitude":3.512107,"longitude":98.675058}}],"destinations":[{"point":{"latitude":3.606051,"longitude":98.627375}}]}
INFO - 2020-12-02 12:10:28 --> RESPONSE POST {"formatVersion":"0.0.1","matrix":[[{"statusCode":200,"response":{"routeSummary":{"lengthInMeters":16242,"travelTimeInSeconds":2447,"trafficDelayInSeconds":0,"departureTime":"2020-12-02T12:10:28+07:00","arrivalTime":"2020-12-02T12:51:15+07:00"}}}]],"summary":{"successfulRoutes":1,"totalRoutes":1}}
INFO - 2020-12-02 12:10:28 --> NUM DELIVERY: 4 # LIMIT DELIVERY: 5
INFO - 2020-12-02 12:10:28 --> Key Min: 587, Total Time: 0
INFO - 2020-12-02 12:10:28 --> PROCESS DRIVER -> 2
INFO - 2020-12-02 12:10:28 --> COUNT MANDATORY: 0, COUNT EXCEPTION: 0
INFO - 2020-12-02 12:10:28 --> Mandatory: []
INFO - 2020-12-02 12:10:28 --> Exception: []
INFO - 2020-12-02 12:10:28 --> DESTINATION LIST : {"587":"3.606051,98.627375"}
INFO - 2020-12-02 12:10:28 --> EXECUTE SHORTEST MAPS
INFO - 2020-12-02 12:10:28 --> REQUEST POST {"origins":[{"point":{"latitude":3.580994,"longitude":98.662378}}],"destinations":[{"point":{"latitude":3.606051,"longitude":98.627375}}]}
INFO - 2020-12-02 12:10:29 --> RESPONSE POST {"formatVersion":"0.0.1","matrix":[[{"statusCode":200,"response":{"routeSummary":{"lengthInMeters":6772,"travelTimeInSeconds":1307,"trafficDelayInSeconds":0,"departureTime":"2020-12-02T12:10:29+07:00","arrivalTime":"2020-12-02T12:32:16+07:00"}}}]],"summary":{"successfulRoutes":1,"totalRoutes":1}}
INFO - 2020-12-02 12:10:29 --> NUM DELIVERY: 0 # LIMIT DELIVERY: 5
INFO - 2020-12-02 12:10:29 --> Key Min: 587, Total Time: 1307
INFO - 2020-12-02 12:11:58 --> Session: Class initialized using 'CodeIgniter\Session\Handlers\FileHandler' driver.
INFO - 2020-12-02 12:12:11 --> Session: Class initialized using 'CodeIgniter\Session\Handlers\FileHandler' driver.
INFO - 2020-12-02 12:12:21 --> Session: Class initialized using 'CodeIgniter\Session\Handlers\FileHandler' driver.
INFO - 2020-12-02 12:14:40 --> Session: Class initialized using 'CodeIgniter\Session\Handlers\FileHandler' driver.
INFO - 2020-12-02 12:15:28 --> Session: Class initialized using 'CodeIgniter\Session\Handlers\FileHandler' driver.
INFO - 2020-12-02 12:16:39 --> Session: Class initialized using 'CodeIgniter\Session\Handlers\FileHandler' driver.
INFO - 2020-12-02 12:16:57 --> Session: Class initialized using 'CodeIgniter\Session\Handlers\FileHandler' driver.
INFO - 2020-12-02 12:16:57 --> PROCESS DRIVER -> 0
INFO - 2020-12-02 12:16:57 --> COUNT MANDATORY: 0, COUNT EXCEPTION: 0
INFO - 2020-12-02 12:16:57 --> Mandatory: []
INFO - 2020-12-02 12:16:57 --> Exception: []
INFO - 2020-12-02 12:16:57 --> DESTINATION LIST : {"583":"3.575552,98.665248","584":"3.512107,98.675058","586":"3.567458,98.647036","587":"3.606051,98.627375","588":"3.544960,98.651088","589":"3.584218,98.667676","590":"3.589318,98.677325","591":"3.578560,98.688845","597":"3.594740,98.686869","705":"3.529349,98.676531"}
INFO - 2020-12-02 12:16:57 --> EXECUTE SHORTEST MAPS
INFO - 2020-12-02 12:16:57 --> REQUEST POST {"origins":[{"point":{"latitude":3.580994,"longitude":98.662378}}],"destinations":[{"point":{"latitude":3.575552,"longitude":98.665248}},{"point":{"latitude":3.512107,"longitude":98.675058}},{"point":{"latitude":3.567458,"longitude":98.647036}},{"point":{"latitude":3.606051,"longitude":98.627375}},{"point":{"latitude":3.54496,"longitude":98.651088}},{"point":{"latitude":3.584218,"longitude":98.667676}},{"point":{"latitude":3.589318,"longitude":98.677325}},{"point":{"latitude":3.57856,"longitude":98.688845}},{"point":{"latitude":3.59474,"longitude":98.686869}},{"point":{"latitude":3.529349,"longitude":98.676531}}]}
INFO - 2020-12-02 12:16:59 --> RESPONSE POST {"formatVersion":"0.0.1","matrix":[[{"statusCode":200,"response":{"routeSummary":{"lengthInMeters":1046,"travelTimeInSeconds":243,"trafficDelayInSeconds":0,"departureTime":"2020-12-02T12:16:58+07:00","arrivalTime":"2020-12-02T12:21:01+07:00"}}},{"statusCode":200,"response":{"routeSummary":{"lengthInMeters":11139,"travelTimeInSeconds":1988,"trafficDelayInSeconds":0,"departureTime":"2020-12-02T12:16:58+07:00","arrivalTime":"2020-12-02T12:50:06+07:00"}}},{"statusCode":200,"response":{"routeSummary":{"lengthInMeters":3301,"travelTimeInSeconds":709,"trafficDelayInSeconds":0,"departureTime":"2020-12-02T12:16:58+07:00","arrivalTime":"2020-12-02T12:28:47+07:00"}}},{"statusCode":200,"response":{"routeSummary":{"lengthInMeters":6772,"travelTimeInSeconds":1305,"trafficDelayInSeconds":0,"departureTime":"2020-12-02T12:16:58+07:00","arrivalTime":"2020-12-02T12:38:42+07:00"}}},{"statusCode":200,"response":{"routeSummary":{"lengthInMeters":5195,"travelTimeInSeconds":1104,"trafficDelayInSeconds":0,"departureTime":"2020-12-02T12:16:58+07:00","arrivalTime":"2020-12-02T12:35:21+07:00"}}},{"statusCode":200,"response":{"routeSummary":{"lengthInMeters":2198,"travelTimeInSeconds":536,"trafficDelayInSeconds":0,"departureTime":"2020-12-02T12:16:59+07:00","arrivalTime":"2020-12-02T12:25:55+07:00"}}},{"statusCode":200,"response":{"routeSummary":{"lengthInMeters":2755,"travelTimeInSeconds":729,"trafficDelayInSeconds":78,"departureTime":"2020-12-02T12:16:59+07:00","arrivalTime":"2020-12-02T12:29:07+07:00"}}},{"statusCode":200,"response":{"routeSummary":{"lengthInMeters":4830,"travelTimeInSeconds":1188,"trafficDelayInSeconds":0,"departureTime":"2020-12-02T12:16:59+07:00","arrivalTime":"2020-12-02T12:36:47+07:00"}}},{"statusCode":200,"response":{"routeSummary":{"lengthInMeters":5036,"travelTimeInSeconds":1157,"trafficDelayInSeconds":119,"departureTime":"2020-12-02T12:16:59+07:00","arrivalTime":"2020-12-02T12:36:16+07:00"}}},{"statusCode":200,"response":{"routeSummary":{"lengthInMeters":8379,"travelTimeInSeconds":1526,"trafficDelayInSeconds":0,"departureTime":"2020-12-02T12:16:59+07:00","arrivalTime":"2020-12-02T12:42:24+07:00"}}}]],"summary":{"successfulRoutes":10,"totalRoutes":10}}
INFO - 2020-12-02 12:16:59 --> NUM DELIVERY: 0 # LIMIT DELIVERY: 5
INFO - 2020-12-02 12:16:59 --> Key Min: 583, Total Time: 243
INFO - 2020-12-02 12:16:59 --> PROCESS DRIVER -> 0
INFO - 2020-12-02 12:16:59 --> COUNT MANDATORY: 0, COUNT EXCEPTION: 0
INFO - 2020-12-02 12:16:59 --> Mandatory: []
INFO - 2020-12-02 12:16:59 --> Exception: []
INFO - 2020-12-02 12:16:59 --> DESTINATION LIST : {"584":"3.512107,98.675058","586":"3.567458,98.647036","587":"3.606051,98.627375","588":"3.544960,98.651088","589":"3.584218,98.667676","590":"3.589318,98.677325","591":"3.578560,98.688845","597":"3.594740,98.686869","705":"3.529349,98.676531"}
INFO - 2020-12-02 12:16:59 --> EXECUTE SHORTEST MAPS
INFO - 2020-12-02 12:16:59 --> REQUEST POST {"origins":[{"point":{"latitude":3.575552,"longitude":98.665248}}],"destinations":[{"point":{"latitude":3.512107,"longitude":98.675058}},{"point":{"latitude":3.567458,"longitude":98.647036}},{"point":{"latitude":3.606051,"longitude":98.627375}},{"point":{"latitude":3.54496,"longitude":98.651088}},{"point":{"latitude":3.584218,"longitude":98.667676}},{"point":{"latitude":3.589318,"longitude":98.677325}},{"point":{"latitude":3.57856,"longitude":98.688845}},{"point":{"latitude":3.59474,"longitude":98.686869}},{"point":{"latitude":3.529349,"longitude":98.676531}}]}
INFO - 2020-12-02 12:17:01 --> RESPONSE POST {"formatVersion":"0.0.1","matrix":[[{"statusCode":200,"response":{"routeSummary":{"lengthInMeters":10229,"travelTimeInSeconds":1850,"trafficDelayInSeconds":0,"departureTime":"2020-12-02T12:17:00+07:00","arrivalTime":"2020-12-02T12:47:50+07:00"}}},{"statusCode":200,"response":{"routeSummary":{"lengthInMeters":2853,"travelTimeInSeconds":605,"trafficDelayInSeconds":0,"departureTime":"2020-12-02T12:17:00+07:00","arrivalTime":"2020-12-02T12:27:05+07:00"}}},{"statusCode":200,"response":{"routeSummary":{"lengthInMeters":7668,"travelTimeInSeconds":1506,"trafficDelayInSeconds":0,"departureTime":"2020-12-02T12:17:00+07:00","arrivalTime":"2020-12-02T12:42:05+07:00"}}},{"statusCode":200,"response":{"routeSummary":{"lengthInMeters":4741,"travelTimeInSeconds":902,"trafficDelayInSeconds":0,"departureTime":"2020-12-02T12:17:00+07:00","arrivalTime":"2020-12-02T12:32:02+07:00"}}},{"statusCode":200,"response":{"routeSummary":{"lengthInMeters":1835,"travelTimeInSeconds":467,"trafficDelayInSeconds":0,"departureTime":"2020-12-02T12:17:00+07:00","arrivalTime":"2020-12-02T12:24:46+07:00"}}},{"statusCode":200,"response":{"routeSummary":{"lengthInMeters":2971,"travelTimeInSeconds":776,"trafficDelayInSeconds":78,"departureTime":"2020-12-02T12:17:01+07:00","arrivalTime":"2020-12-02T12:29:57+07:00"}}},{"statusCode":200,"response":{"routeSummary":{"lengthInMeters":4237,"travelTimeInSeconds":1093,"trafficDelayInSeconds":0,"departureTime":"2020-12-02T12:17:01+07:00","arrivalTime":"2020-12-02T12:35:14+07:00"}}},{"statusCode":200,"response":{"routeSummary":{"lengthInMeters":4606,"travelTimeInSeconds":1136,"trafficDelayInSeconds":0,"departureTime":"2020-12-02T12:17:01+07:00","arrivalTime":"2020-12-02T12:35:57+07:00"}}},{"statusCode":200,"response":{"routeSummary":{"lengthInMeters":7786,"travelTimeInSeconds":1431,"trafficDelayInSeconds":0,"departureTime":"2020-12-02T12:17:02+07:00","arrivalTime":"2020-12-02T12:40:53+07:00"}}}]],"summary":{"successfulRoutes":9,"totalRoutes":9}}
INFO - 2020-12-02 12:17:01 --> NUM DELIVERY: 1 # LIMIT DELIVERY: 5
INFO - 2020-12-02 12:17:01 --> Key Min: 589, Total Time: 710
INFO - 2020-12-02 12:17:01 --> PROCESS DRIVER -> 0
INFO - 2020-12-02 12:17:01 --> COUNT MANDATORY: 0, COUNT EXCEPTION: 0
INFO - 2020-12-02 12:17:01 --> Mandatory: []
INFO - 2020-12-02 12:17:01 --> Exception: []
INFO - 2020-12-02 12:17:01 --> DESTINATION LIST : {"584":"3.512107,98.675058","586":"3.567458,98.647036","587":"3.606051,98.627375","588":"3.544960,98.651088","590":"3.589318,98.677325","591":"3.578560,98.688845","597":"3.594740,98.686869","705":"3.529349,98.676531"}
INFO - 2020-12-02 12:17:01 --> EXECUTE SHORTEST MAPS
INFO - 2020-12-02 12:17:01 --> REQUEST POST {"origins":[{"point":{"latitude":3.584218,"longitude":98.667676}}],"destinations":[{"point":{"latitude":3.512107,"longitude":98.675058}},{"point":{"latitude":3.567458,"longitude":98.647036}},{"point":{"latitude":3.606051,"longitude":98.627375}},{"point":{"latitude":3.54496,"longitude":98.651088}},{"point":{"latitude":3.589318,"longitude":98.677325}},{"point":{"latitude":3.57856,"longitude":98.688845}},{"point":{"latitude":3.59474,"longitude":98.686869}},{"point":{"latitude":3.529349,"longitude":98.676531}}]}
INFO - 2020-12-02 12:17:03 --> RESPONSE POST {"formatVersion":"0.0.1","matrix":[[{"statusCode":200,"response":{"routeSummary":{"lengthInMeters":11061,"travelTimeInSeconds":1915,"trafficDelayInSeconds":0,"departureTime":"2020-12-02T12:17:03+07:00","arrivalTime":"2020-12-02T12:48:57+07:00"}}},{"statusCode":200,"response":{"routeSummary":{"lengthInMeters":3889,"travelTimeInSeconds":756,"trafficDelayInSeconds":0,"departureTime":"2020-12-02T12:17:03+07:00","arrivalTime":"2020-12-02T12:29:38+07:00"}}},{"statusCode":200,"response":{"routeSummary":{"lengthInMeters":7860,"travelTimeInSeconds":1297,"trafficDelayInSeconds":0,"departureTime":"2020-12-02T12:17:03+07:00","arrivalTime":"2020-12-02T12:38:39+07:00"}}},{"statusCode":200,"response":{"routeSummary":{"lengthInMeters":5777,"travelTimeInSeconds":1053,"trafficDelayInSeconds":0,"departureTime":"2020-12-02T12:17:03+07:00","arrivalTime":"2020-12-02T12:34:35+07:00"}}},{"statusCode":200,"response":{"routeSummary":{"lengthInMeters":1965,"travelTimeInSeconds":533,"trafficDelayInSeconds":78,"departureTime":"2020-12-02T12:17:03+07:00","arrivalTime":"2020-12-02T12:25:55+07:00"}}},{"statusCode":200,"response":{"routeSummary":{"lengthInMeters":4339,"travelTimeInSeconds":1087,"trafficDelayInSeconds":0,"departureTime":"2020-12-02T12:17:04+07:00","arrivalTime":"2020-12-02T12:35:10+07:00"}}},{"statusCode":200,"response":{"routeSummary":{"lengthInMeters":4246,"travelTimeInSeconds":962,"trafficDelayInSeconds":119,"departureTime":"2020-12-02T12:17:04+07:00","arrivalTime":"2020-12-02T12:33:05+07:00"}}},{"statusCode":200,"response":{"routeSummary":{"lengthInMeters":8301,"travelTimeInSeconds":1452,"trafficDelayInSeconds":0,"departureTime":"2020-12-02T12:17:04+07:00","arrivalTime":"2020-12-02T12:41:16+07:00"}}}]],"summary":{"successfulRoutes":8,"totalRoutes":8}}
INFO - 2020-12-02 12:17:03 --> NUM DELIVERY: 2 # LIMIT DELIVERY: 5
INFO - 2020-12-02 12:17:03 --> Key Min: 590, Total Time: 1243
INFO - 2020-12-02 12:17:03 --> PROCESS DRIVER -> 0
INFO - 2020-12-02 12:17:03 --> COUNT MANDATORY: 0, COUNT EXCEPTION: 0
INFO - 2020-12-02 12:17:03 --> Mandatory: []
INFO - 2020-12-02 12:17:03 --> Exception: []
INFO - 2020-12-02 12:17:03 --> DESTINATION LIST : {"584":"3.512107,98.675058","586":"3.567458,98.647036","587":"3.606051,98.627375","588":"3.544960,98.651088","591":"3.578560,98.688845","597":"3.594740,98.686869","705":"3.529349,98.676531"}
INFO - 2020-12-02 12:17:03 --> EXECUTE SHORTEST MAPS
INFO - 2020-12-02 12:17:03 --> REQUEST POST {"origins":[{"point":{"latitude":3.589318,"longitude":98.677325}}],"destinations":[{"point":{"latitude":3.512107,"longitude":98.675058}},{"point":{"latitude":3.567458,"longitude":98.647036}},{"point":{"latitude":3.606051,"longitude":98.627375}},{"point":{"latitude":3.54496,"longitude":98.651088}},{"point":{"latitude":3.57856,"longitude":98.688845}},{"point":{"latitude":3.59474,"longitude":98.686869}},{"point":{"latitude":3.529349,"longitude":98.676531}}]}
INFO - 2020-12-02 12:17:05 --> RESPONSE POST {"formatVersion":"0.0.1","matrix":[[{"statusCode":200,"response":{"routeSummary":{"lengthInMeters":11071,"travelTimeInSeconds":2019,"trafficDelayInSeconds":0,"departureTime":"2020-12-02T12:17:05+07:00","arrivalTime":"2020-12-02T12:50:44+07:00"}}},{"statusCode":200,"response":{"routeSummary":{"lengthInMeters":6368,"travelTimeInSeconds":1210,"trafficDelayInSeconds":0,"departureTime":"2020-12-02T12:17:05+07:00","arrivalTime":"2020-12-02T12:37:15+07:00"}}},{"statusCode":200,"response":{"routeSummary":{"lengthInMeters":7979,"travelTimeInSeconds":1396,"trafficDelayInSeconds":41,"departureTime":"2020-12-02T12:17:05+07:00","arrivalTime":"2020-12-02T12:40:21+07:00"}}},{"statusCode":200,"response":{"routeSummary":{"lengthInMeters":8256,"travelTimeInSeconds":1508,"trafficDelayInSeconds":0,"departureTime":"2020-12-02T12:17:05+07:00","arrivalTime":"2020-12-02T12:42:12+07:00"}}},{"statusCode":200,"response":{"routeSummary":{"lengthInMeters":3167,"travelTimeInSeconds":886,"trafficDelayInSeconds":0,"departureTime":"2020-12-02T12:17:05+07:00","arrivalTime":"2020-12-02T12:31:50+07:00"}}},{"statusCode":200,"response":{"routeSummary":{"lengthInMeters":2825,"travelTimeInSeconds":681,"trafficDelayInSeconds":41,"departureTime":"2020-12-02T12:17:06+07:00","arrivalTime":"2020-12-02T12:28:27+07:00"}}},{"statusCode":200,"response":{"routeSummary":{"lengthInMeters":8311,"travelTimeInSeconds":1556,"trafficDelayInSeconds":0,"departureTime":"2020-12-02T12:17:06+07:00","arrivalTime":"2020-12-02T12:43:02+07:00"}}}]],"summary":{"successfulRoutes":7,"totalRoutes":7}}
INFO - 2020-12-02 12:17:05 --> NUM DELIVERY: 3 # LIMIT DELIVERY: 5
INFO - 2020-12-02 12:17:05 --> Key Min: 597, Total Time: 1924
INFO - 2020-12-02 12:17:05 --> PROCESS DRIVER -> 0
INFO - 2020-12-02 12:17:05 --> COUNT MANDATORY: 0, COUNT EXCEPTION: 0
INFO - 2020-12-02 12:17:05 --> Mandatory: []
INFO - 2020-12-02 12:17:06 --> Exception: []
INFO - 2020-12-02 12:17:06 --> DESTINATION LIST : {"584":"3.512107,98.675058","586":"3.567458,98.647036","587":"3.606051,98.627375","588":"3.544960,98.651088","591":"3.578560,98.688845","705":"3.529349,98.676531"}
INFO - 2020-12-02 12:17:06 --> EXECUTE SHORTEST MAPS
INFO - 2020-12-02 12:17:06 --> REQUEST POST {"origins":[{"point":{"latitude":3.59474,"longitude":98.686869}}],"destinations":[{"point":{"latitude":3.512107,"longitude":98.675058}},{"point":{"latitude":3.567458,"longitude":98.647036}},{"point":{"latitude":3.606051,"longitude":98.627375}},{"point":{"latitude":3.54496,"longitude":98.651088}},{"point":{"latitude":3.57856,"longitude":98.688845}},{"point":{"latitude":3.529349,"longitude":98.676531}}]}
INFO - 2020-12-02 12:17:08 --> RESPONSE POST {"formatVersion":"0.0.1","matrix":[[{"statusCode":200,"response":{"routeSummary":{"lengthInMeters":12512,"travelTimeInSeconds":2467,"trafficDelayInSeconds":0,"departureTime":"2020-12-02T12:17:07+07:00","arrivalTime":"2020-12-02T12:58:14+07:00"}}},{"statusCode":200,"response":{"routeSummary":{"lengthInMeters":7534,"travelTimeInSeconds":1662,"trafficDelayInSeconds":0,"departureTime":"2020-12-02T12:17:07+07:00","arrivalTime":"2020-12-02T12:44:48+07:00"}}},{"statusCode":200,"response":{"routeSummary":{"lengthInMeters":8217,"travelTimeInSeconds":1562,"trafficDelayInSeconds":0,"departureTime":"2020-12-02T12:17:07+07:00","arrivalTime":"2020-12-02T12:43:08+07:00"}}},{"statusCode":200,"response":{"routeSummary":{"lengthInMeters":9827,"travelTimeInSeconds":2040,"trafficDelayInSeconds":0,"departureTime":"2020-12-02T12:17:07+07:00","arrivalTime":"2020-12-02T12:51:06+07:00"}}},{"statusCode":200,"response":{"routeSummary":{"lengthInMeters":3124,"travelTimeInSeconds":812,"trafficDelayInSeconds":0,"departureTime":"2020-12-02T12:17:07+07:00","arrivalTime":"2020-12-02T12:30:38+07:00"}}},{"statusCode":200,"response":{"routeSummary":{"lengthInMeters":9752,"travelTimeInSeconds":2004,"trafficDelayInSeconds":0,"departureTime":"2020-12-02T12:17:08+07:00","arrivalTime":"2020-12-02T12:50:32+07:00"}}}]],"summary":{"successfulRoutes":6,"totalRoutes":6}}
INFO - 2020-12-02 12:17:08 --> NUM DELIVERY: 4 # LIMIT DELIVERY: 5
INFO - 2020-12-02 12:17:08 --> Key Min: 591, Total Time: 2736
INFO - 2020-12-02 12:17:08 --> PROCESS DRIVER -> 0
INFO - 2020-12-02 12:17:08 --> COUNT MANDATORY: 0, COUNT EXCEPTION: 0
INFO - 2020-12-02 12:17:08 --> Mandatory: []
INFO - 2020-12-02 12:17:08 --> Exception: []
INFO - 2020-12-02 12:17:08 --> DESTINATION LIST : {"584":"3.512107,98.675058","586":"3.567458,98.647036","587":"3.606051,98.627375","588":"3.544960,98.651088","705":"3.529349,98.676531"}
INFO - 2020-12-02 12:17:08 --> EXECUTE SHORTEST MAPS
INFO - 2020-12-02 12:17:08 --> REQUEST POST {"origins":[{"point":{"latitude":3.57856,"longitude":98.688845}}],"destinations":[{"point":{"latitude":3.512107,"longitude":98.675058}},{"point":{"latitude":3.567458,"longitude":98.647036}},{"point":{"latitude":3.606051,"longitude":98.627375}},{"point":{"latitude":3.54496,"longitude":98.651088}},{"point":{"latitude":3.529349,"longitude":98.676531}}]}
INFO - 2020-12-02 12:17:10 --> RESPONSE POST {"formatVersion":"0.0.1","matrix":[[{"statusCode":200,"response":{"routeSummary":{"lengthInMeters":10162,"travelTimeInSeconds":1998,"trafficDelayInSeconds":0,"departureTime":"2020-12-02T12:17:10+07:00","arrivalTime":"2020-12-02T12:50:28+07:00"}}},{"statusCode":200,"response":{"routeSummary":{"lengthInMeters":6309,"travelTimeInSeconds":1331,"trafficDelayInSeconds":0,"departureTime":"2020-12-02T12:17:10+07:00","arrivalTime":"2020-12-02T12:39:20+07:00"}}},{"statusCode":200,"response":{"routeSummary":{"lengthInMeters":10187,"travelTimeInSeconds":2000,"trafficDelayInSeconds":0,"departureTime":"2020-12-02T12:17:10+07:00","arrivalTime":"2020-12-02T12:50:30+07:00"}}},{"statusCode":200,"response":{"routeSummary":{"lengthInMeters":8197,"travelTimeInSeconds":1630,"trafficDelayInSeconds":0,"departureTime":"2020-12-02T12:17:10+07:00","arrivalTime":"2020-12-02T12:44:19+07:00"}}},{"statusCode":200,"response":{"routeSummary":{"lengthInMeters":7402,"travelTimeInSeconds":1535,"trafficDelayInSeconds":0,"departureTime":"2020-12-02T12:17:10+07:00","arrivalTime":"2020-12-02T12:42:45+07:00"}}}]],"summary":{"successfulRoutes":5,"totalRoutes":5}}
INFO - 2020-12-02 12:17:10 --> NUM DELIVERY: 5 # LIMIT DELIVERY: 5
INFO - 2020-12-02 12:17:10 --> Key Min: 586, Total Time: 0
INFO - 2020-12-02 12:17:10 --> PROCESS DRIVER -> 1
INFO - 2020-12-02 12:17:10 --> COUNT MANDATORY: 0, COUNT EXCEPTION: 0
INFO - 2020-12-02 12:17:10 --> Mandatory: []
INFO - 2020-12-02 12:17:10 --> Exception: []
INFO - 2020-12-02 12:17:10 --> DESTINATION LIST : {"584":"3.512107,98.675058","586":"3.567458,98.647036","587":"3.606051,98.627375","588":"3.544960,98.651088","705":"3.529349,98.676531"}
INFO - 2020-12-02 12:17:10 --> EXECUTE SHORTEST MAPS
INFO - 2020-12-02 12:17:10 --> REQUEST POST {"origins":[{"point":{"latitude":3.580994,"longitude":98.662378}}],"destinations":[{"point":{"latitude":3.512107,"longitude":98.675058}},{"point":{"latitude":3.567458,"longitude":98.647036}},{"point":{"latitude":3.606051,"longitude":98.627375}},{"point":{"latitude":3.54496,"longitude":98.651088}},{"point":{"latitude":3.529349,"longitude":98.676531}}]}
INFO - 2020-12-02 12:17:11 --> RESPONSE POST {"formatVersion":"0.0.1","matrix":[[{"statusCode":200,"response":{"routeSummary":{"lengthInMeters":11139,"travelTimeInSeconds":1988,"trafficDelayInSeconds":0,"departureTime":"2020-12-02T12:17:11+07:00","arrivalTime":"2020-12-02T12:50:19+07:00"}}},{"statusCode":200,"response":{"routeSummary":{"lengthInMeters":3301,"travelTimeInSeconds":709,"trafficDelayInSeconds":0,"departureTime":"2020-12-02T12:17:11+07:00","arrivalTime":"2020-12-02T12:29:00+07:00"}}},{"statusCode":200,"response":{"routeSummary":{"lengthInMeters":6772,"travelTimeInSeconds":1305,"trafficDelayInSeconds":0,"departureTime":"2020-12-02T12:17:11+07:00","arrivalTime":"2020-12-02T12:38:55+07:00"}}},{"statusCode":200,"response":{"routeSummary":{"lengthInMeters":5195,"travelTimeInSeconds":1104,"trafficDelayInSeconds":0,"departureTime":"2020-12-02T12:17:11+07:00","arrivalTime":"2020-12-02T12:35:34+07:00"}}},{"statusCode":200,"response":{"routeSummary":{"lengthInMeters":8379,"travelTimeInSeconds":1526,"trafficDelayInSeconds":0,"departureTime":"2020-12-02T12:17:11+07:00","arrivalTime":"2020-12-02T12:42:36+07:00"}}}]],"summary":{"successfulRoutes":5,"totalRoutes":5}}
INFO - 2020-12-02 12:17:11 --> NUM DELIVERY: 0 # LIMIT DELIVERY: 5
INFO - 2020-12-02 12:17:11 --> Key Min: 586, Total Time: 709
INFO - 2020-12-02 12:17:11 --> PROCESS DRIVER -> 1
INFO - 2020-12-02 12:17:11 --> COUNT MANDATORY: 0, COUNT EXCEPTION: 0
INFO - 2020-12-02 12:17:11 --> Mandatory: []
INFO - 2020-12-02 12:17:11 --> Exception: []
INFO - 2020-12-02 12:17:11 --> DESTINATION LIST : {"584":"3.512107,98.675058","587":"3.606051,98.627375","588":"3.544960,98.651088","705":"3.529349,98.676531"}
INFO - 2020-12-02 12:17:11 --> EXECUTE SHORTEST MAPS
INFO - 2020-12-02 12:17:11 --> REQUEST POST {"origins":[{"point":{"latitude":3.567458,"longitude":98.647036}}],"destinations":[{"point":{"latitude":3.512107,"longitude":98.675058}},{"point":{"latitude":3.606051,"longitude":98.627375}},{"point":{"latitude":3.54496,"longitude":98.651088}},{"point":{"latitude":3.529349,"longitude":98.676531}}]}
INFO - 2020-12-02 12:17:12 --> RESPONSE POST {"formatVersion":"0.0.1","matrix":[[{"statusCode":200,"response":{"routeSummary":{"lengthInMeters":13097,"travelTimeInSeconds":1851,"trafficDelayInSeconds":0,"departureTime":"2020-12-02T12:17:12+07:00","arrivalTime":"2020-12-02T12:48:03+07:00"}}},{"statusCode":200,"response":{"routeSummary":{"lengthInMeters":6819,"travelTimeInSeconds":1225,"trafficDelayInSeconds":0,"departureTime":"2020-12-02T12:17:12+07:00","arrivalTime":"2020-12-02T12:37:36+07:00"}}},{"statusCode":200,"response":{"routeSummary":{"lengthInMeters":5831,"travelTimeInSeconds":935,"trafficDelayInSeconds":0,"departureTime":"2020-12-02T12:17:12+07:00","arrivalTime":"2020-12-02T12:32:46+07:00"}}},{"statusCode":200,"response":{"routeSummary":{"lengthInMeters":11207,"travelTimeInSeconds":1507,"trafficDelayInSeconds":0,"departureTime":"2020-12-02T12:17:12+07:00","arrivalTime":"2020-12-02T12:42:19+07:00"}}}]],"summary":{"successfulRoutes":4,"totalRoutes":4}}
INFO - 2020-12-02 12:17:12 --> NUM DELIVERY: 1 # LIMIT DELIVERY: 5
INFO - 2020-12-02 12:17:12 --> Key Min: 588, Total Time: 1644
INFO - 2020-12-02 12:17:12 --> PROCESS DRIVER -> 1
INFO - 2020-12-02 12:17:12 --> COUNT MANDATORY: 0, COUNT EXCEPTION: 0
INFO - 2020-12-02 12:17:12 --> Mandatory: []
INFO - 2020-12-02 12:17:12 --> Exception: []
INFO - 2020-12-02 12:17:12 --> DESTINATION LIST : {"584":"3.512107,98.675058","587":"3.606051,98.627375","705":"3.529349,98.676531"}
INFO - 2020-12-02 12:17:12 --> EXECUTE SHORTEST MAPS
INFO - 2020-12-02 12:17:12 --> REQUEST POST {"origins":[{"point":{"latitude":3.54496,"longitude":98.651088}}],"destinations":[{"point":{"latitude":3.512107,"longitude":98.675058}},{"point":{"latitude":3.606051,"longitude":98.627375}},{"point":{"latitude":3.529349,"longitude":98.676531}}]}
INFO - 2020-12-02 12:17:13 --> RESPONSE POST {"formatVersion":"0.0.1","matrix":[[{"statusCode":200,"response":{"routeSummary":{"lengthInMeters":7344,"travelTimeInSeconds":1168,"trafficDelayInSeconds":0,"departureTime":"2020-12-02T12:17:13+07:00","arrivalTime":"2020-12-02T12:36:41+07:00"}}},{"statusCode":200,"response":{"routeSummary":{"lengthInMeters":9905,"travelTimeInSeconds":1614,"trafficDelayInSeconds":0,"departureTime":"2020-12-02T12:17:13+07:00","arrivalTime":"2020-12-02T12:44:07+07:00"}}},{"statusCode":200,"response":{"routeSummary":{"lengthInMeters":5454,"travelTimeInSeconds":825,"trafficDelayInSeconds":0,"departureTime":"2020-12-02T12:17:13+07:00","arrivalTime":"2020-12-02T12:30:57+07:00"}}}]],"summary":{"successfulRoutes":3,"totalRoutes":3}}
INFO - 2020-12-02 12:17:13 --> NUM DELIVERY: 2 # LIMIT DELIVERY: 5
INFO - 2020-12-02 12:17:13 --> Key Min: 705, Total Time: 2469
INFO - 2020-12-02 12:17:13 --> PROCESS DRIVER -> 1
INFO - 2020-12-02 12:17:13 --> COUNT MANDATORY: 0, COUNT EXCEPTION: 0
INFO - 2020-12-02 12:17:13 --> Mandatory: []
INFO - 2020-12-02 12:17:13 --> Exception: []
INFO - 2020-12-02 12:17:13 --> DESTINATION LIST : {"584":"3.512107,98.675058","587":"3.606051,98.627375"}
INFO - 2020-12-02 12:17:13 --> EXECUTE SHORTEST MAPS
INFO - 2020-12-02 12:17:13 --> REQUEST POST {"origins":[{"point":{"latitude":3.529349,"longitude":98.676531}}],"destinations":[{"point":{"latitude":3.512107,"longitude":98.675058}},{"point":{"latitude":3.606051,"longitude":98.627375}}]}
INFO - 2020-12-02 12:17:14 --> RESPONSE POST {"formatVersion":"0.0.1","matrix":[[{"statusCode":200,"response":{"routeSummary":{"lengthInMeters":2911,"travelTimeInSeconds":565,"trafficDelayInSeconds":0,"departureTime":"2020-12-02T12:17:14+07:00","arrivalTime":"2020-12-02T12:26:39+07:00"}}},{"statusCode":200,"response":{"routeSummary":{"lengthInMeters":14185,"travelTimeInSeconds":2145,"trafficDelayInSeconds":0,"departureTime":"2020-12-02T12:17:14+07:00","arrivalTime":"2020-12-02T12:52:58+07:00"}}}]],"summary":{"successfulRoutes":2,"totalRoutes":2}}
INFO - 2020-12-02 12:17:14 --> NUM DELIVERY: 3 # LIMIT DELIVERY: 5
INFO - 2020-12-02 12:17:14 --> Key Min: 584, Total Time: 3034
INFO - 2020-12-02 12:17:14 --> PROCESS DRIVER -> 1
INFO - 2020-12-02 12:17:14 --> COUNT MANDATORY: 0, COUNT EXCEPTION: 0
INFO - 2020-12-02 12:17:14 --> Mandatory: []
INFO - 2020-12-02 12:17:14 --> Exception: []
INFO - 2020-12-02 12:17:14 --> DESTINATION LIST : {"587":"3.606051,98.627375"}
INFO - 2020-12-02 12:17:14 --> EXECUTE SHORTEST MAPS
INFO - 2020-12-02 12:17:14 --> REQUEST POST {"origins":[{"point":{"latitude":3.512107,"longitude":98.675058}}],"destinations":[{"point":{"latitude":3.606051,"longitude":98.627375}}]}
INFO - 2020-12-02 12:17:15 --> RESPONSE POST {"formatVersion":"0.0.1","matrix":[[{"statusCode":200,"response":{"routeSummary":{"lengthInMeters":16242,"travelTimeInSeconds":2443,"trafficDelayInSeconds":0,"departureTime":"2020-12-02T12:17:16+07:00","arrivalTime":"2020-12-02T12:57:58+07:00"}}}]],"summary":{"successfulRoutes":1,"totalRoutes":1}}
INFO - 2020-12-02 12:17:15 --> NUM DELIVERY: 4 # LIMIT DELIVERY: 5
INFO - 2020-12-02 12:17:15 --> Key Min: 587, Total Time: 0
INFO - 2020-12-02 12:17:15 --> PROCESS DRIVER -> 2
INFO - 2020-12-02 12:17:15 --> COUNT MANDATORY: 0, COUNT EXCEPTION: 0
INFO - 2020-12-02 12:17:15 --> Mandatory: []
INFO - 2020-12-02 12:17:15 --> Exception: []
INFO - 2020-12-02 12:17:15 --> DESTINATION LIST : {"587":"3.606051,98.627375"}
INFO - 2020-12-02 12:17:15 --> EXECUTE SHORTEST MAPS
INFO - 2020-12-02 12:17:15 --> REQUEST POST {"origins":[{"point":{"latitude":3.580994,"longitude":98.662378}}],"destinations":[{"point":{"latitude":3.606051,"longitude":98.627375}}]}
INFO - 2020-12-02 12:17:16 --> RESPONSE POST {"formatVersion":"0.0.1","matrix":[[{"statusCode":200,"response":{"routeSummary":{"lengthInMeters":6772,"travelTimeInSeconds":1305,"trafficDelayInSeconds":0,"departureTime":"2020-12-02T12:17:17+07:00","arrivalTime":"2020-12-02T12:39:01+07:00"}}}]],"summary":{"successfulRoutes":1,"totalRoutes":1}}
INFO - 2020-12-02 12:17:16 --> NUM DELIVERY: 0 # LIMIT DELIVERY: 5
INFO - 2020-12-02 12:17:16 --> Key Min: 587, Total Time: 1305
INFO - 2020-12-02 12:17:23 --> Session: Class initialized using 'CodeIgniter\Session\Handlers\FileHandler' driver.
INFO - 2020-12-02 12:19:32 --> Session: Class initialized using 'CodeIgniter\Session\Handlers\FileHandler' driver.
INFO - 2020-12-02 12:20:30 --> Session: Class initialized using 'CodeIgniter\Session\Handlers\FileHandler' driver.
INFO - 2020-12-02 12:22:00 --> Session: Class initialized using 'CodeIgniter\Session\Handlers\FileHandler' driver.
INFO - 2020-12-02 12:24:03 --> Session: Class initialized using 'CodeIgniter\Session\Handlers\FileHandler' driver.
INFO - 2020-12-02 12:24:23 --> Session: Class initialized using 'CodeIgniter\Session\Handlers\FileHandler' driver.
INFO - 2020-12-02 12:25:01 --> Session: Class initialized using 'CodeIgniter\Session\Handlers\FileHandler' driver.
INFO - 2020-12-02 12:26:03 --> Session: Class initialized using 'CodeIgniter\Session\Handlers\FileHandler' driver.
INFO - 2020-12-02 12:28:56 --> Session: Class initialized using 'CodeIgniter\Session\Handlers\FileHandler' driver.
INFO - 2020-12-02 12:29:43 --> Session: Class initialized using 'CodeIgniter\Session\Handlers\FileHandler' driver.
