INFO - 2020-12-01 22:44:40 --> Session: Class initialized using 'CodeIgniter\Session\Handlers\FileHandler' driver.
INFO - 2020-12-01 22:44:40 --> Session: Class initialized using 'CodeIgniter\Session\Handlers\FileHandler' driver.
INFO - 2020-12-01 22:45:19 --> Session: Class initialized using 'CodeIgniter\Session\Handlers\FileHandler' driver.
INFO - 2020-12-01 22:45:20 --> Session: Class initialized using 'CodeIgniter\Session\Handlers\FileHandler' driver.
INFO - 2020-12-01 22:45:27 --> Session: Class initialized using 'CodeIgniter\Session\Handlers\FileHandler' driver.
INFO - 2020-12-01 22:45:29 --> Session: Class initialized using 'CodeIgniter\Session\Handlers\FileHandler' driver.
INFO - 2020-12-01 22:45:30 --> Session: Class initialized using 'CodeIgniter\Session\Handlers\FileHandler' driver.
INFO - 2020-12-01 22:57:40 --> Session: Class initialized using 'CodeIgniter\Session\Handlers\FileHandler' driver.
INFO - 2020-12-01 22:59:05 --> Session: Class initialized using 'CodeIgniter\Session\Handlers\FileHandler' driver.
INFO - 2020-12-01 23:00:11 --> Session: Class initialized using 'CodeIgniter\Session\Handlers\FileHandler' driver.
INFO - 2020-12-01 23:00:16 --> Session: Class initialized using 'CodeIgniter\Session\Handlers\FileHandler' driver.
INFO - 2020-12-01 23:01:39 --> Session: Class initialized using 'CodeIgniter\Session\Handlers\FileHandler' driver.
INFO - 2020-12-01 23:03:40 --> Session: Class initialized using 'CodeIgniter\Session\Handlers\FileHandler' driver.
INFO - 2020-12-01 23:05:21 --> Session: Class initialized using 'CodeIgniter\Session\Handlers\FileHandler' driver.
INFO - 2020-12-01 23:06:12 --> Session: Class initialized using 'CodeIgniter\Session\Handlers\FileHandler' driver.
INFO - 2020-12-01 23:06:33 --> Session: Class initialized using 'CodeIgniter\Session\Handlers\FileHandler' driver.
INFO - 2020-12-01 23:06:43 --> Session: Class initialized using 'CodeIgniter\Session\Handlers\FileHandler' driver.
INFO - 2020-12-01 23:06:59 --> Session: Class initialized using 'CodeIgniter\Session\Handlers\FileHandler' driver.
INFO - 2020-12-01 23:07:31 --> Session: Class initialized using 'CodeIgniter\Session\Handlers\FileHandler' driver.
INFO - 2020-12-01 23:07:47 --> Session: Class initialized using 'CodeIgniter\Session\Handlers\FileHandler' driver.
INFO - 2020-12-01 23:08:29 --> Session: Class initialized using 'CodeIgniter\Session\Handlers\FileHandler' driver.
INFO - 2020-12-01 23:08:48 --> Session: Class initialized using 'CodeIgniter\Session\Handlers\FileHandler' driver.
INFO - 2020-12-01 23:11:10 --> Session: Class initialized using 'CodeIgniter\Session\Handlers\FileHandler' driver.
INFO - 2020-12-01 23:11:19 --> Session: Class initialized using 'CodeIgniter\Session\Handlers\FileHandler' driver.
INFO - 2020-12-01 23:11:25 --> Session: Class initialized using 'CodeIgniter\Session\Handlers\FileHandler' driver.
INFO - 2020-12-01 23:12:11 --> Session: Class initialized using 'CodeIgniter\Session\Handlers\FileHandler' driver.
INFO - 2020-12-01 23:13:20 --> Session: Class initialized using 'CodeIgniter\Session\Handlers\FileHandler' driver.
INFO - 2020-12-01 23:14:18 --> Session: Class initialized using 'CodeIgniter\Session\Handlers\FileHandler' driver.
INFO - 2020-12-01 23:14:43 --> Session: Class initialized using 'CodeIgniter\Session\Handlers\FileHandler' driver.
INFO - 2020-12-01 23:15:01 --> Session: Class initialized using 'CodeIgniter\Session\Handlers\FileHandler' driver.
INFO - 2020-12-01 23:15:09 --> Session: Class initialized using 'CodeIgniter\Session\Handlers\FileHandler' driver.
INFO - 2020-12-01 23:15:17 --> Session: Class initialized using 'CodeIgniter\Session\Handlers\FileHandler' driver.
INFO - 2020-12-01 23:15:55 --> Session: Class initialized using 'CodeIgniter\Session\Handlers\FileHandler' driver.
INFO - 2020-12-01 23:16:12 --> Session: Class initialized using 'CodeIgniter\Session\Handlers\FileHandler' driver.
INFO - 2020-12-01 23:16:40 --> Session: Class initialized using 'CodeIgniter\Session\Handlers\FileHandler' driver.
INFO - 2020-12-01 23:18:28 --> Session: Class initialized using 'CodeIgniter\Session\Handlers\FileHandler' driver.
INFO - 2020-12-01 23:18:41 --> Session: Class initialized using 'CodeIgniter\Session\Handlers\FileHandler' driver.
INFO - 2020-12-01 23:19:09 --> Session: Class initialized using 'CodeIgniter\Session\Handlers\FileHandler' driver.
INFO - 2020-12-01 23:19:11 --> Session: Class initialized using 'CodeIgniter\Session\Handlers\FileHandler' driver.
INFO - 2020-12-01 23:19:12 --> Session: Class initialized using 'CodeIgniter\Session\Handlers\FileHandler' driver.
INFO - 2020-12-01 23:19:28 --> Session: Class initialized using 'CodeIgniter\Session\Handlers\FileHandler' driver.
INFO - 2020-12-01 23:19:52 --> Session: Class initialized using 'CodeIgniter\Session\Handlers\FileHandler' driver.
CRITICAL - 2020-12-01 23:19:52 --> Invalid file: Admin/Shopping_list_view_2.php
#0 C:\xampp\htdocs\internal-nutrilo\vendor\codeigniter4\framework\system\View\View.php(228): CodeIgniter\Exceptions\FrameworkException::forInvalidFile('Admin/Shopping_...')
#1 C:\xampp\htdocs\internal-nutrilo\vendor\codeigniter4\framework\system\Common.php(1119): CodeIgniter\View\View->render('Admin/Shopping_...', Array, true)
#2 C:\xampp\htdocs\internal-nutrilo\app\Controllers\Admin\Shopping.php(305): view('Admin/Shopping_...', Array)
#3 C:\xampp\htdocs\internal-nutrilo\vendor\codeigniter4\framework\system\CodeIgniter.php(918): App\Controllers\Admin\Shopping->shoppingAction()
#4 C:\xampp\htdocs\internal-nutrilo\vendor\codeigniter4\framework\system\CodeIgniter.php(404): CodeIgniter\CodeIgniter->runController(Object(App\Controllers\Admin\Shopping))
#5 C:\xampp\htdocs\internal-nutrilo\vendor\codeigniter4\framework\system\CodeIgniter.php(312): CodeIgniter\CodeIgniter->handleRequest(NULL, Object(Config\Cache), false)
#6 C:\xampp\htdocs\internal-nutrilo\public\index.php(45): CodeIgniter\CodeIgniter->run()
#7 C:\xampp\htdocs\internal-nutrilo\vendor\codeigniter4\framework\system\Commands\Server\rewrite.php(34): require_once('C:\\xampp\\htdocs...')
#8 {main}
INFO - 2020-12-01 23:20:24 --> Session: Class initialized using 'CodeIgniter\Session\Handlers\FileHandler' driver.
INFO - 2020-12-01 23:20:39 --> Session: Class initialized using 'CodeIgniter\Session\Handlers\FileHandler' driver.
INFO - 2020-12-01 23:20:46 --> Session: Class initialized using 'CodeIgniter\Session\Handlers\FileHandler' driver.
INFO - 2020-12-01 23:20:55 --> Session: Class initialized using 'CodeIgniter\Session\Handlers\FileHandler' driver.
INFO - 2020-12-01 23:21:16 --> Session: Class initialized using 'CodeIgniter\Session\Handlers\FileHandler' driver.
INFO - 2020-12-01 23:22:05 --> Session: Class initialized using 'CodeIgniter\Session\Handlers\FileHandler' driver.
INFO - 2020-12-01 23:22:16 --> Session: Class initialized using 'CodeIgniter\Session\Handlers\FileHandler' driver.
INFO - 2020-12-01 23:22:28 --> Session: Class initialized using 'CodeIgniter\Session\Handlers\FileHandler' driver.
INFO - 2020-12-01 23:29:09 --> Session: Class initialized using 'CodeIgniter\Session\Handlers\FileHandler' driver.
INFO - 2020-12-01 23:29:21 --> Session: Class initialized using 'CodeIgniter\Session\Handlers\FileHandler' driver.
INFO - 2020-12-01 23:31:24 --> Session: Class initialized using 'CodeIgniter\Session\Handlers\FileHandler' driver.
INFO - 2020-12-01 23:33:31 --> Session: Class initialized using 'CodeIgniter\Session\Handlers\FileHandler' driver.
INFO - 2020-12-01 23:39:12 --> Session: Class initialized using 'CodeIgniter\Session\Handlers\FileHandler' driver.
INFO - 2020-12-01 23:39:13 --> Session: Class initialized using 'CodeIgniter\Session\Handlers\FileHandler' driver.
CRITICAL - 2020-12-01 23:39:13 --> Call to a member function orderBy() on array
#0 C:\xampp\htdocs\internal-nutrilo\app\Controllers\Admin\Shopping.php(290): App\Models\Admin\Ingredients_data_model->getIngredients()
#1 C:\xampp\htdocs\internal-nutrilo\vendor\codeigniter4\framework\system\CodeIgniter.php(918): App\Controllers\Admin\Shopping->shoppingAction()
#2 C:\xampp\htdocs\internal-nutrilo\vendor\codeigniter4\framework\system\CodeIgniter.php(404): CodeIgniter\CodeIgniter->runController(Object(App\Controllers\Admin\Shopping))
#3 C:\xampp\htdocs\internal-nutrilo\vendor\codeigniter4\framework\system\CodeIgniter.php(312): CodeIgniter\CodeIgniter->handleRequest(NULL, Object(Config\Cache), false)
#4 C:\xampp\htdocs\internal-nutrilo\public\index.php(45): CodeIgniter\CodeIgniter->run()
#5 C:\xampp\htdocs\internal-nutrilo\vendor\codeigniter4\framework\system\Commands\Server\rewrite.php(34): require_once('C:\\xampp\\htdocs...')
#6 {main}
INFO - 2020-12-01 23:40:29 --> Session: Class initialized using 'CodeIgniter\Session\Handlers\FileHandler' driver.
INFO - 2020-12-01 23:40:31 --> Session: Class initialized using 'CodeIgniter\Session\Handlers\FileHandler' driver.
CRITICAL - 2020-12-01 23:40:32 --> Cannot use object of type App\Models\Admin\Ingredients_data_model as array
#0 C:\xampp\htdocs\internal-nutrilo\vendor\codeigniter4\framework\system\View\View.php(246): include()
#1 C:\xampp\htdocs\internal-nutrilo\vendor\codeigniter4\framework\system\Common.php(1119): CodeIgniter\View\View->render('Admin/Shopping_...', Array, true)
#2 C:\xampp\htdocs\internal-nutrilo\app\Controllers\Admin\Shopping.php(346): view('Admin/Shopping_...', Array)
#3 C:\xampp\htdocs\internal-nutrilo\vendor\codeigniter4\framework\system\CodeIgniter.php(918): App\Controllers\Admin\Shopping->shoppingActionAdd()
#4 C:\xampp\htdocs\internal-nutrilo\vendor\codeigniter4\framework\system\CodeIgniter.php(404): CodeIgniter\CodeIgniter->runController(Object(App\Controllers\Admin\Shopping))
#5 C:\xampp\htdocs\internal-nutrilo\vendor\codeigniter4\framework\system\CodeIgniter.php(312): CodeIgniter\CodeIgniter->handleRequest(NULL, Object(Config\Cache), false)
#6 C:\xampp\htdocs\internal-nutrilo\public\index.php(45): CodeIgniter\CodeIgniter->run()
#7 C:\xampp\htdocs\internal-nutrilo\vendor\codeigniter4\framework\system\Commands\Server\rewrite.php(34): require_once('C:\\xampp\\htdocs...')
#8 {main}
INFO - 2020-12-01 23:40:41 --> Session: Class initialized using 'CodeIgniter\Session\Handlers\FileHandler' driver.
INFO - 2020-12-01 23:40:43 --> Session: Class initialized using 'CodeIgniter\Session\Handlers\FileHandler' driver.
INFO - 2020-12-01 23:40:46 --> Session: Class initialized using 'CodeIgniter\Session\Handlers\FileHandler' driver.
INFO - 2020-12-01 23:40:47 --> Session: Class initialized using 'CodeIgniter\Session\Handlers\FileHandler' driver.
INFO - 2020-12-01 23:40:48 --> Session: Class initialized using 'CodeIgniter\Session\Handlers\FileHandler' driver.
INFO - 2020-12-01 23:42:09 --> Session: Class initialized using 'CodeIgniter\Session\Handlers\FileHandler' driver.
CRITICAL - 2020-12-01 23:42:09 --> Cannot use object of type mysqli as array
#0 C:\xampp\htdocs\internal-nutrilo\vendor\codeigniter4\framework\system\View\View.php(246): include()
#1 C:\xampp\htdocs\internal-nutrilo\vendor\codeigniter4\framework\system\Common.php(1119): CodeIgniter\View\View->render('Admin/Shopping_...', Array, true)
#2 C:\xampp\htdocs\internal-nutrilo\app\Controllers\Admin\Shopping.php(96): view('Admin/Shopping_...', Array)
#3 C:\xampp\htdocs\internal-nutrilo\vendor\codeigniter4\framework\system\CodeIgniter.php(918): App\Controllers\Admin\Shopping->shoppingPlanAdd()
#4 C:\xampp\htdocs\internal-nutrilo\vendor\codeigniter4\framework\system\CodeIgniter.php(404): CodeIgniter\CodeIgniter->runController(Object(App\Controllers\Admin\Shopping))
#5 C:\xampp\htdocs\internal-nutrilo\vendor\codeigniter4\framework\system\CodeIgniter.php(312): CodeIgniter\CodeIgniter->handleRequest(NULL, Object(Config\Cache), false)
#6 C:\xampp\htdocs\internal-nutrilo\public\index.php(45): CodeIgniter\CodeIgniter->run()
#7 C:\xampp\htdocs\internal-nutrilo\vendor\codeigniter4\framework\system\Commands\Server\rewrite.php(34): require_once('C:\\xampp\\htdocs...')
#8 {main}
INFO - 2020-12-01 23:42:18 --> Session: Class initialized using 'CodeIgniter\Session\Handlers\FileHandler' driver.
CRITICAL - 2020-12-01 23:42:18 --> Cannot use object of type stdClass as array
#0 C:\xampp\htdocs\internal-nutrilo\vendor\codeigniter4\framework\system\View\View.php(246): include()
#1 C:\xampp\htdocs\internal-nutrilo\vendor\codeigniter4\framework\system\Common.php(1119): CodeIgniter\View\View->render('Admin/Shopping_...', Array, true)
#2 C:\xampp\htdocs\internal-nutrilo\app\Controllers\Admin\Shopping.php(96): view('Admin/Shopping_...', Array)
#3 C:\xampp\htdocs\internal-nutrilo\vendor\codeigniter4\framework\system\CodeIgniter.php(918): App\Controllers\Admin\Shopping->shoppingPlanAdd()
#4 C:\xampp\htdocs\internal-nutrilo\vendor\codeigniter4\framework\system\CodeIgniter.php(404): CodeIgniter\CodeIgniter->runController(Object(App\Controllers\Admin\Shopping))
#5 C:\xampp\htdocs\internal-nutrilo\vendor\codeigniter4\framework\system\CodeIgniter.php(312): CodeIgniter\CodeIgniter->handleRequest(NULL, Object(Config\Cache), false)
#6 C:\xampp\htdocs\internal-nutrilo\public\index.php(45): CodeIgniter\CodeIgniter->run()
#7 C:\xampp\htdocs\internal-nutrilo\vendor\codeigniter4\framework\system\Commands\Server\rewrite.php(34): require_once('C:\\xampp\\htdocs...')
#8 {main}
INFO - 2020-12-01 23:42:25 --> Session: Class initialized using 'CodeIgniter\Session\Handlers\FileHandler' driver.
CRITICAL - 2020-12-01 23:42:25 --> Illegal string offset 'unit_id'
#0 C:\xampp\htdocs\internal-nutrilo\app\Views\Admin\Shopping_plan_add_view.php(114): CodeIgniter\Debug\Exceptions->errorHandler(2, 'Illegal string ...', 'C:\\xampp\\htdocs...', 114, Array)
#1 C:\xampp\htdocs\internal-nutrilo\vendor\codeigniter4\framework\system\View\View.php(246): include('C:\\xampp\\htdocs...')
#2 C:\xampp\htdocs\internal-nutrilo\vendor\codeigniter4\framework\system\Common.php(1119): CodeIgniter\View\View->render('Admin/Shopping_...', Array, true)
#3 C:\xampp\htdocs\internal-nutrilo\app\Controllers\Admin\Shopping.php(96): view('Admin/Shopping_...', Array)
#4 C:\xampp\htdocs\internal-nutrilo\vendor\codeigniter4\framework\system\CodeIgniter.php(918): App\Controllers\Admin\Shopping->shoppingPlanAdd()
#5 C:\xampp\htdocs\internal-nutrilo\vendor\codeigniter4\framework\system\CodeIgniter.php(404): CodeIgniter\CodeIgniter->runController(Object(App\Controllers\Admin\Shopping))
#6 C:\xampp\htdocs\internal-nutrilo\vendor\codeigniter4\framework\system\CodeIgniter.php(312): CodeIgniter\CodeIgniter->handleRequest(NULL, Object(Config\Cache), false)
#7 C:\xampp\htdocs\internal-nutrilo\public\index.php(45): CodeIgniter\CodeIgniter->run()
#8 C:\xampp\htdocs\internal-nutrilo\vendor\codeigniter4\framework\system\Commands\Server\rewrite.php(34): require_once('C:\\xampp\\htdocs...')
#9 {main}
INFO - 2020-12-01 23:43:34 --> Session: Class initialized using 'CodeIgniter\Session\Handlers\FileHandler' driver.
CRITICAL - 2020-12-01 23:43:34 --> Cannot use object of type mysqli as array
#0 C:\xampp\htdocs\internal-nutrilo\vendor\codeigniter4\framework\system\View\View.php(246): include()
#1 C:\xampp\htdocs\internal-nutrilo\vendor\codeigniter4\framework\system\Common.php(1119): CodeIgniter\View\View->render('Admin/Shopping_...', Array, true)
#2 C:\xampp\htdocs\internal-nutrilo\app\Controllers\Admin\Shopping.php(96): view('Admin/Shopping_...', Array)
#3 C:\xampp\htdocs\internal-nutrilo\vendor\codeigniter4\framework\system\CodeIgniter.php(918): App\Controllers\Admin\Shopping->shoppingPlanAdd()
#4 C:\xampp\htdocs\internal-nutrilo\vendor\codeigniter4\framework\system\CodeIgniter.php(404): CodeIgniter\CodeIgniter->runController(Object(App\Controllers\Admin\Shopping))
#5 C:\xampp\htdocs\internal-nutrilo\vendor\codeigniter4\framework\system\CodeIgniter.php(312): CodeIgniter\CodeIgniter->handleRequest(NULL, Object(Config\Cache), false)
#6 C:\xampp\htdocs\internal-nutrilo\public\index.php(45): CodeIgniter\CodeIgniter->run()
#7 C:\xampp\htdocs\internal-nutrilo\vendor\codeigniter4\framework\system\Commands\Server\rewrite.php(34): require_once('C:\\xampp\\htdocs...')
#8 {main}
INFO - 2020-12-01 23:43:47 --> Session: Class initialized using 'CodeIgniter\Session\Handlers\FileHandler' driver.
CRITICAL - 2020-12-01 23:43:47 --> Cannot use object of type stdClass as array
#0 C:\xampp\htdocs\internal-nutrilo\vendor\codeigniter4\framework\system\View\View.php(246): include()
#1 C:\xampp\htdocs\internal-nutrilo\vendor\codeigniter4\framework\system\Common.php(1119): CodeIgniter\View\View->render('Admin/Shopping_...', Array, true)
#2 C:\xampp\htdocs\internal-nutrilo\app\Controllers\Admin\Shopping.php(96): view('Admin/Shopping_...', Array)
#3 C:\xampp\htdocs\internal-nutrilo\vendor\codeigniter4\framework\system\CodeIgniter.php(918): App\Controllers\Admin\Shopping->shoppingPlanAdd()
#4 C:\xampp\htdocs\internal-nutrilo\vendor\codeigniter4\framework\system\CodeIgniter.php(404): CodeIgniter\CodeIgniter->runController(Object(App\Controllers\Admin\Shopping))
#5 C:\xampp\htdocs\internal-nutrilo\vendor\codeigniter4\framework\system\CodeIgniter.php(312): CodeIgniter\CodeIgniter->handleRequest(NULL, Object(Config\Cache), false)
#6 C:\xampp\htdocs\internal-nutrilo\public\index.php(45): CodeIgniter\CodeIgniter->run()
#7 C:\xampp\htdocs\internal-nutrilo\vendor\codeigniter4\framework\system\Commands\Server\rewrite.php(34): require_once('C:\\xampp\\htdocs...')
#8 {main}
INFO - 2020-12-01 23:43:58 --> Session: Class initialized using 'CodeIgniter\Session\Handlers\FileHandler' driver.
CRITICAL - 2020-12-01 23:43:58 --> Call to undefined method App\Models\Admin\Ingredients_data_model::getRow
#0 C:\xampp\htdocs\internal-nutrilo\app\Models\Admin\Ingredients_data_model.php(14): CodeIgniter\Model->__call('getRow', Array)
#1 C:\xampp\htdocs\internal-nutrilo\app\Controllers\Admin\Shopping.php(83): App\Models\Admin\Ingredients_data_model->getIngredients()
#2 C:\xampp\htdocs\internal-nutrilo\vendor\codeigniter4\framework\system\CodeIgniter.php(918): App\Controllers\Admin\Shopping->shoppingPlanAdd()
#3 C:\xampp\htdocs\internal-nutrilo\vendor\codeigniter4\framework\system\CodeIgniter.php(404): CodeIgniter\CodeIgniter->runController(Object(App\Controllers\Admin\Shopping))
#4 C:\xampp\htdocs\internal-nutrilo\vendor\codeigniter4\framework\system\CodeIgniter.php(312): CodeIgniter\CodeIgniter->handleRequest(NULL, Object(Config\Cache), false)
#5 C:\xampp\htdocs\internal-nutrilo\public\index.php(45): CodeIgniter\CodeIgniter->run()
#6 C:\xampp\htdocs\internal-nutrilo\vendor\codeigniter4\framework\system\Commands\Server\rewrite.php(34): require_once('C:\\xampp\\htdocs...')
#7 {main}
INFO - 2020-12-01 23:44:19 --> Session: Class initialized using 'CodeIgniter\Session\Handlers\FileHandler' driver.
CRITICAL - 2020-12-01 23:44:19 --> Cannot use object of type stdClass as array
#0 C:\xampp\htdocs\internal-nutrilo\vendor\codeigniter4\framework\system\View\View.php(246): include()
#1 C:\xampp\htdocs\internal-nutrilo\vendor\codeigniter4\framework\system\Common.php(1119): CodeIgniter\View\View->render('Admin/Shopping_...', Array, true)
#2 C:\xampp\htdocs\internal-nutrilo\app\Controllers\Admin\Shopping.php(96): view('Admin/Shopping_...', Array)
#3 C:\xampp\htdocs\internal-nutrilo\vendor\codeigniter4\framework\system\CodeIgniter.php(918): App\Controllers\Admin\Shopping->shoppingPlanAdd()
#4 C:\xampp\htdocs\internal-nutrilo\vendor\codeigniter4\framework\system\CodeIgniter.php(404): CodeIgniter\CodeIgniter->runController(Object(App\Controllers\Admin\Shopping))
#5 C:\xampp\htdocs\internal-nutrilo\vendor\codeigniter4\framework\system\CodeIgniter.php(312): CodeIgniter\CodeIgniter->handleRequest(NULL, Object(Config\Cache), false)
#6 C:\xampp\htdocs\internal-nutrilo\public\index.php(45): CodeIgniter\CodeIgniter->run()
#7 C:\xampp\htdocs\internal-nutrilo\vendor\codeigniter4\framework\system\Commands\Server\rewrite.php(34): require_once('C:\\xampp\\htdocs...')
#8 {main}
INFO - 2020-12-01 23:45:28 --> Session: Class initialized using 'CodeIgniter\Session\Handlers\FileHandler' driver.
CRITICAL - 2020-12-01 23:45:29 --> Call to undefined method CodeIgniter\Database\MySQLi\Result::result()
#0 C:\xampp\htdocs\internal-nutrilo\app\Controllers\Admin\Shopping.php(83): App\Models\Admin\Ingredients_data_model->getIngredients()
#1 C:\xampp\htdocs\internal-nutrilo\vendor\codeigniter4\framework\system\CodeIgniter.php(918): App\Controllers\Admin\Shopping->shoppingPlanAdd()
#2 C:\xampp\htdocs\internal-nutrilo\vendor\codeigniter4\framework\system\CodeIgniter.php(404): CodeIgniter\CodeIgniter->runController(Object(App\Controllers\Admin\Shopping))
#3 C:\xampp\htdocs\internal-nutrilo\vendor\codeigniter4\framework\system\CodeIgniter.php(312): CodeIgniter\CodeIgniter->handleRequest(NULL, Object(Config\Cache), false)
#4 C:\xampp\htdocs\internal-nutrilo\public\index.php(45): CodeIgniter\CodeIgniter->run()
#5 C:\xampp\htdocs\internal-nutrilo\vendor\codeigniter4\framework\system\Commands\Server\rewrite.php(34): require_once('C:\\xampp\\htdocs...')
#6 {main}
INFO - 2020-12-01 23:46:06 --> Session: Class initialized using 'CodeIgniter\Session\Handlers\FileHandler' driver.
